<?xml version="1.0" encoding="UTF-8"?>
<!-- Generated by org.testng.reporters.JUnitXMLReporter -->
<testsuite hostname="DESKTOP-JEV6767" ignored="0" name=" CVS ExtraCareTest" tests="4" failures="0" timestamp="18 Oct 2018 06:21:31 GMT" time="52.33" errors="0">
  <testcase name="verifyExtraCarePageTitleTest" time="2.768" classname="com.cvs.qa.testcases.ExtraCareTest"/>
  <testcase name="verifyExtraCareSignInTest" time="3.828" classname="com.cvs.qa.testcases.ExtraCareTest">
    <skipped/>
  </testcase> <!-- verifyExtraCareSignInTest -->
  <testcase name="verifyExtraCareSignInTest" time="6.816" classname="com.cvs.qa.testcases.ExtraCareTest"/>
  <testcase name="verifyExtraCareShoppingCartTest" time="4.477" classname="com.cvs.qa.testcases.ExtraCareTest"/>
</testsuite> <!--  CVS ExtraCareTest -->
