<?xml version="1.0" encoding="UTF-8"?>
<!-- Generated by org.testng.reporters.JUnitXMLReporter -->
<testsuite hostname="DESKTOP-JEV6767" ignored="0" name=" CVS RegistrationPageTest" tests="9" failures="0" timestamp="20 Jan 2019 16:26:36 GMT" time="164.954" errors="0">
  <testcase name="verifyRegistrationPageTitle" time="1.988" classname="com.cvs.qa.testcases.RegistrationTest"/>
  <testcase name="registerCustomer" time="16.517" classname="com.cvs.qa.testcases.RegistrationTest"/>
  <testcase name="registerMultipleCustomer" time="13.276" classname="com.cvs.qa.testcases.RegistrationTest"/>
  <testcase name="registerMultipleCustomer" time="13.373" classname="com.cvs.qa.testcases.RegistrationTest"/>
  <testcase name="registerMultipleCustomer" time="13.718" classname="com.cvs.qa.testcases.RegistrationTest"/>
  <testcase name="registerMultipleCustomer" time="13.154" classname="com.cvs.qa.testcases.RegistrationTest"/>
  <testcase name="registerMultipleCustomer" time="13.787" classname="com.cvs.qa.testcases.RegistrationTest"/>
  <testcase name="registerMultipleCustomer" time="13.052" classname="com.cvs.qa.testcases.RegistrationTest"/>
  <testcase name="registerMultipleCustomer" time="13.206" classname="com.cvs.qa.testcases.RegistrationTest"/>
</testsuite> <!--  CVS RegistrationPageTest -->
