<?xml version="1.0" encoding="UTF-8"?>
<!-- Generated by org.testng.reporters.JUnitXMLReporter -->
<testsuite hostname="DESKTOP-JEV6767" ignored="0" name=" CVS ExtraCareTest" tests="3" failures="0" timestamp="05 Nov 2018 03:24:12 GMT" time="31.031" errors="0">
  <testcase name="verifyExtraCarePageTitleTest" time="1.954" classname="com.cvs.qa.testcases.ExtraCareTest"/>
  <testcase name="verifyExtraCareSignInTest" time="4.976" classname="com.cvs.qa.testcases.ExtraCareTest"/>
  <testcase name="verifyExtraCareShoppingCartTest" time="2.55" classname="com.cvs.qa.testcases.ExtraCareTest"/>
</testsuite> <!--  CVS ExtraCareTest -->
