<?xml version="1.0" encoding="UTF-8"?>
<!-- Generated by org.testng.reporters.JUnitXMLReporter -->
<testsuite hostname="DESKTOP-JEV6767" ignored="0" name=" CVS RegistrationPageTest" tests="9" failures="0" timestamp="09 Nov 2018 04:04:26 GMT" time="224.969" errors="0">
  <testcase name="verifyRegistrationPageTitle" time="2.791" classname="com.cvs.qa.testcases.RegistrationTest"/>
  <testcase name="registerCustomer" time="20.45" classname="com.cvs.qa.testcases.RegistrationTest"/>
  <testcase name="registerMultipleCustomer" time="19.818" classname="com.cvs.qa.testcases.RegistrationTest"/>
  <testcase name="registerMultipleCustomer" time="17.789" classname="com.cvs.qa.testcases.RegistrationTest"/>
  <testcase name="registerMultipleCustomer" time="17.195" classname="com.cvs.qa.testcases.RegistrationTest"/>
  <testcase name="registerMultipleCustomer" time="16.821" classname="com.cvs.qa.testcases.RegistrationTest"/>
  <testcase name="registerMultipleCustomer" time="17.681" classname="com.cvs.qa.testcases.RegistrationTest"/>
  <testcase name="registerMultipleCustomer" time="17.054" classname="com.cvs.qa.testcases.RegistrationTest"/>
  <testcase name="registerMultipleCustomer" time="17.221" classname="com.cvs.qa.testcases.RegistrationTest"/>
</testsuite> <!--  CVS RegistrationPageTest -->
