<?xml version="1.0" encoding="UTF-8"?>
<!-- Generated by org.testng.reporters.JUnitXMLReporter -->
<testsuite hostname="DESKTOP-JEV6767" ignored="0" name=" CVS SignUp4DealTest" tests="4" failures="0" timestamp="07 Mar 2019 07:49:12 GMT" time="36.799" errors="0">
  <testcase name="verifyPageTitleTest" time="2.314" classname="com.cvs.qa.testcases.SignUp4DealTest">
    <skipped/>
  </testcase> <!-- verifyPageTitleTest -->
  <testcase name="verifyPageTitleTest" time="4.262" classname="com.cvs.qa.testcases.SignUp4DealTest"/>
  <testcase name="verifySignUp4DealsTest" time="11.187" classname="com.cvs.qa.testcases.SignUp4DealTest"/>
  <testcase name="verifySignU4DealsExcelDataTest" time="0.0" classname="com.cvs.qa.testcases.SignUp4DealTest">
    <skipped/>
  </testcase> <!-- verifySignU4DealsExcelDataTest -->
</testsuite> <!--  CVS SignUp4DealTest -->
