<?xml version="1.0" encoding="UTF-8"?>
<!-- Generated by org.testng.reporters.JUnitXMLReporter -->
<testsuite hostname="DESKTOP-JEV6767" ignored="0" name=" CVS HomePageTest" tests="11" failures="0" timestamp="31 Jan 2019 07:08:06 GMT" time="144.912" errors="0">
  <testcase name="verifyHomePageTitleTest" time="0.022" classname="com.cvs.qa.testcases.HomePageTest"/>
  <testcase name="verifyHomePageLogoTest" time="0.17" classname="com.cvs.qa.testcases.HomePageTest"/>
  <testcase name="verifySearchBoxTest" time="0.413" classname="com.cvs.qa.testcases.HomePageTest"/>
  <testcase name="verifyPharmacyLinkTest" time="4.09" classname="com.cvs.qa.testcases.HomePageTest"/>
  <testcase name="verifyMinuteClinicLinkTest" time="8.671" classname="com.cvs.qa.testcases.HomePageTest"/>
  <testcase name="verifyShopLinkTest" time="4.853" classname="com.cvs.qa.testcases.HomePageTest"/>
  <testcase name="verifyExtraCareLinkTest" time="2.04" classname="com.cvs.qa.testcases.HomePageTest"/>
  <testcase name="verifyContactLensesTest" time="3.27" classname="com.cvs.qa.testcases.HomePageTest"/>
  <testcase name="verifyPhotoLinkTest" time="5.787" classname="com.cvs.qa.testcases.HomePageTest"/>
  <testcase name="verifyStoreLocatorTest" time="11.197" classname="com.cvs.qa.testcases.HomePageTest"/>
  <testcase name="verifyStoreLocator24HrsStoreTest" time="10.837" classname="com.cvs.qa.testcases.HomePageTest"/>
</testsuite> <!--  CVS HomePageTest -->
