<?xml version="1.0" encoding="UTF-8"?>
<!-- Generated by org.testng.reporters.JUnitXMLReporter -->
<testsuite hostname="DESKTOP-JEV6767" ignored="0" name=" CVS ExtraCareTest" tests="5" failures="0" timestamp="09 Nov 2018 04:21:37 GMT" time="80.927" errors="0">
  <testcase name="verifyExtraCarePageTitleTest" time="1.164" classname="com.cvs.qa.testcases.ExtraCareTest"/>
  <testcase name="verifyExtraCareSignInTest" time="4.547" classname="com.cvs.qa.testcases.ExtraCareTest"/>
  <testcase name="verifyExtraCareShoppingCartTest" time="20.415" classname="com.cvs.qa.testcases.ExtraCareTest">
    <skipped/>
  </testcase> <!-- verifyExtraCareShoppingCartTest -->
  <testcase name="verifyExtraCareShoppingCartTest" time="20.457" classname="com.cvs.qa.testcases.ExtraCareTest">
    <skipped/>
  </testcase> <!-- verifyExtraCareShoppingCartTest -->
  <testcase name="verifyExtraCareShoppingCartTest" time="2.208" classname="com.cvs.qa.testcases.ExtraCareTest"/>
</testsuite> <!--  CVS ExtraCareTest -->
