<?xml version="1.0" encoding="UTF-8"?>
<!-- Generated by org.testng.reporters.JUnitXMLReporter -->
<testsuite hostname="DESKTOP-JEV6767" ignored="0" name=" CVS ShopPageTest" tests="5" failures="0" timestamp="31 Jan 2019 07:28:04 GMT" time="85.286" errors="0">
  <testcase name="verifyShopPageTitleTest" time="5.819" classname="com.cvs.qa.testcases.ShopPageTest"/>
  <testcase name="verifyShopPageLinkTest" time="4.042" classname="com.cvs.qa.testcases.ShopPageTest"/>
  <testcase name="verifyClickonShopAllCategoriesTest" time="5.087" classname="com.cvs.qa.testcases.ShopPageTest"/>
  <testcase name="verifyClickonVitaminLink" time="8.848" classname="com.cvs.qa.testcases.ShopPageTest"/>
  <testcase name="verifyAddCSLW2CartTest" time="14.364" classname="com.cvs.qa.testcases.ShopPageTest"/>
</testsuite> <!--  CVS ShopPageTest -->
