<?xml version="1.0" encoding="UTF-8"?>
<!-- Generated by org.testng.reporters.JUnitXMLReporter -->
<testsuite hostname="DESKTOP-JEV6767" ignored="0" name=" CVS ShopPageTest" tests="5" failures="0" timestamp="07 Mar 2019 07:48:35 GMT" time="66.719" errors="0">
  <testcase name="verifyShopPageTitleTest" time="4.339" classname="com.cvs.qa.testcases.ShopPageTest"/>
  <testcase name="verifyShopPageLinkTest" time="2.663" classname="com.cvs.qa.testcases.ShopPageTest"/>
  <testcase name="verifyClickonShopAllCategoriesTest" time="5.611" classname="com.cvs.qa.testcases.ShopPageTest"/>
  <testcase name="verifyClickonVitaminLink" time="7.599" classname="com.cvs.qa.testcases.ShopPageTest"/>
  <testcase name="verifyAddCSLW2CartTest" time="6.536" classname="com.cvs.qa.testcases.ShopPageTest"/>
</testsuite> <!--  CVS ShopPageTest -->
