<?xml version="1.0" encoding="UTF-8"?>
<!-- Generated by org.testng.reporters.JUnitXMLReporter -->
<testsuite hostname="DESKTOP-JEV6767" ignored="0" name=" CVS MinuteClinicPageTest" tests="3" failures="0" timestamp="16 Oct 2018 06:49:52 GMT" time="107.707" errors="0">
  <testcase name="verifyMinuteClinicPageTitleTest" time="24.544" classname="com.cvs.qa.testcases.MinuteClinicTest"/>
  <testcase name="verifyZipCodeLocaterTest" time="29.539" classname="com.cvs.qa.testcases.MinuteClinicTest"/>
  <testcase name="verifyClinicLocatorPageTitleTest" time="32.229" classname="com.cvs.qa.testcases.MinuteClinicTest"/>
</testsuite> <!--  CVS MinuteClinicPageTest -->
