<?xml version="1.0" encoding="UTF-8"?>
<!-- Generated by org.testng.reporters.JUnitXMLReporter -->
<testsuite hostname="DESKTOP-JEV6767" ignored="0" name=" CVS LogInPageTest" tests="8" failures="0" timestamp="16 Oct 2018 06:45:07 GMT" time="99.804" errors="0">
  <testcase name="verifyLogInExcelData" time="5.414" classname="com.cvs.qa.testcases.LogInTest"/>
  <testcase name="verifyLogInExcelData" time="6.964" classname="com.cvs.qa.testcases.LogInTest"/>
  <testcase name="verifyLogInExcelData" time="5.059" classname="com.cvs.qa.testcases.LogInTest"/>
  <testcase name="verifyLogInTest" time="4.274" classname="com.cvs.qa.testcases.LogInTest"/>
  <testcase name="verifyTopPanelLogInTestExcelDataTest" time="5.09" classname="com.cvs.qa.testcases.LogInTest"/>
  <testcase name="verifyTopPanelLogInTestExcelDataTest" time="5.126" classname="com.cvs.qa.testcases.LogInTest"/>
  <testcase name="verifyTopPanelLogInTestExcelDataTest" time="6.644" classname="com.cvs.qa.testcases.LogInTest"/>
  <testcase name="verifyTopPanelLogInTest" time="5.149" classname="com.cvs.qa.testcases.LogInTest"/>
</testsuite> <!--  CVS LogInPageTest -->
