<?xml version="1.0" encoding="UTF-8"?>
<!-- Generated by org.testng.reporters.JUnitXMLReporter -->
<testsuite hostname="DESKTOP-JEV6767" ignored="0" name=" CVS MinuteClinicPageTest" tests="6" failures="1" timestamp="07 Mar 2019 07:39:28 GMT" time="91.542" errors="0">
  <testcase name="verifyMinuteClinicPageTitleTest" time="5.646" classname="com.cvs.qa.testcases.MinuteClinicTest"/>
  <testcase name="verifyZipCodeLocaterTest" time="10.862" classname="com.cvs.qa.testcases.MinuteClinicTest"/>
  <testcase name="verifyClinicLocatorPageTitleTest" time="6.377" classname="com.cvs.qa.testcases.MinuteClinicTest">
    <skipped/>
  </testcase> <!-- verifyClinicLocatorPageTitleTest -->
  <testcase name="verifyClinicLocatorPageTitleTest" time="7.125" classname="com.cvs.qa.testcases.MinuteClinicTest">
    <skipped/>
  </testcase> <!-- verifyClinicLocatorPageTitleTest -->
  <testcase name="verifyClinicLocatorPageTitleTest" time="7.868" classname="com.cvs.qa.testcases.MinuteClinicTest">
    <skipped/>
  </testcase> <!-- verifyClinicLocatorPageTitleTest -->
  <testcase name="verifyClinicLocatorPageTitleTest" time="12.318" classname="com.cvs.qa.testcases.MinuteClinicTest">
    <failure type="java.lang.AssertionError" message="expected [Walk In Clinic Locator | MinuteClinic - CVS.com] but found [MinuteClinic | CVS Walk In Clinics]">
      <![CDATA[java.lang.AssertionError: expected [Walk In Clinic Locator | MinuteClinic - CVS.com] but found [MinuteClinic | CVS Walk In Clinics]
at com.cvs.qa.testcases.MinuteClinicTest.verifyClinicLocatorPageTitleTest(MinuteClinicTest.java:68)
... Removed 31 stack frames]]>
    </failure>
  </testcase> <!-- verifyClinicLocatorPageTitleTest -->
</testsuite> <!--  CVS MinuteClinicPageTest -->
