<?xml version="1.0" encoding="UTF-8"?>
<!-- Generated by org.testng.reporters.JUnitXMLReporter -->
<testsuite hostname="DESKTOP-JEV6767" ignored="0" name=" CVS LogInPageTest" tests="8" failures="0" timestamp="18 Oct 2018 06:09:56 GMT" time="104.023" errors="0">
  <testcase name="verifyLogInExcelData" time="5.466" classname="com.cvs.qa.testcases.LogInTest"/>
  <testcase name="verifyLogInExcelData" time="5.633" classname="com.cvs.qa.testcases.LogInTest"/>
  <testcase name="verifyLogInExcelData" time="5.516" classname="com.cvs.qa.testcases.LogInTest"/>
  <testcase name="verifyLogInTest" time="4.345" classname="com.cvs.qa.testcases.LogInTest"/>
  <testcase name="verifyTopPanelLogInTestExcelDataTest" time="6.177" classname="com.cvs.qa.testcases.LogInTest"/>
  <testcase name="verifyTopPanelLogInTestExcelDataTest" time="6.038" classname="com.cvs.qa.testcases.LogInTest"/>
  <testcase name="verifyTopPanelLogInTestExcelDataTest" time="6.907" classname="com.cvs.qa.testcases.LogInTest"/>
  <testcase name="verifyTopPanelLogInTest" time="5.875" classname="com.cvs.qa.testcases.LogInTest"/>
</testsuite> <!--  CVS LogInPageTest -->
