<?xml version="1.0" encoding="UTF-8"?>
<!-- Generated by org.testng.reporters.JUnitXMLReporter -->
<testsuite hostname="DESKTOP-JEV6767" ignored="0" name="Default test" tests="9" failures="0" timestamp="07 Mar 2019 09:21:58 GMT" time="161.568" errors="0">
  <testcase name="verifyRegistrationPageTitle" time="1.354" classname="com.cvs.qa.testcases.RegistrationTest"/>
  <testcase name="registerCustomer" time="16.338" classname="com.cvs.qa.testcases.RegistrationTest"/>
  <testcase name="registerMultipleCustomer" time="12.331" classname="com.cvs.qa.testcases.RegistrationTest"/>
  <testcase name="registerMultipleCustomer" time="12.595" classname="com.cvs.qa.testcases.RegistrationTest"/>
  <testcase name="registerMultipleCustomer" time="12.365" classname="com.cvs.qa.testcases.RegistrationTest"/>
  <testcase name="registerMultipleCustomer" time="12.304" classname="com.cvs.qa.testcases.RegistrationTest"/>
  <testcase name="registerMultipleCustomer" time="13.152" classname="com.cvs.qa.testcases.RegistrationTest"/>
  <testcase name="registerMultipleCustomer" time="12.852" classname="com.cvs.qa.testcases.RegistrationTest"/>
  <testcase name="registerMultipleCustomer" time="11.907" classname="com.cvs.qa.testcases.RegistrationTest"/>
</testsuite> <!-- Default test -->
