<?xml version="1.0" encoding="UTF-8"?>
<testng-results skipped="0" failed="0" ignored="0" total="9" passed="9">
  <reporter-output>
  </reporter-output>
  <suite name="Default suite" duration-ms="182024" started-at="2019-01-21T06:14:15Z" finished-at="2019-01-21T06:17:17Z">
    <groups>
    </groups>
    <test name="Default test" duration-ms="182024" started-at="2019-01-21T06:14:15Z" finished-at="2019-01-21T06:17:17Z">
      <class name="com.cvs.qa.testcases.RegistrationTest">
        <test-method status="PASS" signature="setUp()[pri:0, instance:com.cvs.qa.testcases.RegistrationTest@79be0360]" name="setUp" is-config="true" duration-ms="6127" started-at="2019-01-21T06:14:15Z" finished-at="2019-01-21T06:14:22Z">
          <reporter-output>
          </reporter-output>
        </test-method> <!-- setUp -->
        <test-method status="PASS" signature="verifyRegistrationPageTitle()[pri:0, instance:com.cvs.qa.testcases.RegistrationTest@79be0360]" name="verifyRegistrationPageTitle" duration-ms="2520" started-at="2019-01-21T06:14:22Z" finished-at="2019-01-21T06:14:24Z">
          <reporter-output>
          </reporter-output>
        </test-method> <!-- verifyRegistrationPageTitle -->
        <test-method status="PASS" signature="tearDown()[pri:0, instance:com.cvs.qa.testcases.RegistrationTest@79be0360]" name="tearDown" is-config="true" duration-ms="1073" started-at="2019-01-21T06:14:24Z" finished-at="2019-01-21T06:14:25Z">
          <reporter-output>
          </reporter-output>
        </test-method> <!-- tearDown -->
        <test-method status="PASS" signature="setUp()[pri:0, instance:com.cvs.qa.testcases.RegistrationTest@79be0360]" name="setUp" is-config="true" duration-ms="6368" started-at="2019-01-21T06:14:25Z" finished-at="2019-01-21T06:14:31Z">
          <reporter-output>
          </reporter-output>
        </test-method> <!-- setUp -->
        <test-method status="PASS" signature="registerCustomer()[pri:1, instance:com.cvs.qa.testcases.RegistrationTest@79be0360]" name="registerCustomer" duration-ms="16866" started-at="2019-01-21T06:14:31Z" finished-at="2019-01-21T06:14:48Z">
          <reporter-output>
          </reporter-output>
        </test-method> <!-- registerCustomer -->
        <test-method status="PASS" signature="tearDown()[pri:0, instance:com.cvs.qa.testcases.RegistrationTest@79be0360]" name="tearDown" is-config="true" duration-ms="1035" started-at="2019-01-21T06:14:48Z" finished-at="2019-01-21T06:14:49Z">
          <reporter-output>
          </reporter-output>
        </test-method> <!-- tearDown -->
        <test-method status="PASS" signature="setUp()[pri:0, instance:com.cvs.qa.testcases.RegistrationTest@79be0360]" name="setUp" is-config="true" duration-ms="5143" started-at="2019-01-21T06:14:50Z" finished-at="2019-01-21T06:14:55Z">
          <reporter-output>
          </reporter-output>
        </test-method> <!-- setUp -->
        <test-method status="PASS" signature="registerMultipleCustomer(java.lang.String, java.lang.String, java.lang.String, java.lang.String, java.lang.String, java.lang.String, java.lang.String, java.lang.String, java.lang.String, java.lang.String, java.lang.String, java.lang.String, java.lang.String, java.lang.String, java.lang.String, java.lang.String)[pri:2, instance:com.cvs.qa.testcases.RegistrationTest@79be0360]" name="registerMultipleCustomer" duration-ms="14596" started-at="2019-01-21T06:14:55Z" data-provider="getCVSTestDataRegistration" finished-at="2019-01-21T06:15:10Z">
          <params>
            <param index="0">
              <value>
                <![CDATA[Shuwaib]]>
              </value>
            </param>
            <param index="1">
              <value>
                <![CDATA[Liaquat]]>
              </value>
            </param>
            <param index="2">
              <value>
                <![CDATA[shuwaibliaquat@hotmail.com]]>
              </value>
            </param>
            <param index="3">
              <value>
                <![CDATA[Apple12345]]>
              </value>
            </param>
            <param index="4">
              <value>
                <![CDATA[Apple12345]]>
              </value>
            </param>
            <param index="5">
              <value>
                <![CDATA[Krish]]>
              </value>
            </param>
            <param index="6">
              <value>
                <![CDATA[111 Wayne Ave]]>
              </value>
            </param>
            <param index="7">
              <value>
                <![CDATA[1st]]>
              </value>
            </param>
            <param index="8">
              <value>
                <![CDATA[Paterson]]>
              </value>
            </param>
            <param index="9">
              <value>
                <![CDATA[NJ]]>
              </value>
            </param>
            <param index="10">
              <value>
                <![CDATA[07503]]>
              </value>
            </param>
            <param index="11">
              <value>
                <![CDATA[2019814576]]>
              </value>
            </param>
            <param index="12">
              <value>
                <![CDATA[01]]>
              </value>
            </param>
            <param index="13">
              <value>
                <![CDATA[26]]>
              </value>
            </param>
            <param index="14">
              <value>
                <![CDATA[1989]]>
              </value>
            </param>
            <param index="15">
              <value>
                <![CDATA[Male]]>
              </value>
            </param>
          </params>
          <reporter-output>
          </reporter-output>
        </test-method> <!-- registerMultipleCustomer -->
        <test-method status="PASS" signature="tearDown()[pri:0, instance:com.cvs.qa.testcases.RegistrationTest@79be0360]" name="tearDown" is-config="true" duration-ms="1153" started-at="2019-01-21T06:15:10Z" finished-at="2019-01-21T06:15:11Z">
          <reporter-output>
          </reporter-output>
        </test-method> <!-- tearDown -->
        <test-method status="PASS" signature="setUp()[pri:0, instance:com.cvs.qa.testcases.RegistrationTest@79be0360]" name="setUp" is-config="true" duration-ms="6221" started-at="2019-01-21T06:15:11Z" finished-at="2019-01-21T06:15:17Z">
          <reporter-output>
          </reporter-output>
        </test-method> <!-- setUp -->
        <test-method status="PASS" signature="registerMultipleCustomer(java.lang.String, java.lang.String, java.lang.String, java.lang.String, java.lang.String, java.lang.String, java.lang.String, java.lang.String, java.lang.String, java.lang.String, java.lang.String, java.lang.String, java.lang.String, java.lang.String, java.lang.String, java.lang.String)[pri:2, instance:com.cvs.qa.testcases.RegistrationTest@79be0360]" name="registerMultipleCustomer" duration-ms="14846" started-at="2019-01-21T06:15:17Z" data-provider="getCVSTestDataRegistration" finished-at="2019-01-21T06:15:32Z">
          <params>
            <param index="0">
              <value>
                <![CDATA[Shuwaib1]]>
              </value>
            </param>
            <param index="1">
              <value>
                <![CDATA[Liaquat1]]>
              </value>
            </param>
            <param index="2">
              <value>
                <![CDATA[shuwaibliaquat1@hotmail.com]]>
              </value>
            </param>
            <param index="3">
              <value>
                <![CDATA[Apple12346]]>
              </value>
            </param>
            <param index="4">
              <value>
                <![CDATA[Apple12346]]>
              </value>
            </param>
            <param index="5">
              <value>
                <![CDATA[Shabana]]>
              </value>
            </param>
            <param index="6">
              <value>
                <![CDATA[112 Wayne Ave]]>
              </value>
            </param>
            <param index="7">
              <value>
                <![CDATA[2nd]]>
              </value>
            </param>
            <param index="8">
              <value>
                <![CDATA[Paterson]]>
              </value>
            </param>
            <param index="9">
              <value>
                <![CDATA[NJ]]>
              </value>
            </param>
            <param index="10">
              <value>
                <![CDATA[07504]]>
              </value>
            </param>
            <param index="11">
              <value>
                <![CDATA[2019814576]]>
              </value>
            </param>
            <param index="12">
              <value>
                <![CDATA[02]]>
              </value>
            </param>
            <param index="13">
              <value>
                <![CDATA[27]]>
              </value>
            </param>
            <param index="14">
              <value>
                <![CDATA[1989]]>
              </value>
            </param>
            <param index="15">
              <value>
                <![CDATA[Male]]>
              </value>
            </param>
          </params>
          <reporter-output>
          </reporter-output>
        </test-method> <!-- registerMultipleCustomer -->
        <test-method status="PASS" signature="tearDown()[pri:0, instance:com.cvs.qa.testcases.RegistrationTest@79be0360]" name="tearDown" is-config="true" duration-ms="1141" started-at="2019-01-21T06:15:32Z" finished-at="2019-01-21T06:15:33Z">
          <reporter-output>
          </reporter-output>
        </test-method> <!-- tearDown -->
        <test-method status="PASS" signature="setUp()[pri:0, instance:com.cvs.qa.testcases.RegistrationTest@79be0360]" name="setUp" is-config="true" duration-ms="5528" started-at="2019-01-21T06:15:33Z" finished-at="2019-01-21T06:15:39Z">
          <reporter-output>
          </reporter-output>
        </test-method> <!-- setUp -->
        <test-method status="PASS" signature="registerMultipleCustomer(java.lang.String, java.lang.String, java.lang.String, java.lang.String, java.lang.String, java.lang.String, java.lang.String, java.lang.String, java.lang.String, java.lang.String, java.lang.String, java.lang.String, java.lang.String, java.lang.String, java.lang.String, java.lang.String)[pri:2, instance:com.cvs.qa.testcases.RegistrationTest@79be0360]" name="registerMultipleCustomer" duration-ms="13696" started-at="2019-01-21T06:15:39Z" data-provider="getCVSTestDataRegistration" finished-at="2019-01-21T06:15:52Z">
          <params>
            <param index="0">
              <value>
                <![CDATA[Linie]]>
              </value>
            </param>
            <param index="1">
              <value>
                <![CDATA[Liaquat]]>
              </value>
            </param>
            <param index="2">
              <value>
                <![CDATA[shuwaibliaquat@hotmail.com]]>
              </value>
            </param>
            <param index="3">
              <value>
                <![CDATA[Apple12347]]>
              </value>
            </param>
            <param index="4">
              <value>
                <![CDATA[Apple12347]]>
              </value>
            </param>
            <param index="5">
              <value>
                <![CDATA[yahoo]]>
              </value>
            </param>
            <param index="6">
              <value>
                <![CDATA[113 Wayne Ave]]>
              </value>
            </param>
            <param index="7">
              <value>
                <![CDATA[3rd]]>
              </value>
            </param>
            <param index="8">
              <value>
                <![CDATA[Paterson]]>
              </value>
            </param>
            <param index="9">
              <value>
                <![CDATA[DC]]>
              </value>
            </param>
            <param index="10">
              <value>
                <![CDATA[07505]]>
              </value>
            </param>
            <param index="11">
              <value>
                <![CDATA[2019814576]]>
              </value>
            </param>
            <param index="12">
              <value>
                <![CDATA[03]]>
              </value>
            </param>
            <param index="13">
              <value>
                <![CDATA[28]]>
              </value>
            </param>
            <param index="14">
              <value>
                <![CDATA[1989]]>
              </value>
            </param>
            <param index="15">
              <value>
                <![CDATA[Female]]>
              </value>
            </param>
          </params>
          <reporter-output>
          </reporter-output>
        </test-method> <!-- registerMultipleCustomer -->
        <test-method status="PASS" signature="tearDown()[pri:0, instance:com.cvs.qa.testcases.RegistrationTest@79be0360]" name="tearDown" is-config="true" duration-ms="1101" started-at="2019-01-21T06:15:52Z" finished-at="2019-01-21T06:15:54Z">
          <reporter-output>
          </reporter-output>
        </test-method> <!-- tearDown -->
        <test-method status="PASS" signature="setUp()[pri:0, instance:com.cvs.qa.testcases.RegistrationTest@79be0360]" name="setUp" is-config="true" duration-ms="5365" started-at="2019-01-21T06:15:54Z" finished-at="2019-01-21T06:15:59Z">
          <reporter-output>
          </reporter-output>
        </test-method> <!-- setUp -->
        <test-method status="PASS" signature="registerMultipleCustomer(java.lang.String, java.lang.String, java.lang.String, java.lang.String, java.lang.String, java.lang.String, java.lang.String, java.lang.String, java.lang.String, java.lang.String, java.lang.String, java.lang.String, java.lang.String, java.lang.String, java.lang.String, java.lang.String)[pri:2, instance:com.cvs.qa.testcases.RegistrationTest@79be0360]" name="registerMultipleCustomer" duration-ms="14175" started-at="2019-01-21T06:15:59Z" data-provider="getCVSTestDataRegistration" finished-at="2019-01-21T06:16:13Z">
          <params>
            <param index="0">
              <value>
                <![CDATA[Shuwaib]]>
              </value>
            </param>
            <param index="1">
              <value>
                <![CDATA[Liaquat]]>
              </value>
            </param>
            <param index="2">
              <value>
                <![CDATA[shuwaibliaquat1@hotmail.com]]>
              </value>
            </param>
            <param index="3">
              <value>
                <![CDATA[Apple12348]]>
              </value>
            </param>
            <param index="4">
              <value>
                <![CDATA[Apple12348]]>
              </value>
            </param>
            <param index="5">
              <value>
                <![CDATA[hotmail]]>
              </value>
            </param>
            <param index="6">
              <value>
                <![CDATA[114 Wayne Ave]]>
              </value>
            </param>
            <param index="7">
              <value>
                <![CDATA[4th]]>
              </value>
            </param>
            <param index="8">
              <value>
                <![CDATA[Paterson]]>
              </value>
            </param>
            <param index="9">
              <value>
                <![CDATA[NJ]]>
              </value>
            </param>
            <param index="10">
              <value>
                <![CDATA[07506]]>
              </value>
            </param>
            <param index="11">
              <value>
                <![CDATA[2019814576]]>
              </value>
            </param>
            <param index="12">
              <value>
                <![CDATA[04]]>
              </value>
            </param>
            <param index="13">
              <value>
                <![CDATA[29]]>
              </value>
            </param>
            <param index="14">
              <value>
                <![CDATA[1989]]>
              </value>
            </param>
            <param index="15">
              <value>
                <![CDATA[Male]]>
              </value>
            </param>
          </params>
          <reporter-output>
          </reporter-output>
        </test-method> <!-- registerMultipleCustomer -->
        <test-method status="PASS" signature="tearDown()[pri:0, instance:com.cvs.qa.testcases.RegistrationTest@79be0360]" name="tearDown" is-config="true" duration-ms="1194" started-at="2019-01-21T06:16:13Z" finished-at="2019-01-21T06:16:14Z">
          <reporter-output>
          </reporter-output>
        </test-method> <!-- tearDown -->
        <test-method status="PASS" signature="setUp()[pri:0, instance:com.cvs.qa.testcases.RegistrationTest@79be0360]" name="setUp" is-config="true" duration-ms="7274" started-at="2019-01-21T06:16:14Z" finished-at="2019-01-21T06:16:22Z">
          <reporter-output>
          </reporter-output>
        </test-method> <!-- setUp -->
        <test-method status="PASS" signature="registerMultipleCustomer(java.lang.String, java.lang.String, java.lang.String, java.lang.String, java.lang.String, java.lang.String, java.lang.String, java.lang.String, java.lang.String, java.lang.String, java.lang.String, java.lang.String, java.lang.String, java.lang.String, java.lang.String, java.lang.String)[pri:2, instance:com.cvs.qa.testcases.RegistrationTest@79be0360]" name="registerMultipleCustomer" duration-ms="13924" started-at="2019-01-21T06:16:22Z" data-provider="getCVSTestDataRegistration" finished-at="2019-01-21T06:16:35Z">
          <params>
            <param index="0">
              <value>
                <![CDATA[Shuwaib3]]>
              </value>
            </param>
            <param index="1">
              <value>
                <![CDATA[Liaquat3]]>
              </value>
            </param>
            <param index="2">
              <value>
                <![CDATA[shuwaibliaquat@hotmail.com]]>
              </value>
            </param>
            <param index="3">
              <value>
                <![CDATA[Apple12349]]>
              </value>
            </param>
            <param index="4">
              <value>
                <![CDATA[Apple12349]]>
              </value>
            </param>
            <param index="5">
              <value>
                <![CDATA[google]]>
              </value>
            </param>
            <param index="6">
              <value>
                <![CDATA[115 Wayne Ave]]>
              </value>
            </param>
            <param index="7">
              <value>
                <![CDATA[5th]]>
              </value>
            </param>
            <param index="8">
              <value>
                <![CDATA[Paterson]]>
              </value>
            </param>
            <param index="9">
              <value>
                <![CDATA[NY]]>
              </value>
            </param>
            <param index="10">
              <value>
                <![CDATA[07507]]>
              </value>
            </param>
            <param index="11">
              <value>
                <![CDATA[2019814576]]>
              </value>
            </param>
            <param index="12">
              <value>
                <![CDATA[05]]>
              </value>
            </param>
            <param index="13">
              <value>
                <![CDATA[30]]>
              </value>
            </param>
            <param index="14">
              <value>
                <![CDATA[1989]]>
              </value>
            </param>
            <param index="15">
              <value>
                <![CDATA[Male]]>
              </value>
            </param>
          </params>
          <reporter-output>
          </reporter-output>
        </test-method> <!-- registerMultipleCustomer -->
        <test-method status="PASS" signature="tearDown()[pri:0, instance:com.cvs.qa.testcases.RegistrationTest@79be0360]" name="tearDown" is-config="true" duration-ms="1120" started-at="2019-01-21T06:16:35Z" finished-at="2019-01-21T06:16:37Z">
          <reporter-output>
          </reporter-output>
        </test-method> <!-- tearDown -->
        <test-method status="PASS" signature="setUp()[pri:0, instance:com.cvs.qa.testcases.RegistrationTest@79be0360]" name="setUp" is-config="true" duration-ms="5009" started-at="2019-01-21T06:16:37Z" finished-at="2019-01-21T06:16:42Z">
          <reporter-output>
          </reporter-output>
        </test-method> <!-- setUp -->
        <test-method status="PASS" signature="registerMultipleCustomer(java.lang.String, java.lang.String, java.lang.String, java.lang.String, java.lang.String, java.lang.String, java.lang.String, java.lang.String, java.lang.String, java.lang.String, java.lang.String, java.lang.String, java.lang.String, java.lang.String, java.lang.String, java.lang.String)[pri:2, instance:com.cvs.qa.testcases.RegistrationTest@79be0360]" name="registerMultipleCustomer" duration-ms="14986" started-at="2019-01-21T06:16:42Z" data-provider="getCVSTestDataRegistration" finished-at="2019-01-21T06:16:57Z">
          <params>
            <param index="0">
              <value>
                <![CDATA[Shuwaib4]]>
              </value>
            </param>
            <param index="1">
              <value>
                <![CDATA[Liaquat4]]>
              </value>
            </param>
            <param index="2">
              <value>
                <![CDATA[shuwaibliaquat1@hotmail.com]]>
              </value>
            </param>
            <param index="3">
              <value>
                <![CDATA[Apple12350]]>
              </value>
            </param>
            <param index="4">
              <value>
                <![CDATA[Apple12350]]>
              </value>
            </param>
            <param index="5">
              <value>
                <![CDATA[tommy]]>
              </value>
            </param>
            <param index="6">
              <value>
                <![CDATA[116 Wayne Ave]]>
              </value>
            </param>
            <param index="7">
              <value>
                <![CDATA[6th]]>
              </value>
            </param>
            <param index="8">
              <value>
                <![CDATA[Paterson]]>
              </value>
            </param>
            <param index="9">
              <value>
                <![CDATA[MI]]>
              </value>
            </param>
            <param index="10">
              <value>
                <![CDATA[07508]]>
              </value>
            </param>
            <param index="11">
              <value>
                <![CDATA[2019814576]]>
              </value>
            </param>
            <param index="12">
              <value>
                <![CDATA[06]]>
              </value>
            </param>
            <param index="13">
              <value>
                <![CDATA[30]]>
              </value>
            </param>
            <param index="14">
              <value>
                <![CDATA[1989]]>
              </value>
            </param>
            <param index="15">
              <value>
                <![CDATA[Male]]>
              </value>
            </param>
          </params>
          <reporter-output>
          </reporter-output>
        </test-method> <!-- registerMultipleCustomer -->
        <test-method status="PASS" signature="tearDown()[pri:0, instance:com.cvs.qa.testcases.RegistrationTest@79be0360]" name="tearDown" is-config="true" duration-ms="1137" started-at="2019-01-21T06:16:57Z" finished-at="2019-01-21T06:16:58Z">
          <reporter-output>
          </reporter-output>
        </test-method> <!-- tearDown -->
        <test-method status="PASS" signature="setUp()[pri:0, instance:com.cvs.qa.testcases.RegistrationTest@79be0360]" name="setUp" is-config="true" duration-ms="5173" started-at="2019-01-21T06:16:58Z" finished-at="2019-01-21T06:17:03Z">
          <reporter-output>
          </reporter-output>
        </test-method> <!-- setUp -->
        <test-method status="PASS" signature="registerMultipleCustomer(java.lang.String, java.lang.String, java.lang.String, java.lang.String, java.lang.String, java.lang.String, java.lang.String, java.lang.String, java.lang.String, java.lang.String, java.lang.String, java.lang.String, java.lang.String, java.lang.String, java.lang.String, java.lang.String)[pri:2, instance:com.cvs.qa.testcases.RegistrationTest@79be0360]" name="registerMultipleCustomer" duration-ms="13303" started-at="2019-01-21T06:17:03Z" data-provider="getCVSTestDataRegistration" finished-at="2019-01-21T06:17:16Z">
          <params>
            <param index="0">
              <value>
                <![CDATA[Nishat]]>
              </value>
            </param>
            <param index="1">
              <value>
                <![CDATA[Chowdhury]]>
              </value>
            </param>
            <param index="2">
              <value>
                <![CDATA[nishat0598@gmail.com]]>
              </value>
            </param>
            <param index="3">
              <value>
                <![CDATA[Apple555]]>
              </value>
            </param>
            <param index="4">
              <value>
                <![CDATA[Apple555]]>
              </value>
            </param>
            <param index="5">
              <value>
                <![CDATA[Tia]]>
              </value>
            </param>
            <param index="6">
              <value>
                <![CDATA[12 Elk St]]>
              </value>
            </param>
            <param index="7">
              <value>
                <![CDATA[7th]]>
              </value>
            </param>
            <param index="8">
              <value>
                <![CDATA[Lincoln Park]]>
              </value>
            </param>
            <param index="9">
              <value>
                <![CDATA[MI]]>
              </value>
            </param>
            <param index="10">
              <value>
                <![CDATA[48212]]>
              </value>
            </param>
            <param index="11">
              <value>
                <![CDATA[2019814576]]>
              </value>
            </param>
            <param index="12">
              <value>
                <![CDATA[11]]>
              </value>
            </param>
            <param index="13">
              <value>
                <![CDATA[21]]>
              </value>
            </param>
            <param index="14">
              <value>
                <![CDATA[2000]]>
              </value>
            </param>
            <param index="15">
              <value>
                <![CDATA[Female]]>
              </value>
            </param>
          </params>
          <reporter-output>
          </reporter-output>
        </test-method> <!-- registerMultipleCustomer -->
        <test-method status="PASS" signature="tearDown()[pri:0, instance:com.cvs.qa.testcases.RegistrationTest@79be0360]" name="tearDown" is-config="true" duration-ms="1154" started-at="2019-01-21T06:17:16Z" finished-at="2019-01-21T06:17:17Z">
          <reporter-output>
          </reporter-output>
        </test-method> <!-- tearDown -->
      </class> <!-- com.cvs.qa.testcases.RegistrationTest -->
    </test> <!-- Default test -->
  </suite> <!-- Default suite -->
</testng-results>
