<?xml version="1.0" encoding="UTF-8"?>
<testng-results skipped="0" failed="0" ignored="0" total="9" passed="9">
  <reporter-output>
  </reporter-output>
  <suite name="Default suite" duration-ms="161568" started-at="2019-03-07T09:19:16Z" finished-at="2019-03-07T09:21:58Z">
    <groups>
    </groups>
    <test name="Default test" duration-ms="161568" started-at="2019-03-07T09:19:16Z" finished-at="2019-03-07T09:21:58Z">
      <class name="com.cvs.qa.testcases.RegistrationTest">
        <test-method status="PASS" signature="setUp()[pri:0, instance:com.cvs.qa.testcases.RegistrationTest@7494e528]" name="setUp" is-config="true" duration-ms="5828" started-at="2019-03-07T09:19:16Z" finished-at="2019-03-07T09:19:22Z">
          <reporter-output>
          </reporter-output>
        </test-method> <!-- setUp -->
        <test-method status="PASS" signature="verifyRegistrationPageTitle()[pri:0, instance:com.cvs.qa.testcases.RegistrationTest@7494e528]" name="verifyRegistrationPageTitle" duration-ms="1354" started-at="2019-03-07T09:19:22Z" finished-at="2019-03-07T09:19:23Z">
          <reporter-output>
          </reporter-output>
        </test-method> <!-- verifyRegistrationPageTitle -->
        <test-method status="PASS" signature="tearDown()[pri:0, instance:com.cvs.qa.testcases.RegistrationTest@7494e528]" name="tearDown" is-config="true" duration-ms="1017" started-at="2019-03-07T09:19:23Z" finished-at="2019-03-07T09:19:24Z">
          <reporter-output>
          </reporter-output>
        </test-method> <!-- tearDown -->
        <test-method status="PASS" signature="setUp()[pri:0, instance:com.cvs.qa.testcases.RegistrationTest@7494e528]" name="setUp" is-config="true" duration-ms="5343" started-at="2019-03-07T09:19:24Z" finished-at="2019-03-07T09:19:30Z">
          <reporter-output>
          </reporter-output>
        </test-method> <!-- setUp -->
        <test-method status="PASS" signature="registerCustomer()[pri:1, instance:com.cvs.qa.testcases.RegistrationTest@7494e528]" name="registerCustomer" duration-ms="16338" started-at="2019-03-07T09:19:30Z" finished-at="2019-03-07T09:19:46Z">
          <reporter-output>
          </reporter-output>
        </test-method> <!-- registerCustomer -->
        <test-method status="PASS" signature="tearDown()[pri:0, instance:com.cvs.qa.testcases.RegistrationTest@7494e528]" name="tearDown" is-config="true" duration-ms="952" started-at="2019-03-07T09:19:46Z" finished-at="2019-03-07T09:19:47Z">
          <reporter-output>
          </reporter-output>
        </test-method> <!-- tearDown -->
        <test-method status="PASS" signature="setUp()[pri:0, instance:com.cvs.qa.testcases.RegistrationTest@7494e528]" name="setUp" is-config="true" duration-ms="4989" started-at="2019-03-07T09:19:47Z" finished-at="2019-03-07T09:19:52Z">
          <reporter-output>
          </reporter-output>
        </test-method> <!-- setUp -->
        <test-method status="PASS" signature="registerMultipleCustomer(java.lang.String, java.lang.String, java.lang.String, java.lang.String, java.lang.String, java.lang.String, java.lang.String, java.lang.String, java.lang.String, java.lang.String, java.lang.String, java.lang.String, java.lang.String, java.lang.String, java.lang.String, java.lang.String)[pri:2, instance:com.cvs.qa.testcases.RegistrationTest@7494e528]" name="registerMultipleCustomer" duration-ms="12331" started-at="2019-03-07T09:19:52Z" data-provider="getCVSTestDataRegistration" finished-at="2019-03-07T09:20:05Z">
          <params>
            <param index="0">
              <value>
                <![CDATA[Shuwaib]]>
              </value>
            </param>
            <param index="1">
              <value>
                <![CDATA[Liaquat]]>
              </value>
            </param>
            <param index="2">
              <value>
                <![CDATA[shuwaibliaquat12@hotmail.com]]>
              </value>
            </param>
            <param index="3">
              <value>
                <![CDATA[Apple12345]]>
              </value>
            </param>
            <param index="4">
              <value>
                <![CDATA[Apple12345]]>
              </value>
            </param>
            <param index="5">
              <value>
                <![CDATA[Krish]]>
              </value>
            </param>
            <param index="6">
              <value>
                <![CDATA[111 Wayne Ave]]>
              </value>
            </param>
            <param index="7">
              <value>
                <![CDATA[1st]]>
              </value>
            </param>
            <param index="8">
              <value>
                <![CDATA[Paterson]]>
              </value>
            </param>
            <param index="9">
              <value>
                <![CDATA[NJ]]>
              </value>
            </param>
            <param index="10">
              <value>
                <![CDATA[07503]]>
              </value>
            </param>
            <param index="11">
              <value>
                <![CDATA[2019814576]]>
              </value>
            </param>
            <param index="12">
              <value>
                <![CDATA[01]]>
              </value>
            </param>
            <param index="13">
              <value>
                <![CDATA[26]]>
              </value>
            </param>
            <param index="14">
              <value>
                <![CDATA[1989]]>
              </value>
            </param>
            <param index="15">
              <value>
                <![CDATA[Male]]>
              </value>
            </param>
          </params>
          <reporter-output>
          </reporter-output>
        </test-method> <!-- registerMultipleCustomer -->
        <test-method status="PASS" signature="tearDown()[pri:0, instance:com.cvs.qa.testcases.RegistrationTest@7494e528]" name="tearDown" is-config="true" duration-ms="992" started-at="2019-03-07T09:20:05Z" finished-at="2019-03-07T09:20:06Z">
          <reporter-output>
          </reporter-output>
        </test-method> <!-- tearDown -->
        <test-method status="PASS" signature="setUp()[pri:0, instance:com.cvs.qa.testcases.RegistrationTest@7494e528]" name="setUp" is-config="true" duration-ms="5030" started-at="2019-03-07T09:20:06Z" finished-at="2019-03-07T09:20:11Z">
          <reporter-output>
          </reporter-output>
        </test-method> <!-- setUp -->
        <test-method status="PASS" signature="registerMultipleCustomer(java.lang.String, java.lang.String, java.lang.String, java.lang.String, java.lang.String, java.lang.String, java.lang.String, java.lang.String, java.lang.String, java.lang.String, java.lang.String, java.lang.String, java.lang.String, java.lang.String, java.lang.String, java.lang.String)[pri:2, instance:com.cvs.qa.testcases.RegistrationTest@7494e528]" name="registerMultipleCustomer" duration-ms="12595" started-at="2019-03-07T09:20:11Z" data-provider="getCVSTestDataRegistration" finished-at="2019-03-07T09:20:23Z">
          <params>
            <param index="0">
              <value>
                <![CDATA[Naushad]]>
              </value>
            </param>
            <param index="1">
              <value>
                <![CDATA[Chowdhury]]>
              </value>
            </param>
            <param index="2">
              <value>
                <![CDATA[shuwaibliaquat123@hotmail.com]]>
              </value>
            </param>
            <param index="3">
              <value>
                <![CDATA[Apple12346]]>
              </value>
            </param>
            <param index="4">
              <value>
                <![CDATA[Apple12346]]>
              </value>
            </param>
            <param index="5">
              <value>
                <![CDATA[Shabana]]>
              </value>
            </param>
            <param index="6">
              <value>
                <![CDATA[112 Wayne Ave]]>
              </value>
            </param>
            <param index="7">
              <value>
                <![CDATA[2nd]]>
              </value>
            </param>
            <param index="8">
              <value>
                <![CDATA[Clifton]]>
              </value>
            </param>
            <param index="9">
              <value>
                <![CDATA[NJ]]>
              </value>
            </param>
            <param index="10">
              <value>
                <![CDATA[07504]]>
              </value>
            </param>
            <param index="11">
              <value>
                <![CDATA[2019814576]]>
              </value>
            </param>
            <param index="12">
              <value>
                <![CDATA[02]]>
              </value>
            </param>
            <param index="13">
              <value>
                <![CDATA[27]]>
              </value>
            </param>
            <param index="14">
              <value>
                <![CDATA[1989]]>
              </value>
            </param>
            <param index="15">
              <value>
                <![CDATA[Male]]>
              </value>
            </param>
          </params>
          <reporter-output>
          </reporter-output>
        </test-method> <!-- registerMultipleCustomer -->
        <test-method status="PASS" signature="tearDown()[pri:0, instance:com.cvs.qa.testcases.RegistrationTest@7494e528]" name="tearDown" is-config="true" duration-ms="987" started-at="2019-03-07T09:20:23Z" finished-at="2019-03-07T09:20:24Z">
          <reporter-output>
          </reporter-output>
        </test-method> <!-- tearDown -->
        <test-method status="PASS" signature="setUp()[pri:0, instance:com.cvs.qa.testcases.RegistrationTest@7494e528]" name="setUp" is-config="true" duration-ms="4987" started-at="2019-03-07T09:20:24Z" finished-at="2019-03-07T09:20:29Z">
          <reporter-output>
          </reporter-output>
        </test-method> <!-- setUp -->
        <test-method status="PASS" signature="registerMultipleCustomer(java.lang.String, java.lang.String, java.lang.String, java.lang.String, java.lang.String, java.lang.String, java.lang.String, java.lang.String, java.lang.String, java.lang.String, java.lang.String, java.lang.String, java.lang.String, java.lang.String, java.lang.String, java.lang.String)[pri:2, instance:com.cvs.qa.testcases.RegistrationTest@7494e528]" name="registerMultipleCustomer" duration-ms="12365" started-at="2019-03-07T09:20:29Z" data-provider="getCVSTestDataRegistration" finished-at="2019-03-07T09:20:42Z">
          <params>
            <param index="0">
              <value>
                <![CDATA[Linie]]>
              </value>
            </param>
            <param index="1">
              <value>
                <![CDATA[Liaquat]]>
              </value>
            </param>
            <param index="2">
              <value>
                <![CDATA[shuwaibliaquat56@hotmail.com]]>
              </value>
            </param>
            <param index="3">
              <value>
                <![CDATA[Apple12347]]>
              </value>
            </param>
            <param index="4">
              <value>
                <![CDATA[Apple12347]]>
              </value>
            </param>
            <param index="5">
              <value>
                <![CDATA[yahoo]]>
              </value>
            </param>
            <param index="6">
              <value>
                <![CDATA[113 Wayne Ave]]>
              </value>
            </param>
            <param index="7">
              <value>
                <![CDATA[3rd]]>
              </value>
            </param>
            <param index="8">
              <value>
                <![CDATA[Woodland Park]]>
              </value>
            </param>
            <param index="9">
              <value>
                <![CDATA[DC]]>
              </value>
            </param>
            <param index="10">
              <value>
                <![CDATA[07505]]>
              </value>
            </param>
            <param index="11">
              <value>
                <![CDATA[2019814576]]>
              </value>
            </param>
            <param index="12">
              <value>
                <![CDATA[03]]>
              </value>
            </param>
            <param index="13">
              <value>
                <![CDATA[28]]>
              </value>
            </param>
            <param index="14">
              <value>
                <![CDATA[1989]]>
              </value>
            </param>
            <param index="15">
              <value>
                <![CDATA[Female]]>
              </value>
            </param>
          </params>
          <reporter-output>
          </reporter-output>
        </test-method> <!-- registerMultipleCustomer -->
        <test-method status="PASS" signature="tearDown()[pri:0, instance:com.cvs.qa.testcases.RegistrationTest@7494e528]" name="tearDown" is-config="true" duration-ms="1006" started-at="2019-03-07T09:20:42Z" finished-at="2019-03-07T09:20:43Z">
          <reporter-output>
          </reporter-output>
        </test-method> <!-- tearDown -->
        <test-method status="PASS" signature="setUp()[pri:0, instance:com.cvs.qa.testcases.RegistrationTest@7494e528]" name="setUp" is-config="true" duration-ms="5295" started-at="2019-03-07T09:20:43Z" finished-at="2019-03-07T09:20:48Z">
          <reporter-output>
          </reporter-output>
        </test-method> <!-- setUp -->
        <test-method status="PASS" signature="registerMultipleCustomer(java.lang.String, java.lang.String, java.lang.String, java.lang.String, java.lang.String, java.lang.String, java.lang.String, java.lang.String, java.lang.String, java.lang.String, java.lang.String, java.lang.String, java.lang.String, java.lang.String, java.lang.String, java.lang.String)[pri:2, instance:com.cvs.qa.testcases.RegistrationTest@7494e528]" name="registerMultipleCustomer" duration-ms="12304" started-at="2019-03-07T09:20:48Z" data-provider="getCVSTestDataRegistration" finished-at="2019-03-07T09:21:00Z">
          <params>
            <param index="0">
              <value>
                <![CDATA[Muhith]]>
              </value>
            </param>
            <param index="1">
              <value>
                <![CDATA[Mahmood]]>
              </value>
            </param>
            <param index="2">
              <value>
                <![CDATA[shuwaibliaquat1@hotmail.com]]>
              </value>
            </param>
            <param index="3">
              <value>
                <![CDATA[Apple12348]]>
              </value>
            </param>
            <param index="4">
              <value>
                <![CDATA[Apple12348]]>
              </value>
            </param>
            <param index="5">
              <value>
                <![CDATA[hotmail]]>
              </value>
            </param>
            <param index="6">
              <value>
                <![CDATA[114 Wayne Ave]]>
              </value>
            </param>
            <param index="7">
              <value>
                <![CDATA[4th]]>
              </value>
            </param>
            <param index="8">
              <value>
                <![CDATA[Paterson]]>
              </value>
            </param>
            <param index="9">
              <value>
                <![CDATA[NJ]]>
              </value>
            </param>
            <param index="10">
              <value>
                <![CDATA[07506]]>
              </value>
            </param>
            <param index="11">
              <value>
                <![CDATA[2019814576]]>
              </value>
            </param>
            <param index="12">
              <value>
                <![CDATA[04]]>
              </value>
            </param>
            <param index="13">
              <value>
                <![CDATA[29]]>
              </value>
            </param>
            <param index="14">
              <value>
                <![CDATA[1989]]>
              </value>
            </param>
            <param index="15">
              <value>
                <![CDATA[Male]]>
              </value>
            </param>
          </params>
          <reporter-output>
          </reporter-output>
        </test-method> <!-- registerMultipleCustomer -->
        <test-method status="PASS" signature="tearDown()[pri:0, instance:com.cvs.qa.testcases.RegistrationTest@7494e528]" name="tearDown" is-config="true" duration-ms="1070" started-at="2019-03-07T09:21:00Z" finished-at="2019-03-07T09:21:01Z">
          <reporter-output>
          </reporter-output>
        </test-method> <!-- tearDown -->
        <test-method status="PASS" signature="setUp()[pri:0, instance:com.cvs.qa.testcases.RegistrationTest@7494e528]" name="setUp" is-config="true" duration-ms="4972" started-at="2019-03-07T09:21:01Z" finished-at="2019-03-07T09:21:06Z">
          <reporter-output>
          </reporter-output>
        </test-method> <!-- setUp -->
        <test-method status="PASS" signature="registerMultipleCustomer(java.lang.String, java.lang.String, java.lang.String, java.lang.String, java.lang.String, java.lang.String, java.lang.String, java.lang.String, java.lang.String, java.lang.String, java.lang.String, java.lang.String, java.lang.String, java.lang.String, java.lang.String, java.lang.String)[pri:2, instance:com.cvs.qa.testcases.RegistrationTest@7494e528]" name="registerMultipleCustomer" duration-ms="13152" started-at="2019-03-07T09:21:06Z" data-provider="getCVSTestDataRegistration" finished-at="2019-03-07T09:21:20Z">
          <params>
            <param index="0">
              <value>
                <![CDATA[Rafquat]]>
              </value>
            </param>
            <param index="1">
              <value>
                <![CDATA[Hossain]]>
              </value>
            </param>
            <param index="2">
              <value>
                <![CDATA[shuwaibliaquat59@hotmail.com]]>
              </value>
            </param>
            <param index="3">
              <value>
                <![CDATA[Apple12349]]>
              </value>
            </param>
            <param index="4">
              <value>
                <![CDATA[Apple12349]]>
              </value>
            </param>
            <param index="5">
              <value>
                <![CDATA[google]]>
              </value>
            </param>
            <param index="6">
              <value>
                <![CDATA[115 Wayne Ave]]>
              </value>
            </param>
            <param index="7">
              <value>
                <![CDATA[5th]]>
              </value>
            </param>
            <param index="8">
              <value>
                <![CDATA[Sussex]]>
              </value>
            </param>
            <param index="9">
              <value>
                <![CDATA[NY]]>
              </value>
            </param>
            <param index="10">
              <value>
                <![CDATA[07507]]>
              </value>
            </param>
            <param index="11">
              <value>
                <![CDATA[2019814576]]>
              </value>
            </param>
            <param index="12">
              <value>
                <![CDATA[05]]>
              </value>
            </param>
            <param index="13">
              <value>
                <![CDATA[30]]>
              </value>
            </param>
            <param index="14">
              <value>
                <![CDATA[1989]]>
              </value>
            </param>
            <param index="15">
              <value>
                <![CDATA[Male]]>
              </value>
            </param>
          </params>
          <reporter-output>
          </reporter-output>
        </test-method> <!-- registerMultipleCustomer -->
        <test-method status="PASS" signature="tearDown()[pri:0, instance:com.cvs.qa.testcases.RegistrationTest@7494e528]" name="tearDown" is-config="true" duration-ms="1025" started-at="2019-03-07T09:21:20Z" finished-at="2019-03-07T09:21:21Z">
          <reporter-output>
          </reporter-output>
        </test-method> <!-- tearDown -->
        <test-method status="PASS" signature="setUp()[pri:0, instance:com.cvs.qa.testcases.RegistrationTest@7494e528]" name="setUp" is-config="true" duration-ms="5078" started-at="2019-03-07T09:21:21Z" finished-at="2019-03-07T09:21:26Z">
          <reporter-output>
          </reporter-output>
        </test-method> <!-- setUp -->
        <test-method status="PASS" signature="registerMultipleCustomer(java.lang.String, java.lang.String, java.lang.String, java.lang.String, java.lang.String, java.lang.String, java.lang.String, java.lang.String, java.lang.String, java.lang.String, java.lang.String, java.lang.String, java.lang.String, java.lang.String, java.lang.String, java.lang.String)[pri:2, instance:com.cvs.qa.testcases.RegistrationTest@7494e528]" name="registerMultipleCustomer" duration-ms="12852" started-at="2019-03-07T09:21:26Z" data-provider="getCVSTestDataRegistration" finished-at="2019-03-07T09:21:38Z">
          <params>
            <param index="0">
              <value>
                <![CDATA[Adnan]]>
              </value>
            </param>
            <param index="1">
              <value>
                <![CDATA[Liaquat]]>
              </value>
            </param>
            <param index="2">
              <value>
                <![CDATA[shuwaibliaquat100@hotmail.com]]>
              </value>
            </param>
            <param index="3">
              <value>
                <![CDATA[Apple12350]]>
              </value>
            </param>
            <param index="4">
              <value>
                <![CDATA[Apple12350]]>
              </value>
            </param>
            <param index="5">
              <value>
                <![CDATA[tommy]]>
              </value>
            </param>
            <param index="6">
              <value>
                <![CDATA[116 Wayne Ave]]>
              </value>
            </param>
            <param index="7">
              <value>
                <![CDATA[6th]]>
              </value>
            </param>
            <param index="8">
              <value>
                <![CDATA[Troy]]>
              </value>
            </param>
            <param index="9">
              <value>
                <![CDATA[MI]]>
              </value>
            </param>
            <param index="10">
              <value>
                <![CDATA[48212]]>
              </value>
            </param>
            <param index="11">
              <value>
                <![CDATA[2019814576]]>
              </value>
            </param>
            <param index="12">
              <value>
                <![CDATA[06]]>
              </value>
            </param>
            <param index="13">
              <value>
                <![CDATA[30]]>
              </value>
            </param>
            <param index="14">
              <value>
                <![CDATA[1989]]>
              </value>
            </param>
            <param index="15">
              <value>
                <![CDATA[Male]]>
              </value>
            </param>
          </params>
          <reporter-output>
          </reporter-output>
        </test-method> <!-- registerMultipleCustomer -->
        <test-method status="PASS" signature="tearDown()[pri:0, instance:com.cvs.qa.testcases.RegistrationTest@7494e528]" name="tearDown" is-config="true" duration-ms="1221" started-at="2019-03-07T09:21:38Z" finished-at="2019-03-07T09:21:40Z">
          <reporter-output>
          </reporter-output>
        </test-method> <!-- tearDown -->
        <test-method status="PASS" signature="setUp()[pri:0, instance:com.cvs.qa.testcases.RegistrationTest@7494e528]" name="setUp" is-config="true" duration-ms="4980" started-at="2019-03-07T09:21:40Z" finished-at="2019-03-07T09:21:45Z">
          <reporter-output>
          </reporter-output>
        </test-method> <!-- setUp -->
        <test-method status="PASS" signature="registerMultipleCustomer(java.lang.String, java.lang.String, java.lang.String, java.lang.String, java.lang.String, java.lang.String, java.lang.String, java.lang.String, java.lang.String, java.lang.String, java.lang.String, java.lang.String, java.lang.String, java.lang.String, java.lang.String, java.lang.String)[pri:2, instance:com.cvs.qa.testcases.RegistrationTest@7494e528]" name="registerMultipleCustomer" duration-ms="11907" started-at="2019-03-07T09:21:45Z" data-provider="getCVSTestDataRegistration" finished-at="2019-03-07T09:21:57Z">
          <params>
            <param index="0">
              <value>
                <![CDATA[Nishat]]>
              </value>
            </param>
            <param index="1">
              <value>
                <![CDATA[Chowdhury]]>
              </value>
            </param>
            <param index="2">
              <value>
                <![CDATA[nishat0598@gmail.com]]>
              </value>
            </param>
            <param index="3">
              <value>
                <![CDATA[Apple555]]>
              </value>
            </param>
            <param index="4">
              <value>
                <![CDATA[Apple555]]>
              </value>
            </param>
            <param index="5">
              <value>
                <![CDATA[Tia]]>
              </value>
            </param>
            <param index="6">
              <value>
                <![CDATA[12 Elk St]]>
              </value>
            </param>
            <param index="7">
              <value>
                <![CDATA[7th]]>
              </value>
            </param>
            <param index="8">
              <value>
                <![CDATA[Lincoln Park]]>
              </value>
            </param>
            <param index="9">
              <value>
                <![CDATA[MI]]>
              </value>
            </param>
            <param index="10">
              <value>
                <![CDATA[48212]]>
              </value>
            </param>
            <param index="11">
              <value>
                <![CDATA[2019814576]]>
              </value>
            </param>
            <param index="12">
              <value>
                <![CDATA[11]]>
              </value>
            </param>
            <param index="13">
              <value>
                <![CDATA[21]]>
              </value>
            </param>
            <param index="14">
              <value>
                <![CDATA[2000]]>
              </value>
            </param>
            <param index="15">
              <value>
                <![CDATA[Female]]>
              </value>
            </param>
          </params>
          <reporter-output>
          </reporter-output>
        </test-method> <!-- registerMultipleCustomer -->
        <test-method status="PASS" signature="tearDown()[pri:0, instance:com.cvs.qa.testcases.RegistrationTest@7494e528]" name="tearDown" is-config="true" duration-ms="959" started-at="2019-03-07T09:21:57Z" finished-at="2019-03-07T09:21:58Z">
          <reporter-output>
          </reporter-output>
        </test-method> <!-- tearDown -->
      </class> <!-- com.cvs.qa.testcases.RegistrationTest -->
    </test> <!-- Default test -->
  </suite> <!-- Default suite -->
</testng-results>
