<?xml version="1.0" encoding="UTF-8"?>
<testng-results skipped="54" failed="23" ignored="0" total="120" passed="43">
  <reporter-output>
  </reporter-output>
  <suite name="CVS Pharmacy Application Test Automation Test Suite" duration-ms="1240395" started-at="2019-02-13T07:06:48Z" finished-at="2019-02-13T07:27:28Z">
    <groups>
    </groups>
    <test name=" CVS HomePageTest" duration-ms="104437" started-at="2019-02-13T07:06:48Z" finished-at="2019-02-13T07:08:32Z">
      <class name="com.cvs.qa.testcases.HomePageTest">
        <test-method status="PASS" signature="setUp()[pri:0, instance:com.cvs.qa.testcases.HomePageTest@1efed156]" name="setUp" is-config="true" duration-ms="5805" started-at="2019-02-13T07:06:48Z" finished-at="2019-02-13T07:06:53Z">
          <reporter-output>
          </reporter-output>
        </test-method> <!-- setUp -->
        <test-method status="PASS" signature="verifyHomePageTitleTest()[pri:0, instance:com.cvs.qa.testcases.HomePageTest@1efed156]" name="verifyHomePageTitleTest" duration-ms="18" started-at="2019-02-13T07:06:53Z" finished-at="2019-02-13T07:06:53Z">
          <reporter-output>
          </reporter-output>
        </test-method> <!-- verifyHomePageTitleTest -->
        <test-method status="PASS" signature="tearDown()[pri:0, instance:com.cvs.qa.testcases.HomePageTest@1efed156]" name="tearDown" is-config="true" duration-ms="886" started-at="2019-02-13T07:06:53Z" finished-at="2019-02-13T07:06:54Z">
          <reporter-output>
          </reporter-output>
        </test-method> <!-- tearDown -->
        <test-method status="PASS" signature="setUp()[pri:0, instance:com.cvs.qa.testcases.HomePageTest@1efed156]" name="setUp" is-config="true" duration-ms="5068" started-at="2019-02-13T07:06:54Z" finished-at="2019-02-13T07:06:59Z">
          <reporter-output>
          </reporter-output>
        </test-method> <!-- setUp -->
        <test-method status="PASS" signature="verifyHomePageLogoTest()[pri:1, instance:com.cvs.qa.testcases.HomePageTest@1efed156]" name="verifyHomePageLogoTest" duration-ms="242" started-at="2019-02-13T07:06:59Z" finished-at="2019-02-13T07:07:00Z">
          <reporter-output>
          </reporter-output>
        </test-method> <!-- verifyHomePageLogoTest -->
        <test-method status="PASS" signature="tearDown()[pri:0, instance:com.cvs.qa.testcases.HomePageTest@1efed156]" name="tearDown" is-config="true" duration-ms="1126" started-at="2019-02-13T07:07:00Z" finished-at="2019-02-13T07:07:01Z">
          <reporter-output>
          </reporter-output>
        </test-method> <!-- tearDown -->
        <test-method status="PASS" signature="setUp()[pri:0, instance:com.cvs.qa.testcases.HomePageTest@1efed156]" name="setUp" is-config="true" duration-ms="5215" started-at="2019-02-13T07:07:01Z" finished-at="2019-02-13T07:07:06Z">
          <reporter-output>
          </reporter-output>
        </test-method> <!-- setUp -->
        <test-method status="PASS" signature="verifySearchBoxTest()[pri:2, instance:com.cvs.qa.testcases.HomePageTest@1efed156]" name="verifySearchBoxTest" duration-ms="840" started-at="2019-02-13T07:07:06Z" finished-at="2019-02-13T07:07:07Z">
          <reporter-output>
          </reporter-output>
        </test-method> <!-- verifySearchBoxTest -->
        <test-method status="PASS" signature="tearDown()[pri:0, instance:com.cvs.qa.testcases.HomePageTest@1efed156]" name="tearDown" is-config="true" duration-ms="2519" started-at="2019-02-13T07:07:07Z" finished-at="2019-02-13T07:07:09Z">
          <reporter-output>
          </reporter-output>
        </test-method> <!-- tearDown -->
        <test-method status="PASS" signature="setUp()[pri:0, instance:com.cvs.qa.testcases.HomePageTest@1efed156]" name="setUp" is-config="true" duration-ms="5015" started-at="2019-02-13T07:07:09Z" finished-at="2019-02-13T07:07:14Z">
          <reporter-output>
          </reporter-output>
        </test-method> <!-- setUp -->
        <test-method status="PASS" signature="verifyPharmacyLinkTest()[pri:3, instance:com.cvs.qa.testcases.HomePageTest@1efed156]" name="verifyPharmacyLinkTest" duration-ms="3404" started-at="2019-02-13T07:07:14Z" finished-at="2019-02-13T07:07:18Z">
          <reporter-output>
          </reporter-output>
        </test-method> <!-- verifyPharmacyLinkTest -->
        <test-method status="PASS" signature="tearDown()[pri:0, instance:com.cvs.qa.testcases.HomePageTest@1efed156]" name="tearDown" is-config="true" duration-ms="1069" started-at="2019-02-13T07:07:18Z" finished-at="2019-02-13T07:07:19Z">
          <reporter-output>
          </reporter-output>
        </test-method> <!-- tearDown -->
        <test-method status="PASS" signature="setUp()[pri:0, instance:com.cvs.qa.testcases.HomePageTest@1efed156]" name="setUp" is-config="true" duration-ms="4850" started-at="2019-02-13T07:07:19Z" finished-at="2019-02-13T07:07:24Z">
          <reporter-output>
          </reporter-output>
        </test-method> <!-- setUp -->
        <test-method status="PASS" signature="verifyMinuteClinicLinkTest()[pri:4, instance:com.cvs.qa.testcases.HomePageTest@1efed156]" name="verifyMinuteClinicLinkTest" duration-ms="4181" started-at="2019-02-13T07:07:24Z" finished-at="2019-02-13T07:07:28Z">
          <reporter-output>
          </reporter-output>
        </test-method> <!-- verifyMinuteClinicLinkTest -->
        <test-method status="PASS" signature="tearDown()[pri:0, instance:com.cvs.qa.testcases.HomePageTest@1efed156]" name="tearDown" is-config="true" duration-ms="981" started-at="2019-02-13T07:07:28Z" finished-at="2019-02-13T07:07:29Z">
          <reporter-output>
          </reporter-output>
        </test-method> <!-- tearDown -->
        <test-method status="PASS" signature="setUp()[pri:0, instance:com.cvs.qa.testcases.HomePageTest@1efed156]" name="setUp" is-config="true" duration-ms="4944" started-at="2019-02-13T07:07:29Z" finished-at="2019-02-13T07:07:34Z">
          <reporter-output>
          </reporter-output>
        </test-method> <!-- setUp -->
        <test-method status="PASS" signature="verifyShopLinkTest()[pri:5, instance:com.cvs.qa.testcases.HomePageTest@1efed156]" name="verifyShopLinkTest" duration-ms="1950" started-at="2019-02-13T07:07:34Z" finished-at="2019-02-13T07:07:36Z">
          <reporter-output>
          </reporter-output>
        </test-method> <!-- verifyShopLinkTest -->
        <test-method status="PASS" signature="tearDown()[pri:0, instance:com.cvs.qa.testcases.HomePageTest@1efed156]" name="tearDown" is-config="true" duration-ms="920" started-at="2019-02-13T07:07:36Z" finished-at="2019-02-13T07:07:37Z">
          <reporter-output>
          </reporter-output>
        </test-method> <!-- tearDown -->
        <test-method status="PASS" signature="setUp()[pri:0, instance:com.cvs.qa.testcases.HomePageTest@1efed156]" name="setUp" is-config="true" duration-ms="4846" started-at="2019-02-13T07:07:37Z" finished-at="2019-02-13T07:07:42Z">
          <reporter-output>
          </reporter-output>
        </test-method> <!-- setUp -->
        <test-method status="PASS" signature="verifyExtraCareLinkTest()[pri:6, instance:com.cvs.qa.testcases.HomePageTest@1efed156]" name="verifyExtraCareLinkTest" duration-ms="1435" started-at="2019-02-13T07:07:42Z" finished-at="2019-02-13T07:07:43Z">
          <reporter-output>
          </reporter-output>
        </test-method> <!-- verifyExtraCareLinkTest -->
        <test-method status="PASS" signature="tearDown()[pri:0, instance:com.cvs.qa.testcases.HomePageTest@1efed156]" name="tearDown" is-config="true" duration-ms="993" started-at="2019-02-13T07:07:43Z" finished-at="2019-02-13T07:07:44Z">
          <reporter-output>
          </reporter-output>
        </test-method> <!-- tearDown -->
        <test-method status="PASS" signature="setUp()[pri:0, instance:com.cvs.qa.testcases.HomePageTest@1efed156]" name="setUp" is-config="true" duration-ms="5006" started-at="2019-02-13T07:07:44Z" finished-at="2019-02-13T07:07:49Z">
          <reporter-output>
          </reporter-output>
        </test-method> <!-- setUp -->
        <test-method status="PASS" signature="verifyContactLensesTest()[pri:7, instance:com.cvs.qa.testcases.HomePageTest@1efed156]" name="verifyContactLensesTest" duration-ms="1898" started-at="2019-02-13T07:07:49Z" finished-at="2019-02-13T07:07:51Z">
          <reporter-output>
          </reporter-output>
        </test-method> <!-- verifyContactLensesTest -->
        <test-method status="PASS" signature="tearDown()[pri:0, instance:com.cvs.qa.testcases.HomePageTest@1efed156]" name="tearDown" is-config="true" duration-ms="888" started-at="2019-02-13T07:07:51Z" finished-at="2019-02-13T07:07:52Z">
          <reporter-output>
          </reporter-output>
        </test-method> <!-- tearDown -->
        <test-method status="PASS" signature="setUp()[pri:0, instance:com.cvs.qa.testcases.HomePageTest@1efed156]" name="setUp" is-config="true" duration-ms="5254" started-at="2019-02-13T07:07:52Z" finished-at="2019-02-13T07:07:57Z">
          <reporter-output>
          </reporter-output>
        </test-method> <!-- setUp -->
        <test-method status="PASS" signature="verifyPhotoLinkTest()[pri:8, instance:com.cvs.qa.testcases.HomePageTest@1efed156]" name="verifyPhotoLinkTest" duration-ms="4518" started-at="2019-02-13T07:07:57Z" finished-at="2019-02-13T07:08:02Z">
          <reporter-output>
          </reporter-output>
        </test-method> <!-- verifyPhotoLinkTest -->
        <test-method status="PASS" signature="tearDown()[pri:0, instance:com.cvs.qa.testcases.HomePageTest@1efed156]" name="tearDown" is-config="true" duration-ms="1080" started-at="2019-02-13T07:08:02Z" finished-at="2019-02-13T07:08:03Z">
          <reporter-output>
          </reporter-output>
        </test-method> <!-- tearDown -->
        <test-method status="PASS" signature="setUp()[pri:0, instance:com.cvs.qa.testcases.HomePageTest@1efed156]" name="setUp" is-config="true" duration-ms="5810" started-at="2019-02-13T07:08:03Z" finished-at="2019-02-13T07:08:08Z">
          <reporter-output>
          </reporter-output>
        </test-method> <!-- setUp -->
        <test-method status="PASS" signature="verifyStoreLocatorTest()[pri:9, instance:com.cvs.qa.testcases.HomePageTest@1efed156]" name="verifyStoreLocatorTest" duration-ms="8305" started-at="2019-02-13T07:08:08Z" finished-at="2019-02-13T07:08:17Z">
          <reporter-output>
          </reporter-output>
        </test-method> <!-- verifyStoreLocatorTest -->
        <test-method status="PASS" signature="tearDown()[pri:0, instance:com.cvs.qa.testcases.HomePageTest@1efed156]" name="tearDown" is-config="true" duration-ms="1194" started-at="2019-02-13T07:08:17Z" finished-at="2019-02-13T07:08:18Z">
          <reporter-output>
          </reporter-output>
        </test-method> <!-- tearDown -->
        <test-method status="PASS" signature="setUp()[pri:0, instance:com.cvs.qa.testcases.HomePageTest@1efed156]" name="setUp" is-config="true" duration-ms="5022" started-at="2019-02-13T07:08:18Z" finished-at="2019-02-13T07:08:23Z">
          <reporter-output>
          </reporter-output>
        </test-method> <!-- setUp -->
        <test-method status="PASS" signature="verifyStoreLocator24HrsStoreTest()[pri:10, instance:com.cvs.qa.testcases.HomePageTest@1efed156]" name="verifyStoreLocator24HrsStoreTest" duration-ms="8060" started-at="2019-02-13T07:08:23Z" finished-at="2019-02-13T07:08:31Z">
          <reporter-output>
          </reporter-output>
        </test-method> <!-- verifyStoreLocator24HrsStoreTest -->
        <test-method status="PASS" signature="tearDown()[pri:0, instance:com.cvs.qa.testcases.HomePageTest@1efed156]" name="tearDown" is-config="true" duration-ms="1054" started-at="2019-02-13T07:08:31Z" finished-at="2019-02-13T07:08:32Z">
          <reporter-output>
          </reporter-output>
        </test-method> <!-- tearDown -->
      </class> <!-- com.cvs.qa.testcases.HomePageTest -->
    </test> <!--  CVS HomePageTest -->
    <test name=" CVS LogInPageTest" duration-ms="77452" started-at="2019-02-13T07:08:32Z" finished-at="2019-02-13T07:09:50Z">
      <class name="com.cvs.qa.testcases.LogInTest">
        <test-method status="PASS" signature="setUp()[pri:0, instance:com.cvs.qa.testcases.LogInTest@27a5f880]" name="setUp" is-config="true" duration-ms="5035" started-at="2019-02-13T07:08:33Z" finished-at="2019-02-13T07:08:38Z">
          <reporter-output>
          </reporter-output>
        </test-method> <!-- setUp -->
        <test-method status="PASS" signature="verifyLogInExcelData(java.lang.String, java.lang.String)[pri:0, instance:com.cvs.qa.testcases.LogInTest@27a5f880]" name="verifyLogInExcelData" duration-ms="2815" started-at="2019-02-13T07:08:38Z" data-provider="getCVSTestDataLogIn" finished-at="2019-02-13T07:08:41Z">
          <params>
            <param index="0">
              <value>
                <![CDATA[shuwaibliaquat@hotmail.com]]>
              </value>
            </param>
            <param index="1">
              <value>
                <![CDATA[hhb12345]]>
              </value>
            </param>
          </params>
          <reporter-output>
          </reporter-output>
        </test-method> <!-- verifyLogInExcelData -->
        <test-method status="PASS" signature="tearDown()[pri:0, instance:com.cvs.qa.testcases.LogInTest@27a5f880]" name="tearDown" is-config="true" duration-ms="2418" started-at="2019-02-13T07:08:41Z" finished-at="2019-02-13T07:08:43Z">
          <reporter-output>
          </reporter-output>
        </test-method> <!-- tearDown -->
        <test-method status="PASS" signature="setUp()[pri:0, instance:com.cvs.qa.testcases.LogInTest@27a5f880]" name="setUp" is-config="true" duration-ms="4973" started-at="2019-02-13T07:08:43Z" finished-at="2019-02-13T07:08:48Z">
          <reporter-output>
          </reporter-output>
        </test-method> <!-- setUp -->
        <test-method status="PASS" signature="verifyLogInExcelData(java.lang.String, java.lang.String)[pri:0, instance:com.cvs.qa.testcases.LogInTest@27a5f880]" name="verifyLogInExcelData" duration-ms="2889" started-at="2019-02-13T07:08:48Z" data-provider="getCVSTestDataLogIn" finished-at="2019-02-13T07:08:51Z">
          <params>
            <param index="0">
              <value>
                <![CDATA[shuwaibliaquat@ymail.com]]>
              </value>
            </param>
            <param index="1">
              <value>
                <![CDATA[truelove12345]]>
              </value>
            </param>
          </params>
          <reporter-output>
          </reporter-output>
        </test-method> <!-- verifyLogInExcelData -->
        <test-method status="PASS" signature="tearDown()[pri:0, instance:com.cvs.qa.testcases.LogInTest@27a5f880]" name="tearDown" is-config="true" duration-ms="936" started-at="2019-02-13T07:08:51Z" finished-at="2019-02-13T07:08:52Z">
          <reporter-output>
          </reporter-output>
        </test-method> <!-- tearDown -->
        <test-method status="PASS" signature="setUp()[pri:0, instance:com.cvs.qa.testcases.LogInTest@27a5f880]" name="setUp" is-config="true" duration-ms="5865" started-at="2019-02-13T07:08:52Z" finished-at="2019-02-13T07:08:58Z">
          <reporter-output>
          </reporter-output>
        </test-method> <!-- setUp -->
        <test-method status="PASS" signature="verifyLogInExcelData(java.lang.String, java.lang.String)[pri:0, instance:com.cvs.qa.testcases.LogInTest@27a5f880]" name="verifyLogInExcelData" duration-ms="2594" started-at="2019-02-13T07:08:58Z" data-provider="getCVSTestDataLogIn" finished-at="2019-02-13T07:09:00Z">
          <params>
            <param index="0">
              <value>
                <![CDATA[nishat055@gmail.com]]>
              </value>
            </param>
            <param index="1">
              <value>
                <![CDATA[apple123456]]>
              </value>
            </param>
          </params>
          <reporter-output>
          </reporter-output>
        </test-method> <!-- verifyLogInExcelData -->
        <test-method status="PASS" signature="tearDown()[pri:0, instance:com.cvs.qa.testcases.LogInTest@27a5f880]" name="tearDown" is-config="true" duration-ms="953" started-at="2019-02-13T07:09:00Z" finished-at="2019-02-13T07:09:01Z">
          <reporter-output>
          </reporter-output>
        </test-method> <!-- tearDown -->
        <test-method status="PASS" signature="setUp()[pri:0, instance:com.cvs.qa.testcases.LogInTest@27a5f880]" name="setUp" is-config="true" duration-ms="5112" started-at="2019-02-13T07:09:01Z" finished-at="2019-02-13T07:09:06Z">
          <reporter-output>
          </reporter-output>
        </test-method> <!-- setUp -->
        <test-method status="PASS" signature="verifyLogInTest()[pri:1, instance:com.cvs.qa.testcases.LogInTest@27a5f880]" name="verifyLogInTest" duration-ms="2895" started-at="2019-02-13T07:09:06Z" finished-at="2019-02-13T07:09:09Z">
          <reporter-output>
          </reporter-output>
        </test-method> <!-- verifyLogInTest -->
        <test-method status="PASS" signature="tearDown()[pri:0, instance:com.cvs.qa.testcases.LogInTest@27a5f880]" name="tearDown" is-config="true" duration-ms="938" started-at="2019-02-13T07:09:09Z" finished-at="2019-02-13T07:09:10Z">
          <reporter-output>
          </reporter-output>
        </test-method> <!-- tearDown -->
        <test-method status="PASS" signature="setUp()[pri:0, instance:com.cvs.qa.testcases.LogInTest@27a5f880]" name="setUp" is-config="true" duration-ms="5144" started-at="2019-02-13T07:09:10Z" finished-at="2019-02-13T07:09:15Z">
          <reporter-output>
          </reporter-output>
        </test-method> <!-- setUp -->
        <test-method status="PASS" signature="verifyTopPanelLogInTestExcelDataTest(java.lang.String, java.lang.String)[pri:2, instance:com.cvs.qa.testcases.LogInTest@27a5f880]" name="verifyTopPanelLogInTestExcelDataTest" duration-ms="2704" started-at="2019-02-13T07:09:15Z" data-provider="getCVSTestDataLogIn" finished-at="2019-02-13T07:09:18Z">
          <params>
            <param index="0">
              <value>
                <![CDATA[shuwaibliaquat@hotmail.com]]>
              </value>
            </param>
            <param index="1">
              <value>
                <![CDATA[hhb12345]]>
              </value>
            </param>
          </params>
          <reporter-output>
          </reporter-output>
        </test-method> <!-- verifyTopPanelLogInTestExcelDataTest -->
        <test-method status="PASS" signature="tearDown()[pri:0, instance:com.cvs.qa.testcases.LogInTest@27a5f880]" name="tearDown" is-config="true" duration-ms="2582" started-at="2019-02-13T07:09:18Z" finished-at="2019-02-13T07:09:21Z">
          <reporter-output>
          </reporter-output>
        </test-method> <!-- tearDown -->
        <test-method status="PASS" signature="setUp()[pri:0, instance:com.cvs.qa.testcases.LogInTest@27a5f880]" name="setUp" is-config="true" duration-ms="5034" started-at="2019-02-13T07:09:21Z" finished-at="2019-02-13T07:09:26Z">
          <reporter-output>
          </reporter-output>
        </test-method> <!-- setUp -->
        <test-method status="PASS" signature="verifyTopPanelLogInTestExcelDataTest(java.lang.String, java.lang.String)[pri:2, instance:com.cvs.qa.testcases.LogInTest@27a5f880]" name="verifyTopPanelLogInTestExcelDataTest" duration-ms="2863" started-at="2019-02-13T07:09:26Z" data-provider="getCVSTestDataLogIn" finished-at="2019-02-13T07:09:29Z">
          <params>
            <param index="0">
              <value>
                <![CDATA[shuwaibliaquat@ymail.com]]>
              </value>
            </param>
            <param index="1">
              <value>
                <![CDATA[truelove12345]]>
              </value>
            </param>
          </params>
          <reporter-output>
          </reporter-output>
        </test-method> <!-- verifyTopPanelLogInTestExcelDataTest -->
        <test-method status="PASS" signature="tearDown()[pri:0, instance:com.cvs.qa.testcases.LogInTest@27a5f880]" name="tearDown" is-config="true" duration-ms="930" started-at="2019-02-13T07:09:29Z" finished-at="2019-02-13T07:09:29Z">
          <reporter-output>
          </reporter-output>
        </test-method> <!-- tearDown -->
        <test-method status="PASS" signature="setUp()[pri:0, instance:com.cvs.qa.testcases.LogInTest@27a5f880]" name="setUp" is-config="true" duration-ms="6426" started-at="2019-02-13T07:09:29Z" finished-at="2019-02-13T07:09:36Z">
          <reporter-output>
          </reporter-output>
        </test-method> <!-- setUp -->
        <test-method status="PASS" signature="verifyTopPanelLogInTestExcelDataTest(java.lang.String, java.lang.String)[pri:2, instance:com.cvs.qa.testcases.LogInTest@27a5f880]" name="verifyTopPanelLogInTestExcelDataTest" duration-ms="2588" started-at="2019-02-13T07:09:36Z" data-provider="getCVSTestDataLogIn" finished-at="2019-02-13T07:09:38Z">
          <params>
            <param index="0">
              <value>
                <![CDATA[nishat055@gmail.com]]>
              </value>
            </param>
            <param index="1">
              <value>
                <![CDATA[apple123456]]>
              </value>
            </param>
          </params>
          <reporter-output>
          </reporter-output>
        </test-method> <!-- verifyTopPanelLogInTestExcelDataTest -->
        <test-method status="PASS" signature="tearDown()[pri:0, instance:com.cvs.qa.testcases.LogInTest@27a5f880]" name="tearDown" is-config="true" duration-ms="930" started-at="2019-02-13T07:09:38Z" finished-at="2019-02-13T07:09:39Z">
          <reporter-output>
          </reporter-output>
        </test-method> <!-- tearDown -->
        <test-method status="PASS" signature="setUp()[pri:0, instance:com.cvs.qa.testcases.LogInTest@27a5f880]" name="setUp" is-config="true" duration-ms="5009" started-at="2019-02-13T07:09:39Z" finished-at="2019-02-13T07:09:44Z">
          <reporter-output>
          </reporter-output>
        </test-method> <!-- setUp -->
        <test-method status="PASS" signature="verifyTopPanelLogInTest()[pri:3, instance:com.cvs.qa.testcases.LogInTest@27a5f880]" name="verifyTopPanelLogInTest" duration-ms="2708" started-at="2019-02-13T07:09:44Z" finished-at="2019-02-13T07:09:47Z">
          <reporter-output>
          </reporter-output>
        </test-method> <!-- verifyTopPanelLogInTest -->
        <test-method status="PASS" signature="tearDown()[pri:0, instance:com.cvs.qa.testcases.LogInTest@27a5f880]" name="tearDown" is-config="true" duration-ms="2382" started-at="2019-02-13T07:09:47Z" finished-at="2019-02-13T07:09:50Z">
          <reporter-output>
          </reporter-output>
        </test-method> <!-- tearDown -->
      </class> <!-- com.cvs.qa.testcases.LogInTest -->
    </test> <!--  CVS LogInPageTest -->
    <test name=" CVS RegistrationPageTest" duration-ms="290345" started-at="2019-02-13T07:09:50Z" finished-at="2019-02-13T07:14:40Z">
      <class name="com.cvs.qa.testcases.RegistrationTest">
        <test-method status="PASS" signature="setUp()[pri:0, instance:com.cvs.qa.testcases.RegistrationTest@74650e52]" name="setUp" is-config="true" duration-ms="5076" started-at="2019-02-13T07:09:50Z" finished-at="2019-02-13T07:09:55Z">
          <reporter-output>
          </reporter-output>
        </test-method> <!-- setUp -->
        <test-method status="PASS" signature="verifyRegistrationPageTitle()[pri:0, instance:com.cvs.qa.testcases.RegistrationTest@74650e52]" name="verifyRegistrationPageTitle" duration-ms="1585" started-at="2019-02-13T07:09:55Z" finished-at="2019-02-13T07:09:56Z">
          <reporter-output>
          </reporter-output>
        </test-method> <!-- verifyRegistrationPageTitle -->
        <test-method status="PASS" signature="tearDown()[pri:0, instance:com.cvs.qa.testcases.RegistrationTest@74650e52]" name="tearDown" is-config="true" duration-ms="1046" started-at="2019-02-13T07:09:56Z" finished-at="2019-02-13T07:09:57Z">
          <reporter-output>
          </reporter-output>
        </test-method> <!-- tearDown -->
        <test-method status="PASS" signature="setUp()[pri:0, instance:com.cvs.qa.testcases.RegistrationTest@74650e52]" name="setUp" is-config="true" duration-ms="4908" started-at="2019-02-13T07:09:57Z" finished-at="2019-02-13T07:10:02Z">
          <reporter-output>
          </reporter-output>
        </test-method> <!-- setUp -->
        <test-method status="SKIP" signature="registerCustomer()[pri:1, instance:com.cvs.qa.testcases.RegistrationTest@74650e52]" name="registerCustomer" duration-ms="22388" started-at="2019-02-13T07:10:02Z" finished-at="2019-02-13T07:10:25Z">
          <exception class="org.openqa.selenium.ElementNotVisibleException">
            <message>
              <![CDATA[element not interactable
  (Session info: chrome=71.0.3578.98)
  (Driver info: chromedriver=2.42.591088 (7b2b2dca23cca0862f674758c9a3933e685c27d5),platform=Windows NT 10.0.17134 x86_64) (WARNING: The server did not provide any stacktrace information)
Command duration or timeout: 0 milliseconds
Build info: version: '3.14.0', revision: 'aacccce0', time: '2018-08-02T20:19:58.91Z'
System info: host: 'DESKTOP-JEV6767', ip: '192.168.1.7', os.name: 'Windows 10', os.arch: 'amd64', os.version: '10.0', java.version: '1.8.0_171'
Driver info: org.openqa.selenium.chrome.ChromeDriver
Capabilities {acceptInsecureCerts: false, acceptSslCerts: false, applicationCacheEnabled: false, browserConnectionEnabled: false, browserName: chrome, chrome: {chromedriverVersion: 2.42.591088 (7b2b2dca23cca0..., userDataDir: C:\Users\JAVALE~1\AppData\L...}, cssSelectorsEnabled: true, databaseEnabled: false, goog:chromeOptions: {debuggerAddress: localhost:56306}, handlesAlerts: true, hasTouchScreen: false, javascriptEnabled: true, locationContextEnabled: true, mobileEmulationEnabled: false, nativeEvents: true, networkConnectionEnabled: false, pageLoadStrategy: normal, platform: XP, platformName: XP, rotatable: false, setWindowRect: true, takesHeapSnapshot: true, takesScreenshot: true, unexpectedAlertBehaviour: , unhandledPromptBehavior: , version: 71.0.3578.98, webStorageEnabled: true}
Session ID: 4321415fa0bef3223c99770e4f85fe43]]>
            </message>
            <full-stacktrace>
              <![CDATA[org.openqa.selenium.ElementNotVisibleException: element not interactable
  (Session info: chrome=71.0.3578.98)
  (Driver info: chromedriver=2.42.591088 (7b2b2dca23cca0862f674758c9a3933e685c27d5),platform=Windows NT 10.0.17134 x86_64) (WARNING: The server did not provide any stacktrace information)
Command duration or timeout: 0 milliseconds
Build info: version: '3.14.0', revision: 'aacccce0', time: '2018-08-02T20:19:58.91Z'
System info: host: 'DESKTOP-JEV6767', ip: '192.168.1.7', os.name: 'Windows 10', os.arch: 'amd64', os.version: '10.0', java.version: '1.8.0_171'
Driver info: org.openqa.selenium.chrome.ChromeDriver
Capabilities {acceptInsecureCerts: false, acceptSslCerts: false, applicationCacheEnabled: false, browserConnectionEnabled: false, browserName: chrome, chrome: {chromedriverVersion: 2.42.591088 (7b2b2dca23cca0..., userDataDir: C:\Users\JAVALE~1\AppData\L...}, cssSelectorsEnabled: true, databaseEnabled: false, goog:chromeOptions: {debuggerAddress: localhost:56306}, handlesAlerts: true, hasTouchScreen: false, javascriptEnabled: true, locationContextEnabled: true, mobileEmulationEnabled: false, nativeEvents: true, networkConnectionEnabled: false, pageLoadStrategy: normal, platform: XP, platformName: XP, rotatable: false, setWindowRect: true, takesHeapSnapshot: true, takesScreenshot: true, unexpectedAlertBehaviour: , unhandledPromptBehavior: , version: 71.0.3578.98, webStorageEnabled: true}
Session ID: 4321415fa0bef3223c99770e4f85fe43
at sun.reflect.NativeConstructorAccessorImpl.newInstance0(Native Method)
at sun.reflect.NativeConstructorAccessorImpl.newInstance(Unknown Source)
at sun.reflect.DelegatingConstructorAccessorImpl.newInstance(Unknown Source)
at java.lang.reflect.Constructor.newInstance(Unknown Source)
at org.openqa.selenium.remote.ErrorHandler.createThrowable(ErrorHandler.java:214)
at org.openqa.selenium.remote.ErrorHandler.throwIfResponseFailed(ErrorHandler.java:166)
at org.openqa.selenium.remote.http.JsonHttpResponseCodec.reconstructValue(JsonHttpResponseCodec.java:40)
at org.openqa.selenium.remote.http.AbstractHttpResponseCodec.decode(AbstractHttpResponseCodec.java:80)
at org.openqa.selenium.remote.http.AbstractHttpResponseCodec.decode(AbstractHttpResponseCodec.java:44)
at org.openqa.selenium.remote.HttpCommandExecutor.execute(HttpCommandExecutor.java:158)
at org.openqa.selenium.remote.service.DriverCommandExecutor.execute(DriverCommandExecutor.java:83)
at org.openqa.selenium.remote.RemoteWebDriver.execute(RemoteWebDriver.java:548)
at org.openqa.selenium.remote.RemoteWebElement.execute(RemoteWebElement.java:276)
at org.openqa.selenium.remote.RemoteWebElement.sendKeys(RemoteWebElement.java:100)
at sun.reflect.GeneratedMethodAccessor10.invoke(Unknown Source)
at sun.reflect.DelegatingMethodAccessorImpl.invoke(Unknown Source)
at java.lang.reflect.Method.invoke(Unknown Source)
at org.openqa.selenium.support.events.EventFiringWebDriver$EventFiringWebElement.lambda$new$0(EventFiringWebDriver.java:403)
at com.sun.proxy.$Proxy13.sendKeys(Unknown Source)
at org.openqa.selenium.support.events.EventFiringWebDriver$EventFiringWebElement.sendKeys(EventFiringWebDriver.java:428)
at sun.reflect.GeneratedMethodAccessor10.invoke(Unknown Source)
at sun.reflect.DelegatingMethodAccessorImpl.invoke(Unknown Source)
at java.lang.reflect.Method.invoke(Unknown Source)
at org.openqa.selenium.support.pagefactory.internal.LocatingElementHandler.invoke(LocatingElementHandler.java:51)
at com.sun.proxy.$Proxy12.sendKeys(Unknown Source)
at com.cvs.qa.pages.Registration.registrationForm(Registration.java:89)
at com.cvs.qa.testcases.RegistrationTest.registerCustomer(RegistrationTest.java:50)
at sun.reflect.NativeMethodAccessorImpl.invoke0(Native Method)
at sun.reflect.NativeMethodAccessorImpl.invoke(Unknown Source)
at sun.reflect.DelegatingMethodAccessorImpl.invoke(Unknown Source)
at java.lang.reflect.Method.invoke(Unknown Source)
at org.testng.internal.MethodInvocationHelper.invokeMethod(MethodInvocationHelper.java:124)
at org.testng.internal.Invoker.invokeMethod(Invoker.java:583)
at org.testng.internal.Invoker.invokeTestMethod(Invoker.java:719)
at org.testng.internal.Invoker.invokeTestMethods(Invoker.java:989)
at org.testng.internal.TestMethodWorker.invokeTestMethods(TestMethodWorker.java:125)
at org.testng.internal.TestMethodWorker.run(TestMethodWorker.java:109)
at org.testng.TestRunner.privateRun(TestRunner.java:648)
at org.testng.TestRunner.run(TestRunner.java:505)
at org.testng.SuiteRunner.runTest(SuiteRunner.java:455)
at org.testng.SuiteRunner.runSequentially(SuiteRunner.java:450)
at org.testng.SuiteRunner.privateRun(SuiteRunner.java:415)
at org.testng.SuiteRunner.run(SuiteRunner.java:364)
at org.testng.SuiteRunnerWorker.runSuite(SuiteRunnerWorker.java:52)
at org.testng.SuiteRunnerWorker.run(SuiteRunnerWorker.java:84)
at org.testng.TestNG.runSuitesSequentially(TestNG.java:1208)
at org.testng.TestNG.runSuitesLocally(TestNG.java:1137)
at org.testng.TestNG.runSuites(TestNG.java:1049)
at org.testng.TestNG.run(TestNG.java:1017)
at org.testng.remote.AbstractRemoteTestNG.run(AbstractRemoteTestNG.java:114)
at org.testng.remote.RemoteTestNG.initAndRun(RemoteTestNG.java:251)
at org.testng.remote.RemoteTestNG.main(RemoteTestNG.java:77)
]]>
            </full-stacktrace>
          </exception> <!-- org.openqa.selenium.ElementNotVisibleException -->
          <reporter-output>
          </reporter-output>
        </test-method> <!-- registerCustomer -->
        <test-method status="PASS" signature="tearDown()[pri:0, instance:com.cvs.qa.testcases.RegistrationTest@74650e52]" name="tearDown" is-config="true" duration-ms="1015" started-at="2019-02-13T07:10:25Z" finished-at="2019-02-13T07:10:26Z">
          <reporter-output>
          </reporter-output>
        </test-method> <!-- tearDown -->
        <test-method status="PASS" signature="setUp()[pri:0, instance:com.cvs.qa.testcases.RegistrationTest@74650e52]" name="setUp" is-config="true" duration-ms="4917" started-at="2019-02-13T07:10:26Z" finished-at="2019-02-13T07:10:30Z">
          <reporter-output>
          </reporter-output>
        </test-method> <!-- setUp -->
        <test-method status="SKIP" signature="registerCustomer()[pri:1, instance:com.cvs.qa.testcases.RegistrationTest@74650e52]" name="registerCustomer" duration-ms="2281" started-at="2019-02-13T07:10:30Z" finished-at="2019-02-13T07:10:33Z">
          <exception class="org.openqa.selenium.StaleElementReferenceException">
            <message>
              <![CDATA[stale element reference: element is not attached to the page document
  (Session info: chrome=71.0.3578.98)
  (Driver info: chromedriver=2.42.591088 (7b2b2dca23cca0862f674758c9a3933e685c27d5),platform=Windows NT 10.0.17134 x86_64) (WARNING: The server did not provide any stacktrace information)
Command duration or timeout: 0 milliseconds
For documentation on this error, please visit: http://seleniumhq.org/exceptions/stale_element_reference.html
Build info: version: '3.14.0', revision: 'aacccce0', time: '2018-08-02T20:19:58.91Z'
System info: host: 'DESKTOP-JEV6767', ip: '192.168.1.7', os.name: 'Windows 10', os.arch: 'amd64', os.version: '10.0', java.version: '1.8.0_171'
Driver info: org.openqa.selenium.chrome.ChromeDriver
Capabilities {acceptInsecureCerts: false, acceptSslCerts: false, applicationCacheEnabled: false, browserConnectionEnabled: false, browserName: chrome, chrome: {chromedriverVersion: 2.42.591088 (7b2b2dca23cca0..., userDataDir: C:\Users\JAVALE~1\AppData\L...}, cssSelectorsEnabled: true, databaseEnabled: false, goog:chromeOptions: {debuggerAddress: localhost:56397}, handlesAlerts: true, hasTouchScreen: false, javascriptEnabled: true, locationContextEnabled: true, mobileEmulationEnabled: false, nativeEvents: true, networkConnectionEnabled: false, pageLoadStrategy: normal, platform: XP, platformName: XP, rotatable: false, setWindowRect: true, takesHeapSnapshot: true, takesScreenshot: true, unexpectedAlertBehaviour: , unhandledPromptBehavior: , version: 71.0.3578.98, webStorageEnabled: true}
Session ID: 9f17a988542a4c21f17a88a6f7028172]]>
            </message>
            <full-stacktrace>
              <![CDATA[org.openqa.selenium.StaleElementReferenceException: stale element reference: element is not attached to the page document
  (Session info: chrome=71.0.3578.98)
  (Driver info: chromedriver=2.42.591088 (7b2b2dca23cca0862f674758c9a3933e685c27d5),platform=Windows NT 10.0.17134 x86_64) (WARNING: The server did not provide any stacktrace information)
Command duration or timeout: 0 milliseconds
For documentation on this error, please visit: http://seleniumhq.org/exceptions/stale_element_reference.html
Build info: version: '3.14.0', revision: 'aacccce0', time: '2018-08-02T20:19:58.91Z'
System info: host: 'DESKTOP-JEV6767', ip: '192.168.1.7', os.name: 'Windows 10', os.arch: 'amd64', os.version: '10.0', java.version: '1.8.0_171'
Driver info: org.openqa.selenium.chrome.ChromeDriver
Capabilities {acceptInsecureCerts: false, acceptSslCerts: false, applicationCacheEnabled: false, browserConnectionEnabled: false, browserName: chrome, chrome: {chromedriverVersion: 2.42.591088 (7b2b2dca23cca0..., userDataDir: C:\Users\JAVALE~1\AppData\L...}, cssSelectorsEnabled: true, databaseEnabled: false, goog:chromeOptions: {debuggerAddress: localhost:56397}, handlesAlerts: true, hasTouchScreen: false, javascriptEnabled: true, locationContextEnabled: true, mobileEmulationEnabled: false, nativeEvents: true, networkConnectionEnabled: false, pageLoadStrategy: normal, platform: XP, platformName: XP, rotatable: false, setWindowRect: true, takesHeapSnapshot: true, takesScreenshot: true, unexpectedAlertBehaviour: , unhandledPromptBehavior: , version: 71.0.3578.98, webStorageEnabled: true}
Session ID: 9f17a988542a4c21f17a88a6f7028172
at sun.reflect.NativeConstructorAccessorImpl.newInstance0(Native Method)
at sun.reflect.NativeConstructorAccessorImpl.newInstance(Unknown Source)
at sun.reflect.DelegatingConstructorAccessorImpl.newInstance(Unknown Source)
at java.lang.reflect.Constructor.newInstance(Unknown Source)
at org.openqa.selenium.remote.ErrorHandler.createThrowable(ErrorHandler.java:214)
at org.openqa.selenium.remote.ErrorHandler.throwIfResponseFailed(ErrorHandler.java:166)
at org.openqa.selenium.remote.http.JsonHttpResponseCodec.reconstructValue(JsonHttpResponseCodec.java:40)
at org.openqa.selenium.remote.http.AbstractHttpResponseCodec.decode(AbstractHttpResponseCodec.java:80)
at org.openqa.selenium.remote.http.AbstractHttpResponseCodec.decode(AbstractHttpResponseCodec.java:44)
at org.openqa.selenium.remote.HttpCommandExecutor.execute(HttpCommandExecutor.java:158)
at org.openqa.selenium.remote.service.DriverCommandExecutor.execute(DriverCommandExecutor.java:83)
at org.openqa.selenium.remote.RemoteWebDriver.execute(RemoteWebDriver.java:548)
at org.openqa.selenium.remote.RemoteWebElement.execute(RemoteWebElement.java:276)
at org.openqa.selenium.remote.RemoteWebElement.sendKeys(RemoteWebElement.java:100)
at sun.reflect.GeneratedMethodAccessor10.invoke(Unknown Source)
at sun.reflect.DelegatingMethodAccessorImpl.invoke(Unknown Source)
at java.lang.reflect.Method.invoke(Unknown Source)
at org.openqa.selenium.support.events.EventFiringWebDriver$EventFiringWebElement.lambda$new$0(EventFiringWebDriver.java:403)
at com.sun.proxy.$Proxy13.sendKeys(Unknown Source)
at org.openqa.selenium.support.events.EventFiringWebDriver$EventFiringWebElement.sendKeys(EventFiringWebDriver.java:428)
at sun.reflect.GeneratedMethodAccessor10.invoke(Unknown Source)
at sun.reflect.DelegatingMethodAccessorImpl.invoke(Unknown Source)
at java.lang.reflect.Method.invoke(Unknown Source)
at org.openqa.selenium.support.pagefactory.internal.LocatingElementHandler.invoke(LocatingElementHandler.java:51)
at com.sun.proxy.$Proxy12.sendKeys(Unknown Source)
at com.cvs.qa.pages.Registration.registrationForm(Registration.java:89)
at com.cvs.qa.testcases.RegistrationTest.registerCustomer(RegistrationTest.java:50)
at sun.reflect.NativeMethodAccessorImpl.invoke0(Native Method)
at sun.reflect.NativeMethodAccessorImpl.invoke(Unknown Source)
at sun.reflect.DelegatingMethodAccessorImpl.invoke(Unknown Source)
at java.lang.reflect.Method.invoke(Unknown Source)
at org.testng.internal.MethodInvocationHelper.invokeMethod(MethodInvocationHelper.java:124)
at org.testng.internal.Invoker.invokeMethod(Invoker.java:583)
at org.testng.internal.Invoker.retryFailed(Invoker.java:839)
at org.testng.internal.Invoker.invokeTestMethods(Invoker.java:1010)
at org.testng.internal.TestMethodWorker.invokeTestMethods(TestMethodWorker.java:125)
at org.testng.internal.TestMethodWorker.run(TestMethodWorker.java:109)
at org.testng.TestRunner.privateRun(TestRunner.java:648)
at org.testng.TestRunner.run(TestRunner.java:505)
at org.testng.SuiteRunner.runTest(SuiteRunner.java:455)
at org.testng.SuiteRunner.runSequentially(SuiteRunner.java:450)
at org.testng.SuiteRunner.privateRun(SuiteRunner.java:415)
at org.testng.SuiteRunner.run(SuiteRunner.java:364)
at org.testng.SuiteRunnerWorker.runSuite(SuiteRunnerWorker.java:52)
at org.testng.SuiteRunnerWorker.run(SuiteRunnerWorker.java:84)
at org.testng.TestNG.runSuitesSequentially(TestNG.java:1208)
at org.testng.TestNG.runSuitesLocally(TestNG.java:1137)
at org.testng.TestNG.runSuites(TestNG.java:1049)
at org.testng.TestNG.run(TestNG.java:1017)
at org.testng.remote.AbstractRemoteTestNG.run(AbstractRemoteTestNG.java:114)
at org.testng.remote.RemoteTestNG.initAndRun(RemoteTestNG.java:251)
at org.testng.remote.RemoteTestNG.main(RemoteTestNG.java:77)
]]>
            </full-stacktrace>
          </exception> <!-- org.openqa.selenium.StaleElementReferenceException -->
          <reporter-output>
          </reporter-output>
        </test-method> <!-- registerCustomer -->
        <test-method status="PASS" signature="tearDown()[pri:0, instance:com.cvs.qa.testcases.RegistrationTest@74650e52]" name="tearDown" is-config="true" duration-ms="939" started-at="2019-02-13T07:10:33Z" finished-at="2019-02-13T07:10:34Z">
          <reporter-output>
          </reporter-output>
        </test-method> <!-- tearDown -->
        <test-method status="PASS" signature="setUp()[pri:0, instance:com.cvs.qa.testcases.RegistrationTest@74650e52]" name="setUp" is-config="true" duration-ms="5159" started-at="2019-02-13T07:10:34Z" finished-at="2019-02-13T07:10:39Z">
          <reporter-output>
          </reporter-output>
        </test-method> <!-- setUp -->
        <test-method status="SKIP" signature="registerCustomer()[pri:1, instance:com.cvs.qa.testcases.RegistrationTest@74650e52]" name="registerCustomer" duration-ms="2401" started-at="2019-02-13T07:10:39Z" finished-at="2019-02-13T07:10:41Z">
          <exception class="org.openqa.selenium.StaleElementReferenceException">
            <message>
              <![CDATA[stale element reference: element is not attached to the page document
  (Session info: chrome=71.0.3578.98)
  (Driver info: chromedriver=2.42.591088 (7b2b2dca23cca0862f674758c9a3933e685c27d5),platform=Windows NT 10.0.17134 x86_64) (WARNING: The server did not provide any stacktrace information)
Command duration or timeout: 0 milliseconds
For documentation on this error, please visit: http://seleniumhq.org/exceptions/stale_element_reference.html
Build info: version: '3.14.0', revision: 'aacccce0', time: '2018-08-02T20:19:58.91Z'
System info: host: 'DESKTOP-JEV6767', ip: '192.168.1.7', os.name: 'Windows 10', os.arch: 'amd64', os.version: '10.0', java.version: '1.8.0_171'
Driver info: org.openqa.selenium.chrome.ChromeDriver
Capabilities {acceptInsecureCerts: false, acceptSslCerts: false, applicationCacheEnabled: false, browserConnectionEnabled: false, browserName: chrome, chrome: {chromedriverVersion: 2.42.591088 (7b2b2dca23cca0..., userDataDir: C:\Users\JAVALE~1\AppData\L...}, cssSelectorsEnabled: true, databaseEnabled: false, goog:chromeOptions: {debuggerAddress: localhost:56455}, handlesAlerts: true, hasTouchScreen: false, javascriptEnabled: true, locationContextEnabled: true, mobileEmulationEnabled: false, nativeEvents: true, networkConnectionEnabled: false, pageLoadStrategy: normal, platform: XP, platformName: XP, rotatable: false, setWindowRect: true, takesHeapSnapshot: true, takesScreenshot: true, unexpectedAlertBehaviour: , unhandledPromptBehavior: , version: 71.0.3578.98, webStorageEnabled: true}
Session ID: 08bd40c0842599e9416b97bb85e99b79]]>
            </message>
            <full-stacktrace>
              <![CDATA[org.openqa.selenium.StaleElementReferenceException: stale element reference: element is not attached to the page document
  (Session info: chrome=71.0.3578.98)
  (Driver info: chromedriver=2.42.591088 (7b2b2dca23cca0862f674758c9a3933e685c27d5),platform=Windows NT 10.0.17134 x86_64) (WARNING: The server did not provide any stacktrace information)
Command duration or timeout: 0 milliseconds
For documentation on this error, please visit: http://seleniumhq.org/exceptions/stale_element_reference.html
Build info: version: '3.14.0', revision: 'aacccce0', time: '2018-08-02T20:19:58.91Z'
System info: host: 'DESKTOP-JEV6767', ip: '192.168.1.7', os.name: 'Windows 10', os.arch: 'amd64', os.version: '10.0', java.version: '1.8.0_171'
Driver info: org.openqa.selenium.chrome.ChromeDriver
Capabilities {acceptInsecureCerts: false, acceptSslCerts: false, applicationCacheEnabled: false, browserConnectionEnabled: false, browserName: chrome, chrome: {chromedriverVersion: 2.42.591088 (7b2b2dca23cca0..., userDataDir: C:\Users\JAVALE~1\AppData\L...}, cssSelectorsEnabled: true, databaseEnabled: false, goog:chromeOptions: {debuggerAddress: localhost:56455}, handlesAlerts: true, hasTouchScreen: false, javascriptEnabled: true, locationContextEnabled: true, mobileEmulationEnabled: false, nativeEvents: true, networkConnectionEnabled: false, pageLoadStrategy: normal, platform: XP, platformName: XP, rotatable: false, setWindowRect: true, takesHeapSnapshot: true, takesScreenshot: true, unexpectedAlertBehaviour: , unhandledPromptBehavior: , version: 71.0.3578.98, webStorageEnabled: true}
Session ID: 08bd40c0842599e9416b97bb85e99b79
at sun.reflect.NativeConstructorAccessorImpl.newInstance0(Native Method)
at sun.reflect.NativeConstructorAccessorImpl.newInstance(Unknown Source)
at sun.reflect.DelegatingConstructorAccessorImpl.newInstance(Unknown Source)
at java.lang.reflect.Constructor.newInstance(Unknown Source)
at org.openqa.selenium.remote.ErrorHandler.createThrowable(ErrorHandler.java:214)
at org.openqa.selenium.remote.ErrorHandler.throwIfResponseFailed(ErrorHandler.java:166)
at org.openqa.selenium.remote.http.JsonHttpResponseCodec.reconstructValue(JsonHttpResponseCodec.java:40)
at org.openqa.selenium.remote.http.AbstractHttpResponseCodec.decode(AbstractHttpResponseCodec.java:80)
at org.openqa.selenium.remote.http.AbstractHttpResponseCodec.decode(AbstractHttpResponseCodec.java:44)
at org.openqa.selenium.remote.HttpCommandExecutor.execute(HttpCommandExecutor.java:158)
at org.openqa.selenium.remote.service.DriverCommandExecutor.execute(DriverCommandExecutor.java:83)
at org.openqa.selenium.remote.RemoteWebDriver.execute(RemoteWebDriver.java:548)
at org.openqa.selenium.remote.RemoteWebElement.execute(RemoteWebElement.java:276)
at org.openqa.selenium.remote.RemoteWebElement.sendKeys(RemoteWebElement.java:100)
at sun.reflect.GeneratedMethodAccessor10.invoke(Unknown Source)
at sun.reflect.DelegatingMethodAccessorImpl.invoke(Unknown Source)
at java.lang.reflect.Method.invoke(Unknown Source)
at org.openqa.selenium.support.events.EventFiringWebDriver$EventFiringWebElement.lambda$new$0(EventFiringWebDriver.java:403)
at com.sun.proxy.$Proxy13.sendKeys(Unknown Source)
at org.openqa.selenium.support.events.EventFiringWebDriver$EventFiringWebElement.sendKeys(EventFiringWebDriver.java:428)
at sun.reflect.GeneratedMethodAccessor10.invoke(Unknown Source)
at sun.reflect.DelegatingMethodAccessorImpl.invoke(Unknown Source)
at java.lang.reflect.Method.invoke(Unknown Source)
at org.openqa.selenium.support.pagefactory.internal.LocatingElementHandler.invoke(LocatingElementHandler.java:51)
at com.sun.proxy.$Proxy12.sendKeys(Unknown Source)
at com.cvs.qa.pages.Registration.registrationForm(Registration.java:89)
at com.cvs.qa.testcases.RegistrationTest.registerCustomer(RegistrationTest.java:50)
at sun.reflect.NativeMethodAccessorImpl.invoke0(Native Method)
at sun.reflect.NativeMethodAccessorImpl.invoke(Unknown Source)
at sun.reflect.DelegatingMethodAccessorImpl.invoke(Unknown Source)
at java.lang.reflect.Method.invoke(Unknown Source)
at org.testng.internal.MethodInvocationHelper.invokeMethod(MethodInvocationHelper.java:124)
at org.testng.internal.Invoker.invokeMethod(Invoker.java:583)
at org.testng.internal.Invoker.retryFailed(Invoker.java:839)
at org.testng.internal.Invoker.invokeTestMethods(Invoker.java:1010)
at org.testng.internal.TestMethodWorker.invokeTestMethods(TestMethodWorker.java:125)
at org.testng.internal.TestMethodWorker.run(TestMethodWorker.java:109)
at org.testng.TestRunner.privateRun(TestRunner.java:648)
at org.testng.TestRunner.run(TestRunner.java:505)
at org.testng.SuiteRunner.runTest(SuiteRunner.java:455)
at org.testng.SuiteRunner.runSequentially(SuiteRunner.java:450)
at org.testng.SuiteRunner.privateRun(SuiteRunner.java:415)
at org.testng.SuiteRunner.run(SuiteRunner.java:364)
at org.testng.SuiteRunnerWorker.runSuite(SuiteRunnerWorker.java:52)
at org.testng.SuiteRunnerWorker.run(SuiteRunnerWorker.java:84)
at org.testng.TestNG.runSuitesSequentially(TestNG.java:1208)
at org.testng.TestNG.runSuitesLocally(TestNG.java:1137)
at org.testng.TestNG.runSuites(TestNG.java:1049)
at org.testng.TestNG.run(TestNG.java:1017)
at org.testng.remote.AbstractRemoteTestNG.run(AbstractRemoteTestNG.java:114)
at org.testng.remote.RemoteTestNG.initAndRun(RemoteTestNG.java:251)
at org.testng.remote.RemoteTestNG.main(RemoteTestNG.java:77)
]]>
            </full-stacktrace>
          </exception> <!-- org.openqa.selenium.StaleElementReferenceException -->
          <reporter-output>
          </reporter-output>
        </test-method> <!-- registerCustomer -->
        <test-method status="PASS" signature="tearDown()[pri:0, instance:com.cvs.qa.testcases.RegistrationTest@74650e52]" name="tearDown" is-config="true" duration-ms="948" started-at="2019-02-13T07:10:41Z" finished-at="2019-02-13T07:10:42Z">
          <reporter-output>
          </reporter-output>
        </test-method> <!-- tearDown -->
        <test-method status="PASS" signature="setUp()[pri:0, instance:com.cvs.qa.testcases.RegistrationTest@74650e52]" name="setUp" is-config="true" duration-ms="5096" started-at="2019-02-13T07:10:42Z" finished-at="2019-02-13T07:10:47Z">
          <reporter-output>
          </reporter-output>
        </test-method> <!-- setUp -->
        <test-method status="FAIL" signature="registerCustomer()[pri:1, instance:com.cvs.qa.testcases.RegistrationTest@74650e52]" name="registerCustomer" duration-ms="22576" started-at="2019-02-13T07:10:47Z" finished-at="2019-02-13T07:11:10Z">
          <exception class="org.openqa.selenium.ElementNotVisibleException">
            <message>
              <![CDATA[element not interactable
  (Session info: chrome=71.0.3578.98)
  (Driver info: chromedriver=2.42.591088 (7b2b2dca23cca0862f674758c9a3933e685c27d5),platform=Windows NT 10.0.17134 x86_64) (WARNING: The server did not provide any stacktrace information)
Command duration or timeout: 0 milliseconds
Build info: version: '3.14.0', revision: 'aacccce0', time: '2018-08-02T20:19:58.91Z'
System info: host: 'DESKTOP-JEV6767', ip: '192.168.1.7', os.name: 'Windows 10', os.arch: 'amd64', os.version: '10.0', java.version: '1.8.0_171'
Driver info: org.openqa.selenium.chrome.ChromeDriver
Capabilities {acceptInsecureCerts: false, acceptSslCerts: false, applicationCacheEnabled: false, browserConnectionEnabled: false, browserName: chrome, chrome: {chromedriverVersion: 2.42.591088 (7b2b2dca23cca0..., userDataDir: C:\Users\JAVALE~1\AppData\L...}, cssSelectorsEnabled: true, databaseEnabled: false, goog:chromeOptions: {debuggerAddress: localhost:56515}, handlesAlerts: true, hasTouchScreen: false, javascriptEnabled: true, locationContextEnabled: true, mobileEmulationEnabled: false, nativeEvents: true, networkConnectionEnabled: false, pageLoadStrategy: normal, platform: XP, platformName: XP, rotatable: false, setWindowRect: true, takesHeapSnapshot: true, takesScreenshot: true, unexpectedAlertBehaviour: , unhandledPromptBehavior: , version: 71.0.3578.98, webStorageEnabled: true}
Session ID: 541701f1ac3bb8efb3f6507ca4789811]]>
            </message>
            <full-stacktrace>
              <![CDATA[org.openqa.selenium.ElementNotVisibleException: element not interactable
  (Session info: chrome=71.0.3578.98)
  (Driver info: chromedriver=2.42.591088 (7b2b2dca23cca0862f674758c9a3933e685c27d5),platform=Windows NT 10.0.17134 x86_64) (WARNING: The server did not provide any stacktrace information)
Command duration or timeout: 0 milliseconds
Build info: version: '3.14.0', revision: 'aacccce0', time: '2018-08-02T20:19:58.91Z'
System info: host: 'DESKTOP-JEV6767', ip: '192.168.1.7', os.name: 'Windows 10', os.arch: 'amd64', os.version: '10.0', java.version: '1.8.0_171'
Driver info: org.openqa.selenium.chrome.ChromeDriver
Capabilities {acceptInsecureCerts: false, acceptSslCerts: false, applicationCacheEnabled: false, browserConnectionEnabled: false, browserName: chrome, chrome: {chromedriverVersion: 2.42.591088 (7b2b2dca23cca0..., userDataDir: C:\Users\JAVALE~1\AppData\L...}, cssSelectorsEnabled: true, databaseEnabled: false, goog:chromeOptions: {debuggerAddress: localhost:56515}, handlesAlerts: true, hasTouchScreen: false, javascriptEnabled: true, locationContextEnabled: true, mobileEmulationEnabled: false, nativeEvents: true, networkConnectionEnabled: false, pageLoadStrategy: normal, platform: XP, platformName: XP, rotatable: false, setWindowRect: true, takesHeapSnapshot: true, takesScreenshot: true, unexpectedAlertBehaviour: , unhandledPromptBehavior: , version: 71.0.3578.98, webStorageEnabled: true}
Session ID: 541701f1ac3bb8efb3f6507ca4789811
at sun.reflect.NativeConstructorAccessorImpl.newInstance0(Native Method)
at sun.reflect.NativeConstructorAccessorImpl.newInstance(Unknown Source)
at sun.reflect.DelegatingConstructorAccessorImpl.newInstance(Unknown Source)
at java.lang.reflect.Constructor.newInstance(Unknown Source)
at org.openqa.selenium.remote.ErrorHandler.createThrowable(ErrorHandler.java:214)
at org.openqa.selenium.remote.ErrorHandler.throwIfResponseFailed(ErrorHandler.java:166)
at org.openqa.selenium.remote.http.JsonHttpResponseCodec.reconstructValue(JsonHttpResponseCodec.java:40)
at org.openqa.selenium.remote.http.AbstractHttpResponseCodec.decode(AbstractHttpResponseCodec.java:80)
at org.openqa.selenium.remote.http.AbstractHttpResponseCodec.decode(AbstractHttpResponseCodec.java:44)
at org.openqa.selenium.remote.HttpCommandExecutor.execute(HttpCommandExecutor.java:158)
at org.openqa.selenium.remote.service.DriverCommandExecutor.execute(DriverCommandExecutor.java:83)
at org.openqa.selenium.remote.RemoteWebDriver.execute(RemoteWebDriver.java:548)
at org.openqa.selenium.remote.RemoteWebElement.execute(RemoteWebElement.java:276)
at org.openqa.selenium.remote.RemoteWebElement.sendKeys(RemoteWebElement.java:100)
at sun.reflect.GeneratedMethodAccessor10.invoke(Unknown Source)
at sun.reflect.DelegatingMethodAccessorImpl.invoke(Unknown Source)
at java.lang.reflect.Method.invoke(Unknown Source)
at org.openqa.selenium.support.events.EventFiringWebDriver$EventFiringWebElement.lambda$new$0(EventFiringWebDriver.java:403)
at com.sun.proxy.$Proxy13.sendKeys(Unknown Source)
at org.openqa.selenium.support.events.EventFiringWebDriver$EventFiringWebElement.sendKeys(EventFiringWebDriver.java:428)
at sun.reflect.GeneratedMethodAccessor10.invoke(Unknown Source)
at sun.reflect.DelegatingMethodAccessorImpl.invoke(Unknown Source)
at java.lang.reflect.Method.invoke(Unknown Source)
at org.openqa.selenium.support.pagefactory.internal.LocatingElementHandler.invoke(LocatingElementHandler.java:51)
at com.sun.proxy.$Proxy12.sendKeys(Unknown Source)
at com.cvs.qa.pages.Registration.registrationForm(Registration.java:89)
at com.cvs.qa.testcases.RegistrationTest.registerCustomer(RegistrationTest.java:50)
at sun.reflect.NativeMethodAccessorImpl.invoke0(Native Method)
at sun.reflect.NativeMethodAccessorImpl.invoke(Unknown Source)
at sun.reflect.DelegatingMethodAccessorImpl.invoke(Unknown Source)
at java.lang.reflect.Method.invoke(Unknown Source)
at org.testng.internal.MethodInvocationHelper.invokeMethod(MethodInvocationHelper.java:124)
at org.testng.internal.Invoker.invokeMethod(Invoker.java:583)
at org.testng.internal.Invoker.retryFailed(Invoker.java:839)
at org.testng.internal.Invoker.invokeTestMethods(Invoker.java:1010)
at org.testng.internal.TestMethodWorker.invokeTestMethods(TestMethodWorker.java:125)
at org.testng.internal.TestMethodWorker.run(TestMethodWorker.java:109)
at org.testng.TestRunner.privateRun(TestRunner.java:648)
at org.testng.TestRunner.run(TestRunner.java:505)
at org.testng.SuiteRunner.runTest(SuiteRunner.java:455)
at org.testng.SuiteRunner.runSequentially(SuiteRunner.java:450)
at org.testng.SuiteRunner.privateRun(SuiteRunner.java:415)
at org.testng.SuiteRunner.run(SuiteRunner.java:364)
at org.testng.SuiteRunnerWorker.runSuite(SuiteRunnerWorker.java:52)
at org.testng.SuiteRunnerWorker.run(SuiteRunnerWorker.java:84)
at org.testng.TestNG.runSuitesSequentially(TestNG.java:1208)
at org.testng.TestNG.runSuitesLocally(TestNG.java:1137)
at org.testng.TestNG.runSuites(TestNG.java:1049)
at org.testng.TestNG.run(TestNG.java:1017)
at org.testng.remote.AbstractRemoteTestNG.run(AbstractRemoteTestNG.java:114)
at org.testng.remote.RemoteTestNG.initAndRun(RemoteTestNG.java:251)
at org.testng.remote.RemoteTestNG.main(RemoteTestNG.java:77)
]]>
            </full-stacktrace>
          </exception> <!-- org.openqa.selenium.ElementNotVisibleException -->
          <reporter-output>
          </reporter-output>
        </test-method> <!-- registerCustomer -->
        <test-method status="PASS" signature="tearDown()[pri:0, instance:com.cvs.qa.testcases.RegistrationTest@74650e52]" name="tearDown" is-config="true" duration-ms="963" started-at="2019-02-13T07:11:10Z" finished-at="2019-02-13T07:11:11Z">
          <reporter-output>
          </reporter-output>
        </test-method> <!-- tearDown -->
        <test-method status="PASS" signature="setUp()[pri:0, instance:com.cvs.qa.testcases.RegistrationTest@74650e52]" name="setUp" is-config="true" duration-ms="4880" started-at="2019-02-13T07:11:11Z" finished-at="2019-02-13T07:11:16Z">
          <reporter-output>
          </reporter-output>
        </test-method> <!-- setUp -->
        <test-method status="SKIP" signature="registerMultipleCustomer(java.lang.String, java.lang.String, java.lang.String, java.lang.String, java.lang.String, java.lang.String, java.lang.String, java.lang.String, java.lang.String, java.lang.String, java.lang.String, java.lang.String, java.lang.String, java.lang.String, java.lang.String, java.lang.String)[pri:2, instance:com.cvs.qa.testcases.RegistrationTest@74650e52]" name="registerMultipleCustomer" duration-ms="2203" started-at="2019-02-13T07:11:16Z" data-provider="getCVSTestDataRegistration" finished-at="2019-02-13T07:11:18Z">
          <params>
            <param index="0">
              <value>
                <![CDATA[Shuwaib]]>
              </value>
            </param>
            <param index="1">
              <value>
                <![CDATA[Liaquat]]>
              </value>
            </param>
            <param index="2">
              <value>
                <![CDATA[shuwaibliaquat12@hotmail.com]]>
              </value>
            </param>
            <param index="3">
              <value>
                <![CDATA[Apple12345]]>
              </value>
            </param>
            <param index="4">
              <value>
                <![CDATA[Apple12345]]>
              </value>
            </param>
            <param index="5">
              <value>
                <![CDATA[Krish]]>
              </value>
            </param>
            <param index="6">
              <value>
                <![CDATA[111 Wayne Ave]]>
              </value>
            </param>
            <param index="7">
              <value>
                <![CDATA[1st]]>
              </value>
            </param>
            <param index="8">
              <value>
                <![CDATA[Paterson]]>
              </value>
            </param>
            <param index="9">
              <value>
                <![CDATA[NJ]]>
              </value>
            </param>
            <param index="10">
              <value>
                <![CDATA[07503]]>
              </value>
            </param>
            <param index="11">
              <value>
                <![CDATA[2019814576]]>
              </value>
            </param>
            <param index="12">
              <value>
                <![CDATA[01]]>
              </value>
            </param>
            <param index="13">
              <value>
                <![CDATA[26]]>
              </value>
            </param>
            <param index="14">
              <value>
                <![CDATA[1989]]>
              </value>
            </param>
            <param index="15">
              <value>
                <![CDATA[Male]]>
              </value>
            </param>
          </params>
          <exception class="org.openqa.selenium.StaleElementReferenceException">
            <message>
              <![CDATA[stale element reference: element is not attached to the page document
  (Session info: chrome=71.0.3578.98)
  (Driver info: chromedriver=2.42.591088 (7b2b2dca23cca0862f674758c9a3933e685c27d5),platform=Windows NT 10.0.17134 x86_64) (WARNING: The server did not provide any stacktrace information)
Command duration or timeout: 0 milliseconds
For documentation on this error, please visit: http://seleniumhq.org/exceptions/stale_element_reference.html
Build info: version: '3.14.0', revision: 'aacccce0', time: '2018-08-02T20:19:58.91Z'
System info: host: 'DESKTOP-JEV6767', ip: '192.168.1.7', os.name: 'Windows 10', os.arch: 'amd64', os.version: '10.0', java.version: '1.8.0_171'
Driver info: org.openqa.selenium.chrome.ChromeDriver
Capabilities {acceptInsecureCerts: false, acceptSslCerts: false, applicationCacheEnabled: false, browserConnectionEnabled: false, browserName: chrome, chrome: {chromedriverVersion: 2.42.591088 (7b2b2dca23cca0..., userDataDir: C:\Users\JAVALE~1\AppData\L...}, cssSelectorsEnabled: true, databaseEnabled: false, goog:chromeOptions: {debuggerAddress: localhost:56607}, handlesAlerts: true, hasTouchScreen: false, javascriptEnabled: true, locationContextEnabled: true, mobileEmulationEnabled: false, nativeEvents: true, networkConnectionEnabled: false, pageLoadStrategy: normal, platform: XP, platformName: XP, rotatable: false, setWindowRect: true, takesHeapSnapshot: true, takesScreenshot: true, unexpectedAlertBehaviour: , unhandledPromptBehavior: , version: 71.0.3578.98, webStorageEnabled: true}
Session ID: 9e5922187559afde8ccf15e41053d455]]>
            </message>
            <full-stacktrace>
              <![CDATA[org.openqa.selenium.StaleElementReferenceException: stale element reference: element is not attached to the page document
  (Session info: chrome=71.0.3578.98)
  (Driver info: chromedriver=2.42.591088 (7b2b2dca23cca0862f674758c9a3933e685c27d5),platform=Windows NT 10.0.17134 x86_64) (WARNING: The server did not provide any stacktrace information)
Command duration or timeout: 0 milliseconds
For documentation on this error, please visit: http://seleniumhq.org/exceptions/stale_element_reference.html
Build info: version: '3.14.0', revision: 'aacccce0', time: '2018-08-02T20:19:58.91Z'
System info: host: 'DESKTOP-JEV6767', ip: '192.168.1.7', os.name: 'Windows 10', os.arch: 'amd64', os.version: '10.0', java.version: '1.8.0_171'
Driver info: org.openqa.selenium.chrome.ChromeDriver
Capabilities {acceptInsecureCerts: false, acceptSslCerts: false, applicationCacheEnabled: false, browserConnectionEnabled: false, browserName: chrome, chrome: {chromedriverVersion: 2.42.591088 (7b2b2dca23cca0..., userDataDir: C:\Users\JAVALE~1\AppData\L...}, cssSelectorsEnabled: true, databaseEnabled: false, goog:chromeOptions: {debuggerAddress: localhost:56607}, handlesAlerts: true, hasTouchScreen: false, javascriptEnabled: true, locationContextEnabled: true, mobileEmulationEnabled: false, nativeEvents: true, networkConnectionEnabled: false, pageLoadStrategy: normal, platform: XP, platformName: XP, rotatable: false, setWindowRect: true, takesHeapSnapshot: true, takesScreenshot: true, unexpectedAlertBehaviour: , unhandledPromptBehavior: , version: 71.0.3578.98, webStorageEnabled: true}
Session ID: 9e5922187559afde8ccf15e41053d455
at sun.reflect.NativeConstructorAccessorImpl.newInstance0(Native Method)
at sun.reflect.NativeConstructorAccessorImpl.newInstance(Unknown Source)
at sun.reflect.DelegatingConstructorAccessorImpl.newInstance(Unknown Source)
at java.lang.reflect.Constructor.newInstance(Unknown Source)
at org.openqa.selenium.remote.ErrorHandler.createThrowable(ErrorHandler.java:214)
at org.openqa.selenium.remote.ErrorHandler.throwIfResponseFailed(ErrorHandler.java:166)
at org.openqa.selenium.remote.http.JsonHttpResponseCodec.reconstructValue(JsonHttpResponseCodec.java:40)
at org.openqa.selenium.remote.http.AbstractHttpResponseCodec.decode(AbstractHttpResponseCodec.java:80)
at org.openqa.selenium.remote.http.AbstractHttpResponseCodec.decode(AbstractHttpResponseCodec.java:44)
at org.openqa.selenium.remote.HttpCommandExecutor.execute(HttpCommandExecutor.java:158)
at org.openqa.selenium.remote.service.DriverCommandExecutor.execute(DriverCommandExecutor.java:83)
at org.openqa.selenium.remote.RemoteWebDriver.execute(RemoteWebDriver.java:548)
at org.openqa.selenium.remote.RemoteWebElement.execute(RemoteWebElement.java:276)
at org.openqa.selenium.remote.RemoteWebElement.sendKeys(RemoteWebElement.java:100)
at sun.reflect.GeneratedMethodAccessor10.invoke(Unknown Source)
at sun.reflect.DelegatingMethodAccessorImpl.invoke(Unknown Source)
at java.lang.reflect.Method.invoke(Unknown Source)
at org.openqa.selenium.support.events.EventFiringWebDriver$EventFiringWebElement.lambda$new$0(EventFiringWebDriver.java:403)
at com.sun.proxy.$Proxy13.sendKeys(Unknown Source)
at org.openqa.selenium.support.events.EventFiringWebDriver$EventFiringWebElement.sendKeys(EventFiringWebDriver.java:428)
at sun.reflect.GeneratedMethodAccessor10.invoke(Unknown Source)
at sun.reflect.DelegatingMethodAccessorImpl.invoke(Unknown Source)
at java.lang.reflect.Method.invoke(Unknown Source)
at org.openqa.selenium.support.pagefactory.internal.LocatingElementHandler.invoke(LocatingElementHandler.java:51)
at com.sun.proxy.$Proxy12.sendKeys(Unknown Source)
at com.cvs.qa.pages.Registration.registrationForm(Registration.java:89)
at com.cvs.qa.testcases.RegistrationTest.registerMultipleCustomer(RegistrationTest.java:75)
at sun.reflect.NativeMethodAccessorImpl.invoke0(Native Method)
at sun.reflect.NativeMethodAccessorImpl.invoke(Unknown Source)
at sun.reflect.DelegatingMethodAccessorImpl.invoke(Unknown Source)
at java.lang.reflect.Method.invoke(Unknown Source)
at org.testng.internal.MethodInvocationHelper.invokeMethod(MethodInvocationHelper.java:124)
at org.testng.internal.Invoker.invokeMethod(Invoker.java:583)
at org.testng.internal.Invoker.invokeTestMethod(Invoker.java:719)
at org.testng.internal.Invoker.invokeTestMethods(Invoker.java:989)
at org.testng.internal.TestMethodWorker.invokeTestMethods(TestMethodWorker.java:125)
at org.testng.internal.TestMethodWorker.run(TestMethodWorker.java:109)
at org.testng.TestRunner.privateRun(TestRunner.java:648)
at org.testng.TestRunner.run(TestRunner.java:505)
at org.testng.SuiteRunner.runTest(SuiteRunner.java:455)
at org.testng.SuiteRunner.runSequentially(SuiteRunner.java:450)
at org.testng.SuiteRunner.privateRun(SuiteRunner.java:415)
at org.testng.SuiteRunner.run(SuiteRunner.java:364)
at org.testng.SuiteRunnerWorker.runSuite(SuiteRunnerWorker.java:52)
at org.testng.SuiteRunnerWorker.run(SuiteRunnerWorker.java:84)
at org.testng.TestNG.runSuitesSequentially(TestNG.java:1208)
at org.testng.TestNG.runSuitesLocally(TestNG.java:1137)
at org.testng.TestNG.runSuites(TestNG.java:1049)
at org.testng.TestNG.run(TestNG.java:1017)
at org.testng.remote.AbstractRemoteTestNG.run(AbstractRemoteTestNG.java:114)
at org.testng.remote.RemoteTestNG.initAndRun(RemoteTestNG.java:251)
at org.testng.remote.RemoteTestNG.main(RemoteTestNG.java:77)
]]>
            </full-stacktrace>
          </exception> <!-- org.openqa.selenium.StaleElementReferenceException -->
          <reporter-output>
          </reporter-output>
        </test-method> <!-- registerMultipleCustomer -->
        <test-method status="PASS" signature="tearDown()[pri:0, instance:com.cvs.qa.testcases.RegistrationTest@74650e52]" name="tearDown" is-config="true" duration-ms="1018" started-at="2019-02-13T07:11:18Z" finished-at="2019-02-13T07:11:19Z">
          <reporter-output>
          </reporter-output>
        </test-method> <!-- tearDown -->
        <test-method status="PASS" signature="setUp()[pri:0, instance:com.cvs.qa.testcases.RegistrationTest@74650e52]" name="setUp" is-config="true" duration-ms="5118" started-at="2019-02-13T07:11:19Z" finished-at="2019-02-13T07:11:24Z">
          <reporter-output>
          </reporter-output>
        </test-method> <!-- setUp -->
        <test-method status="PASS" signature="registerMultipleCustomer(java.lang.String, java.lang.String, java.lang.String, java.lang.String, java.lang.String, java.lang.String, java.lang.String, java.lang.String, java.lang.String, java.lang.String, java.lang.String, java.lang.String, java.lang.String, java.lang.String, java.lang.String, java.lang.String)[pri:2, instance:com.cvs.qa.testcases.RegistrationTest@74650e52]" name="registerMultipleCustomer" duration-ms="13145" started-at="2019-02-13T07:11:24Z" data-provider="getCVSTestDataRegistration" finished-at="2019-02-13T07:11:37Z">
          <params>
            <param index="0">
              <value>
                <![CDATA[Shuwaib]]>
              </value>
            </param>
            <param index="1">
              <value>
                <![CDATA[Liaquat]]>
              </value>
            </param>
            <param index="2">
              <value>
                <![CDATA[shuwaibliaquat12@hotmail.com]]>
              </value>
            </param>
            <param index="3">
              <value>
                <![CDATA[Apple12345]]>
              </value>
            </param>
            <param index="4">
              <value>
                <![CDATA[Apple12345]]>
              </value>
            </param>
            <param index="5">
              <value>
                <![CDATA[Krish]]>
              </value>
            </param>
            <param index="6">
              <value>
                <![CDATA[111 Wayne Ave]]>
              </value>
            </param>
            <param index="7">
              <value>
                <![CDATA[1st]]>
              </value>
            </param>
            <param index="8">
              <value>
                <![CDATA[Paterson]]>
              </value>
            </param>
            <param index="9">
              <value>
                <![CDATA[NJ]]>
              </value>
            </param>
            <param index="10">
              <value>
                <![CDATA[07503]]>
              </value>
            </param>
            <param index="11">
              <value>
                <![CDATA[2019814576]]>
              </value>
            </param>
            <param index="12">
              <value>
                <![CDATA[01]]>
              </value>
            </param>
            <param index="13">
              <value>
                <![CDATA[26]]>
              </value>
            </param>
            <param index="14">
              <value>
                <![CDATA[1989]]>
              </value>
            </param>
            <param index="15">
              <value>
                <![CDATA[Male]]>
              </value>
            </param>
          </params>
          <reporter-output>
          </reporter-output>
        </test-method> <!-- registerMultipleCustomer -->
        <test-method status="PASS" signature="tearDown()[pri:0, instance:com.cvs.qa.testcases.RegistrationTest@74650e52]" name="tearDown" is-config="true" duration-ms="1106" started-at="2019-02-13T07:11:37Z" finished-at="2019-02-13T07:11:38Z">
          <reporter-output>
          </reporter-output>
        </test-method> <!-- tearDown -->
        <test-method status="PASS" signature="setUp()[pri:0, instance:com.cvs.qa.testcases.RegistrationTest@74650e52]" name="setUp" is-config="true" duration-ms="4916" started-at="2019-02-13T07:11:38Z" finished-at="2019-02-13T07:11:43Z">
          <reporter-output>
          </reporter-output>
        </test-method> <!-- setUp -->
        <test-method status="PASS" signature="registerMultipleCustomer(java.lang.String, java.lang.String, java.lang.String, java.lang.String, java.lang.String, java.lang.String, java.lang.String, java.lang.String, java.lang.String, java.lang.String, java.lang.String, java.lang.String, java.lang.String, java.lang.String, java.lang.String, java.lang.String)[pri:2, instance:com.cvs.qa.testcases.RegistrationTest@74650e52]" name="registerMultipleCustomer" duration-ms="12723" started-at="2019-02-13T07:11:43Z" data-provider="getCVSTestDataRegistration" finished-at="2019-02-13T07:11:56Z">
          <params>
            <param index="0">
              <value>
                <![CDATA[Naushad]]>
              </value>
            </param>
            <param index="1">
              <value>
                <![CDATA[Chowdhury]]>
              </value>
            </param>
            <param index="2">
              <value>
                <![CDATA[shuwaibliaquat123@hotmail.com]]>
              </value>
            </param>
            <param index="3">
              <value>
                <![CDATA[Apple12346]]>
              </value>
            </param>
            <param index="4">
              <value>
                <![CDATA[Apple12346]]>
              </value>
            </param>
            <param index="5">
              <value>
                <![CDATA[Shabana]]>
              </value>
            </param>
            <param index="6">
              <value>
                <![CDATA[112 Wayne Ave]]>
              </value>
            </param>
            <param index="7">
              <value>
                <![CDATA[2nd]]>
              </value>
            </param>
            <param index="8">
              <value>
                <![CDATA[Clifton]]>
              </value>
            </param>
            <param index="9">
              <value>
                <![CDATA[NJ]]>
              </value>
            </param>
            <param index="10">
              <value>
                <![CDATA[07504]]>
              </value>
            </param>
            <param index="11">
              <value>
                <![CDATA[2019814576]]>
              </value>
            </param>
            <param index="12">
              <value>
                <![CDATA[02]]>
              </value>
            </param>
            <param index="13">
              <value>
                <![CDATA[27]]>
              </value>
            </param>
            <param index="14">
              <value>
                <![CDATA[1989]]>
              </value>
            </param>
            <param index="15">
              <value>
                <![CDATA[Male]]>
              </value>
            </param>
          </params>
          <reporter-output>
          </reporter-output>
        </test-method> <!-- registerMultipleCustomer -->
        <test-method status="PASS" signature="tearDown()[pri:0, instance:com.cvs.qa.testcases.RegistrationTest@74650e52]" name="tearDown" is-config="true" duration-ms="1073" started-at="2019-02-13T07:11:56Z" finished-at="2019-02-13T07:11:57Z">
          <reporter-output>
          </reporter-output>
        </test-method> <!-- tearDown -->
        <test-method status="PASS" signature="setUp()[pri:0, instance:com.cvs.qa.testcases.RegistrationTest@74650e52]" name="setUp" is-config="true" duration-ms="5062" started-at="2019-02-13T07:11:57Z" finished-at="2019-02-13T07:12:02Z">
          <reporter-output>
          </reporter-output>
        </test-method> <!-- setUp -->
        <test-method status="SKIP" signature="registerMultipleCustomer(java.lang.String, java.lang.String, java.lang.String, java.lang.String, java.lang.String, java.lang.String, java.lang.String, java.lang.String, java.lang.String, java.lang.String, java.lang.String, java.lang.String, java.lang.String, java.lang.String, java.lang.String, java.lang.String)[pri:2, instance:com.cvs.qa.testcases.RegistrationTest@74650e52]" name="registerMultipleCustomer" duration-ms="2450" started-at="2019-02-13T07:12:02Z" data-provider="getCVSTestDataRegistration" finished-at="2019-02-13T07:12:05Z">
          <params>
            <param index="0">
              <value>
                <![CDATA[Linie]]>
              </value>
            </param>
            <param index="1">
              <value>
                <![CDATA[Liaquat]]>
              </value>
            </param>
            <param index="2">
              <value>
                <![CDATA[shuwaibliaquat56@hotmail.com]]>
              </value>
            </param>
            <param index="3">
              <value>
                <![CDATA[Apple12347]]>
              </value>
            </param>
            <param index="4">
              <value>
                <![CDATA[Apple12347]]>
              </value>
            </param>
            <param index="5">
              <value>
                <![CDATA[yahoo]]>
              </value>
            </param>
            <param index="6">
              <value>
                <![CDATA[113 Wayne Ave]]>
              </value>
            </param>
            <param index="7">
              <value>
                <![CDATA[3rd]]>
              </value>
            </param>
            <param index="8">
              <value>
                <![CDATA[Woodland Park]]>
              </value>
            </param>
            <param index="9">
              <value>
                <![CDATA[DC]]>
              </value>
            </param>
            <param index="10">
              <value>
                <![CDATA[07505]]>
              </value>
            </param>
            <param index="11">
              <value>
                <![CDATA[2019814576]]>
              </value>
            </param>
            <param index="12">
              <value>
                <![CDATA[03]]>
              </value>
            </param>
            <param index="13">
              <value>
                <![CDATA[28]]>
              </value>
            </param>
            <param index="14">
              <value>
                <![CDATA[1989]]>
              </value>
            </param>
            <param index="15">
              <value>
                <![CDATA[Female]]>
              </value>
            </param>
          </params>
          <exception class="org.openqa.selenium.StaleElementReferenceException">
            <message>
              <![CDATA[stale element reference: element is not attached to the page document
  (Session info: chrome=71.0.3578.98)
  (Driver info: chromedriver=2.42.591088 (7b2b2dca23cca0862f674758c9a3933e685c27d5),platform=Windows NT 10.0.17134 x86_64) (WARNING: The server did not provide any stacktrace information)
Command duration or timeout: 0 milliseconds
For documentation on this error, please visit: http://seleniumhq.org/exceptions/stale_element_reference.html
Build info: version: '3.14.0', revision: 'aacccce0', time: '2018-08-02T20:19:58.91Z'
System info: host: 'DESKTOP-JEV6767', ip: '192.168.1.7', os.name: 'Windows 10', os.arch: 'amd64', os.version: '10.0', java.version: '1.8.0_171'
Driver info: org.openqa.selenium.chrome.ChromeDriver
[...]
        <test-method status="PASS" signature="setUp()[pri:0, instance:com.cvs.qa.testcases.SignUp4DealTest@4d50efb8]" name="setUp" is-config="true" duration-ms="5071" started-at="2019-02-13T07:26:06Z" finished-at="2019-02-13T07:26:11Z">
          <reporter-output>
          </reporter-output>
        </test-method> <!-- setUp -->
        <test-method status="PASS" signature="verifySignU4DealsExcelDataTest(java.lang.String, java.lang.String, java.lang.String, java.lang.String, java.lang.String, java.lang.String, java.lang.String, java.lang.String, java.lang.String, java.lang.String, java.lang.String, java.lang.String)[pri:3, instance:com.cvs.qa.testcases.SignUp4DealTest@4d50efb8]" name="verifySignU4DealsExcelDataTest" duration-ms="10885" started-at="2019-02-13T07:26:11Z" data-provider="getCVSTestDataSignUp4Savings" finished-at="2019-02-13T07:26:22Z">
          <params>
            <param index="0">
              <value>
                <![CDATA[shuwaibliaquat@hotmail.com]]>
              </value>
            </param>
            <param index="1">
              <value>
                <![CDATA[shuwaibliaquat@hotmail.com]]>
              </value>
            </param>
            <param index="2">
              <value>
                <![CDATA[999999]]>
              </value>
            </param>
            <param index="3">
              <value>
                <![CDATA[Shuwaib3]]>
              </value>
            </param>
            <param index="4">
              <value>
                <![CDATA[Liaquat3]]>
              </value>
            </param>
            <param index="5">
              <value>
                <![CDATA[07507]]>
              </value>
            </param>
            <param index="6">
              <value>
                <![CDATA[01291993]]>
              </value>
            </param>
            <param index="7">
              <value>
                <![CDATA[151]]>
              </value>
            </param>
            <param index="8">
              <value>
                <![CDATA[Holbrook St]]>
              </value>
            </param>
            <param index="9">
              <value>
                <![CDATA[Lincoln Park]]>
              </value>
            </param>
            <param index="10">
              <value>
                <![CDATA[MI]]>
              </value>
            </param>
            <param index="11">
              <value>
                <![CDATA[07507]]>
              </value>
            </param>
          </params>
          <reporter-output>
          </reporter-output>
        </test-method> <!-- verifySignU4DealsExcelDataTest -->
        <test-method status="PASS" signature="tearDown()[pri:0, instance:com.cvs.qa.testcases.SignUp4DealTest@4d50efb8]" name="tearDown" is-config="true" duration-ms="890" started-at="2019-02-13T07:26:22Z" finished-at="2019-02-13T07:26:23Z">
          <reporter-output>
          </reporter-output>
        </test-method> <!-- tearDown -->
        <test-method status="PASS" signature="setUp()[pri:0, instance:com.cvs.qa.testcases.SignUp4DealTest@4d50efb8]" name="setUp" is-config="true" duration-ms="4853" started-at="2019-02-13T07:26:23Z" finished-at="2019-02-13T07:26:27Z">
          <reporter-output>
          </reporter-output>
        </test-method> <!-- setUp -->
        <test-method status="SKIP" signature="verifySignU4DealsExcelDataTest(java.lang.String, java.lang.String, java.lang.String, java.lang.String, java.lang.String, java.lang.String, java.lang.String, java.lang.String, java.lang.String, java.lang.String, java.lang.String, java.lang.String)[pri:3, instance:com.cvs.qa.testcases.SignUp4DealTest@4d50efb8]" name="verifySignU4DealsExcelDataTest" duration-ms="26277" started-at="2019-02-13T07:26:27Z" data-provider="getCVSTestDataSignUp4Savings" finished-at="2019-02-13T07:26:54Z">
          <params>
            <param index="0">
              <value>
                <![CDATA[shuwaibliaquat1@hotmail.com]]>
              </value>
            </param>
            <param index="1">
              <value>
                <![CDATA[shuwaibliaquat1@hotmail.com]]>
              </value>
            </param>
            <param index="2">
              <value>
                <![CDATA[222222]]>
              </value>
            </param>
            <param index="3">
              <value>
                <![CDATA[Shuwaib4]]>
              </value>
            </param>
            <param index="4">
              <value>
                <![CDATA[Liaquat4]]>
              </value>
            </param>
            <param index="5">
              <value>
                <![CDATA[07508]]>
              </value>
            </param>
            <param index="6">
              <value>
                <![CDATA[01291994]]>
              </value>
            </param>
            <param index="7">
              <value>
                <![CDATA[5555]]>
              </value>
            </param>
            <param index="8">
              <value>
                <![CDATA[Main St]]>
              </value>
            </param>
            <param index="9">
              <value>
                <![CDATA[New York]]>
              </value>
            </param>
            <param index="10">
              <value>
                <![CDATA[NC]]>
              </value>
            </param>
            <param index="11">
              <value>
                <![CDATA[07508]]>
              </value>
            </param>
          </params>
          <exception class="org.openqa.selenium.NoSuchElementException">
            <message>
              <![CDATA[no such element: Unable to locate element: {"method":"xpath","selector":"//input[@name='EMAILADDRESS_']"}
  (Session info: chrome=71.0.3578.98)
  (Driver info: chromedriver=2.42.591088 (7b2b2dca23cca0862f674758c9a3933e685c27d5),platform=Windows NT 10.0.17134 x86_64) (WARNING: The server did not provide any stacktrace information)
Command duration or timeout: 0 milliseconds
For documentation on this error, please visit: http://seleniumhq.org/exceptions/no_such_element.html
Build info: version: '3.14.0', revision: 'aacccce0', time: '2018-08-02T20:19:58.91Z'
System info: host: 'DESKTOP-JEV6767', ip: '192.168.1.7', os.name: 'Windows 10', os.arch: 'amd64', os.version: '10.0', java.version: '1.8.0_171'
Driver info: org.openqa.selenium.chrome.ChromeDriver
Capabilities {acceptInsecureCerts: false, acceptSslCerts: false, applicationCacheEnabled: false, browserConnectionEnabled: false, browserName: chrome, chrome: {chromedriverVersion: 2.42.591088 (7b2b2dca23cca0..., userDataDir: C:\Users\JAVALE~1\AppData\L...}, cssSelectorsEnabled: true, databaseEnabled: false, goog:chromeOptions: {debuggerAddress: localhost:62651}, handlesAlerts: true, hasTouchScreen: false, javascriptEnabled: true, locationContextEnabled: true, mobileEmulationEnabled: false, nativeEvents: true, networkConnectionEnabled: false, pageLoadStrategy: normal, platform: XP, platformName: XP, rotatable: false, setWindowRect: true, takesHeapSnapshot: true, takesScreenshot: true, unexpectedAlertBehaviour: , unhandledPromptBehavior: , version: 71.0.3578.98, webStorageEnabled: true}
Session ID: a197766abc8ecff9077bc229ce75519b
*** Element info: {Using=xpath, value=//input[@name='EMAILADDRESS_']}]]>
            </message>
            <full-stacktrace>
              <![CDATA[org.openqa.selenium.NoSuchElementException: no such element: Unable to locate element: {"method":"xpath","selector":"//input[@name='EMAILADDRESS_']"}
  (Session info: chrome=71.0.3578.98)
  (Driver info: chromedriver=2.42.591088 (7b2b2dca23cca0862f674758c9a3933e685c27d5),platform=Windows NT 10.0.17134 x86_64) (WARNING: The server did not provide any stacktrace information)
Command duration or timeout: 0 milliseconds
For documentation on this error, please visit: http://seleniumhq.org/exceptions/no_such_element.html
Build info: version: '3.14.0', revision: 'aacccce0', time: '2018-08-02T20:19:58.91Z'
System info: host: 'DESKTOP-JEV6767', ip: '192.168.1.7', os.name: 'Windows 10', os.arch: 'amd64', os.version: '10.0', java.version: '1.8.0_171'
Driver info: org.openqa.selenium.chrome.ChromeDriver
Capabilities {acceptInsecureCerts: false, acceptSslCerts: false, applicationCacheEnabled: false, browserConnectionEnabled: false, browserName: chrome, chrome: {chromedriverVersion: 2.42.591088 (7b2b2dca23cca0..., userDataDir: C:\Users\JAVALE~1\AppData\L...}, cssSelectorsEnabled: true, databaseEnabled: false, goog:chromeOptions: {debuggerAddress: localhost:62651}, handlesAlerts: true, hasTouchScreen: false, javascriptEnabled: true, locationContextEnabled: true, mobileEmulationEnabled: false, nativeEvents: true, networkConnectionEnabled: false, pageLoadStrategy: normal, platform: XP, platformName: XP, rotatable: false, setWindowRect: true, takesHeapSnapshot: true, takesScreenshot: true, unexpectedAlertBehaviour: , unhandledPromptBehavior: , version: 71.0.3578.98, webStorageEnabled: true}
Session ID: a197766abc8ecff9077bc229ce75519b
*** Element info: {Using=xpath, value=//input[@name='EMAILADDRESS_']}
at sun.reflect.NativeConstructorAccessorImpl.newInstance0(Native Method)
at sun.reflect.NativeConstructorAccessorImpl.newInstance(Unknown Source)
at sun.reflect.DelegatingConstructorAccessorImpl.newInstance(Unknown Source)
at java.lang.reflect.Constructor.newInstance(Unknown Source)
at org.openqa.selenium.remote.ErrorHandler.createThrowable(ErrorHandler.java:214)
at org.openqa.selenium.remote.ErrorHandler.throwIfResponseFailed(ErrorHandler.java:166)
at org.openqa.selenium.remote.http.JsonHttpResponseCodec.reconstructValue(JsonHttpResponseCodec.java:40)
at org.openqa.selenium.remote.http.AbstractHttpResponseCodec.decode(AbstractHttpResponseCodec.java:80)
at org.openqa.selenium.remote.http.AbstractHttpResponseCodec.decode(AbstractHttpResponseCodec.java:44)
at org.openqa.selenium.remote.HttpCommandExecutor.execute(HttpCommandExecutor.java:158)
at org.openqa.selenium.remote.service.DriverCommandExecutor.execute(DriverCommandExecutor.java:83)
at org.openqa.selenium.remote.RemoteWebDriver.execute(RemoteWebDriver.java:548)
at org.openqa.selenium.remote.RemoteWebDriver.findElement(RemoteWebDriver.java:322)
at org.openqa.selenium.remote.RemoteWebDriver.findElementByXPath(RemoteWebDriver.java:424)
at org.openqa.selenium.By$ByXPath.findElement(By.java:353)
at org.openqa.selenium.remote.RemoteWebDriver.findElement(RemoteWebDriver.java:314)
at sun.reflect.GeneratedMethodAccessor6.invoke(Unknown Source)
at sun.reflect.DelegatingMethodAccessorImpl.invoke(Unknown Source)
at java.lang.reflect.Method.invoke(Unknown Source)
at org.openqa.selenium.support.events.EventFiringWebDriver.lambda$new$1(EventFiringWebDriver.java:105)
at com.sun.proxy.$Proxy8.findElement(Unknown Source)
at org.openqa.selenium.support.events.EventFiringWebDriver.findElement(EventFiringWebDriver.java:194)
at org.openqa.selenium.support.pagefactory.DefaultElementLocator.findElement(DefaultElementLocator.java:69)
at org.openqa.selenium.support.pagefactory.internal.LocatingElementHandler.invoke(LocatingElementHandler.java:38)
at com.sun.proxy.$Proxy12.sendKeys(Unknown Source)
at com.cvs.qa.pages.SignUpPage4Savings.verifySignUp(SignUpPage4Savings.java:84)
at com.cvs.qa.testcases.SignUp4DealTest.verifySignU4DealsExcelDataTest(SignUp4DealTest.java:56)
at sun.reflect.NativeMethodAccessorImpl.invoke0(Native Method)
at sun.reflect.NativeMethodAccessorImpl.invoke(Unknown Source)
at sun.reflect.DelegatingMethodAccessorImpl.invoke(Unknown Source)
at java.lang.reflect.Method.invoke(Unknown Source)
at org.testng.internal.MethodInvocationHelper.invokeMethod(MethodInvocationHelper.java:124)
at org.testng.internal.Invoker.invokeMethod(Invoker.java:583)
at org.testng.internal.Invoker.invokeTestMethod(Invoker.java:719)
at org.testng.internal.Invoker.invokeTestMethods(Invoker.java:989)
at org.testng.internal.TestMethodWorker.invokeTestMethods(TestMethodWorker.java:125)
at org.testng.internal.TestMethodWorker.run(TestMethodWorker.java:109)
at org.testng.TestRunner.privateRun(TestRunner.java:648)
at org.testng.TestRunner.run(TestRunner.java:505)
at org.testng.SuiteRunner.runTest(SuiteRunner.java:455)
at org.testng.SuiteRunner.runSequentially(SuiteRunner.java:450)
at org.testng.SuiteRunner.privateRun(SuiteRunner.java:415)
at org.testng.SuiteRunner.run(SuiteRunner.java:364)
at org.testng.SuiteRunnerWorker.runSuite(SuiteRunnerWorker.java:52)
at org.testng.SuiteRunnerWorker.run(SuiteRunnerWorker.java:84)
at org.testng.TestNG.runSuitesSequentially(TestNG.java:1208)
at org.testng.TestNG.runSuitesLocally(TestNG.java:1137)
at org.testng.TestNG.runSuites(TestNG.java:1049)
at org.testng.TestNG.run(TestNG.java:1017)
at org.testng.remote.AbstractRemoteTestNG.run(AbstractRemoteTestNG.java:114)
at org.testng.remote.RemoteTestNG.initAndRun(RemoteTestNG.java:251)
at org.testng.remote.RemoteTestNG.main(RemoteTestNG.java:77)
]]>
            </full-stacktrace>
          </exception> <!-- org.openqa.selenium.NoSuchElementException -->
          <reporter-output>
          </reporter-output>
        </test-method> <!-- verifySignU4DealsExcelDataTest -->
        <test-method status="PASS" signature="tearDown()[pri:0, instance:com.cvs.qa.testcases.SignUp4DealTest@4d50efb8]" name="tearDown" is-config="true" duration-ms="997" started-at="2019-02-13T07:26:54Z" finished-at="2019-02-13T07:26:55Z">
          <reporter-output>
          </reporter-output>
        </test-method> <!-- tearDown -->
        <test-method status="PASS" signature="setUp()[pri:0, instance:com.cvs.qa.testcases.SignUp4DealTest@4d50efb8]" name="setUp" is-config="true" duration-ms="4900" started-at="2019-02-13T07:26:55Z" finished-at="2019-02-13T07:27:00Z">
          <reporter-output>
          </reporter-output>
        </test-method> <!-- setUp -->
        <test-method status="PASS" signature="verifySignU4DealsExcelDataTest(java.lang.String, java.lang.String, java.lang.String, java.lang.String, java.lang.String, java.lang.String, java.lang.String, java.lang.String, java.lang.String, java.lang.String, java.lang.String, java.lang.String)[pri:3, instance:com.cvs.qa.testcases.SignUp4DealTest@4d50efb8]" name="verifySignU4DealsExcelDataTest" duration-ms="10756" started-at="2019-02-13T07:27:00Z" data-provider="getCVSTestDataSignUp4Savings" finished-at="2019-02-13T07:27:10Z">
          <params>
            <param index="0">
              <value>
                <![CDATA[shuwaibliaquat1@hotmail.com]]>
              </value>
            </param>
            <param index="1">
              <value>
                <![CDATA[shuwaibliaquat1@hotmail.com]]>
              </value>
            </param>
            <param index="2">
              <value>
                <![CDATA[222222]]>
              </value>
            </param>
            <param index="3">
              <value>
                <![CDATA[Shuwaib4]]>
              </value>
            </param>
            <param index="4">
              <value>
                <![CDATA[Liaquat4]]>
              </value>
            </param>
            <param index="5">
              <value>
                <![CDATA[07508]]>
              </value>
            </param>
            <param index="6">
              <value>
                <![CDATA[01291994]]>
              </value>
            </param>
            <param index="7">
              <value>
                <![CDATA[5555]]>
              </value>
            </param>
            <param index="8">
              <value>
                <![CDATA[Main St]]>
              </value>
            </param>
            <param index="9">
              <value>
                <![CDATA[New York]]>
              </value>
            </param>
            <param index="10">
              <value>
                <![CDATA[NC]]>
              </value>
            </param>
            <param index="11">
              <value>
                <![CDATA[07508]]>
              </value>
            </param>
          </params>
          <reporter-output>
          </reporter-output>
        </test-method> <!-- verifySignU4DealsExcelDataTest -->
        <test-method status="PASS" signature="tearDown()[pri:0, instance:com.cvs.qa.testcases.SignUp4DealTest@4d50efb8]" name="tearDown" is-config="true" duration-ms="966" started-at="2019-02-13T07:27:10Z" finished-at="2019-02-13T07:27:11Z">
          <reporter-output>
          </reporter-output>
        </test-method> <!-- tearDown -->
        <test-method status="PASS" signature="setUp()[pri:0, instance:com.cvs.qa.testcases.SignUp4DealTest@4d50efb8]" name="setUp" is-config="true" duration-ms="5090" started-at="2019-02-13T07:27:11Z" finished-at="2019-02-13T07:27:16Z">
          <reporter-output>
          </reporter-output>
        </test-method> <!-- setUp -->
        <test-method status="PASS" signature="verifySignU4DealsExcelDataTest(java.lang.String, java.lang.String, java.lang.String, java.lang.String, java.lang.String, java.lang.String, java.lang.String, java.lang.String, java.lang.String, java.lang.String, java.lang.String, java.lang.String)[pri:3, instance:com.cvs.qa.testcases.SignUp4DealTest@4d50efb8]" name="verifySignU4DealsExcelDataTest" duration-ms="10571" started-at="2019-02-13T07:27:16Z" data-provider="getCVSTestDataSignUp4Savings" finished-at="2019-02-13T07:27:27Z">
          <params>
            <param index="0">
              <value>
                <![CDATA[nishat0598@gmail.com]]>
              </value>
            </param>
            <param index="1">
              <value>
                <![CDATA[nishat0598@gmail.com]]>
              </value>
            </param>
            <param index="2">
              <value>
                <![CDATA[123456]]>
              </value>
            </param>
            <param index="3">
              <value>
                <![CDATA[Nishat]]>
              </value>
            </param>
            <param index="4">
              <value>
                <![CDATA[Chowdhury]]>
              </value>
            </param>
            <param index="5">
              <value>
                <![CDATA[48212]]>
              </value>
            </param>
            <param index="6">
              <value>
                <![CDATA[01291995]]>
              </value>
            </param>
            <param index="7">
              <value>
                <![CDATA[3035]]>
              </value>
            </param>
            <param index="8">
              <value>
                <![CDATA[Hollywood Blvd]]>
              </value>
            </param>
            <param index="9">
              <value>
                <![CDATA[Manhattan]]>
              </value>
            </param>
            <param index="10">
              <value>
                <![CDATA[VA]]>
              </value>
            </param>
            <param index="11">
              <value>
                <![CDATA[48212]]>
              </value>
            </param>
          </params>
          <reporter-output>
          </reporter-output>
        </test-method> <!-- verifySignU4DealsExcelDataTest -->
        <test-method status="PASS" signature="tearDown()[pri:0, instance:com.cvs.qa.testcases.SignUp4DealTest@4d50efb8]" name="tearDown" is-config="true" duration-ms="932" started-at="2019-02-13T07:27:27Z" finished-at="2019-02-13T07:27:28Z">
          <reporter-output>
          </reporter-output>
        </test-method> <!-- tearDown -->
      </class> <!-- com.cvs.qa.testcases.SignUp4DealTest -->
    </test> <!--  CVS SignUp4DealTest -->
  </suite> <!-- CVS Pharmacy Application Test Automation Test Suite -->
</testng-results>
