<?xml version="1.0" encoding="UTF-8"?>
<testng-results skipped="0" failed="0" ignored="0" total="9" passed="9">
  <reporter-output>
  </reporter-output>
  <suite name="Default suite" duration-ms="193864" started-at="2019-01-05T06:34:00Z" finished-at="2019-01-05T06:37:14Z">
    <groups>
    </groups>
    <test name="Default test" duration-ms="193864" started-at="2019-01-05T06:34:00Z" finished-at="2019-01-05T06:37:14Z">
      <class name="com.cvs.qa.testcases.RegistrationTest">
        <test-method status="PASS" signature="setUp()[pri:0, instance:com.cvs.qa.testcases.RegistrationTest@79be0360]" name="setUp" is-config="true" duration-ms="6892" started-at="2019-01-05T06:34:00Z" finished-at="2019-01-05T06:34:07Z">
          <reporter-output>
          </reporter-output>
        </test-method> <!-- setUp -->
        <test-method status="PASS" signature="verifyRegistrationPageTitle()[pri:0, instance:com.cvs.qa.testcases.RegistrationTest@79be0360]" name="verifyRegistrationPageTitle" duration-ms="3429" started-at="2019-01-05T06:34:07Z" finished-at="2019-01-05T06:34:10Z">
          <reporter-output>
          </reporter-output>
        </test-method> <!-- verifyRegistrationPageTitle -->
        <test-method status="PASS" signature="tearDown()[pri:0, instance:com.cvs.qa.testcases.RegistrationTest@79be0360]" name="tearDown" is-config="true" duration-ms="1361" started-at="2019-01-05T06:34:10Z" finished-at="2019-01-05T06:34:12Z">
          <reporter-output>
          </reporter-output>
        </test-method> <!-- tearDown -->
        <test-method status="PASS" signature="setUp()[pri:0, instance:com.cvs.qa.testcases.RegistrationTest@79be0360]" name="setUp" is-config="true" duration-ms="5899" started-at="2019-01-05T06:34:12Z" finished-at="2019-01-05T06:34:18Z">
          <reporter-output>
          </reporter-output>
        </test-method> <!-- setUp -->
        <test-method status="PASS" signature="registerCustomer()[pri:1, instance:com.cvs.qa.testcases.RegistrationTest@79be0360]" name="registerCustomer" duration-ms="18502" started-at="2019-01-05T06:34:18Z" finished-at="2019-01-05T06:34:36Z">
          <reporter-output>
          </reporter-output>
        </test-method> <!-- registerCustomer -->
        <test-method status="PASS" signature="tearDown()[pri:0, instance:com.cvs.qa.testcases.RegistrationTest@79be0360]" name="tearDown" is-config="true" duration-ms="1388" started-at="2019-01-05T06:34:36Z" finished-at="2019-01-05T06:34:38Z">
          <reporter-output>
          </reporter-output>
        </test-method> <!-- tearDown -->
        <test-method status="PASS" signature="setUp()[pri:0, instance:com.cvs.qa.testcases.RegistrationTest@79be0360]" name="setUp" is-config="true" duration-ms="5901" started-at="2019-01-05T06:34:38Z" finished-at="2019-01-05T06:34:44Z">
          <reporter-output>
          </reporter-output>
        </test-method> <!-- setUp -->
        <test-method status="PASS" signature="registerMultipleCustomer(java.lang.String, java.lang.String, java.lang.String, java.lang.String, java.lang.String, java.lang.String, java.lang.String, java.lang.String, java.lang.String, java.lang.String, java.lang.String, java.lang.String, java.lang.String, java.lang.String, java.lang.String, java.lang.String)[pri:2, instance:com.cvs.qa.testcases.RegistrationTest@79be0360]" name="registerMultipleCustomer" duration-ms="15338" started-at="2019-01-05T06:34:44Z" data-provider="getCVSTestDataRegistration" finished-at="2019-01-05T06:35:00Z">
          <params>
            <param index="0">
              <value>
                <![CDATA[Shuwaib]]>
              </value>
            </param>
            <param index="1">
              <value>
                <![CDATA[Liaquat]]>
              </value>
            </param>
            <param index="2">
              <value>
                <![CDATA[shuwaibliaquat@hotmail.com]]>
              </value>
            </param>
            <param index="3">
              <value>
                <![CDATA[Apple12345]]>
              </value>
            </param>
            <param index="4">
              <value>
                <![CDATA[Apple12345]]>
              </value>
            </param>
            <param index="5">
              <value>
                <![CDATA[Krish]]>
              </value>
            </param>
            <param index="6">
              <value>
                <![CDATA[111 Wayne Ave]]>
              </value>
            </param>
            <param index="7">
              <value>
                <![CDATA[1st]]>
              </value>
            </param>
            <param index="8">
              <value>
                <![CDATA[Paterson]]>
              </value>
            </param>
            <param index="9">
              <value>
                <![CDATA[NJ]]>
              </value>
            </param>
            <param index="10">
              <value>
                <![CDATA[07503]]>
              </value>
            </param>
            <param index="11">
              <value>
                <![CDATA[2019814576]]>
              </value>
            </param>
            <param index="12">
              <value>
                <![CDATA[01]]>
              </value>
            </param>
            <param index="13">
              <value>
                <![CDATA[26]]>
              </value>
            </param>
            <param index="14">
              <value>
                <![CDATA[1989]]>
              </value>
            </param>
            <param index="15">
              <value>
                <![CDATA[Male]]>
              </value>
            </param>
          </params>
          <reporter-output>
          </reporter-output>
        </test-method> <!-- registerMultipleCustomer -->
        <test-method status="PASS" signature="tearDown()[pri:0, instance:com.cvs.qa.testcases.RegistrationTest@79be0360]" name="tearDown" is-config="true" duration-ms="1166" started-at="2019-01-05T06:35:00Z" finished-at="2019-01-05T06:35:01Z">
          <reporter-output>
          </reporter-output>
        </test-method> <!-- tearDown -->
        <test-method status="PASS" signature="setUp()[pri:0, instance:com.cvs.qa.testcases.RegistrationTest@79be0360]" name="setUp" is-config="true" duration-ms="5200" started-at="2019-01-05T06:35:01Z" finished-at="2019-01-05T06:35:06Z">
          <reporter-output>
          </reporter-output>
        </test-method> <!-- setUp -->
        <test-method status="PASS" signature="registerMultipleCustomer(java.lang.String, java.lang.String, java.lang.String, java.lang.String, java.lang.String, java.lang.String, java.lang.String, java.lang.String, java.lang.String, java.lang.String, java.lang.String, java.lang.String, java.lang.String, java.lang.String, java.lang.String, java.lang.String)[pri:2, instance:com.cvs.qa.testcases.RegistrationTest@79be0360]" name="registerMultipleCustomer" duration-ms="14709" started-at="2019-01-05T06:35:06Z" data-provider="getCVSTestDataRegistration" finished-at="2019-01-05T06:35:21Z">
          <params>
            <param index="0">
              <value>
                <![CDATA[Shuwaib1]]>
              </value>
            </param>
            <param index="1">
              <value>
                <![CDATA[Liaquat1]]>
              </value>
            </param>
            <param index="2">
              <value>
                <![CDATA[shuwaibliaquat1@hotmail.com]]>
              </value>
            </param>
            <param index="3">
              <value>
                <![CDATA[Apple12346]]>
              </value>
            </param>
            <param index="4">
              <value>
                <![CDATA[Apple12346]]>
              </value>
            </param>
            <param index="5">
              <value>
                <![CDATA[Shabana]]>
              </value>
            </param>
            <param index="6">
              <value>
                <![CDATA[112 Wayne Ave]]>
              </value>
            </param>
            <param index="7">
              <value>
                <![CDATA[2nd]]>
              </value>
            </param>
            <param index="8">
              <value>
                <![CDATA[Paterson]]>
              </value>
            </param>
            <param index="9">
              <value>
                <![CDATA[NJ]]>
              </value>
            </param>
            <param index="10">
              <value>
                <![CDATA[07504]]>
              </value>
            </param>
            <param index="11">
              <value>
                <![CDATA[2019814576]]>
              </value>
            </param>
            <param index="12">
              <value>
                <![CDATA[02]]>
              </value>
            </param>
            <param index="13">
              <value>
                <![CDATA[27]]>
              </value>
            </param>
            <param index="14">
              <value>
                <![CDATA[1989]]>
              </value>
            </param>
            <param index="15">
              <value>
                <![CDATA[Male]]>
              </value>
            </param>
          </params>
          <reporter-output>
          </reporter-output>
        </test-method> <!-- registerMultipleCustomer -->
        <test-method status="PASS" signature="tearDown()[pri:0, instance:com.cvs.qa.testcases.RegistrationTest@79be0360]" name="tearDown" is-config="true" duration-ms="1372" started-at="2019-01-05T06:35:21Z" finished-at="2019-01-05T06:35:22Z">
          <reporter-output>
          </reporter-output>
        </test-method> <!-- tearDown -->
        <test-method status="PASS" signature="setUp()[pri:0, instance:com.cvs.qa.testcases.RegistrationTest@79be0360]" name="setUp" is-config="true" duration-ms="5791" started-at="2019-01-05T06:35:22Z" finished-at="2019-01-05T06:35:28Z">
          <reporter-output>
          </reporter-output>
        </test-method> <!-- setUp -->
        <test-method status="PASS" signature="registerMultipleCustomer(java.lang.String, java.lang.String, java.lang.String, java.lang.String, java.lang.String, java.lang.String, java.lang.String, java.lang.String, java.lang.String, java.lang.String, java.lang.String, java.lang.String, java.lang.String, java.lang.String, java.lang.String, java.lang.String)[pri:2, instance:com.cvs.qa.testcases.RegistrationTest@79be0360]" name="registerMultipleCustomer" duration-ms="15467" started-at="2019-01-05T06:35:28Z" data-provider="getCVSTestDataRegistration" finished-at="2019-01-05T06:35:43Z">
          <params>
            <param index="0">
              <value>
                <![CDATA[Linie]]>
              </value>
            </param>
            <param index="1">
              <value>
                <![CDATA[Liaquat]]>
              </value>
            </param>
            <param index="2">
              <value>
                <![CDATA[shuwaibliaquat@hotmail.com]]>
              </value>
            </param>
            <param index="3">
              <value>
                <![CDATA[Apple12347]]>
              </value>
            </param>
            <param index="4">
              <value>
                <![CDATA[Apple12347]]>
              </value>
            </param>
            <param index="5">
              <value>
                <![CDATA[yahoo]]>
              </value>
            </param>
            <param index="6">
              <value>
                <![CDATA[113 Wayne Ave]]>
              </value>
            </param>
            <param index="7">
              <value>
                <![CDATA[3rd]]>
              </value>
            </param>
            <param index="8">
              <value>
                <![CDATA[Paterson]]>
              </value>
            </param>
            <param index="9">
              <value>
                <![CDATA[DC]]>
              </value>
            </param>
            <param index="10">
              <value>
                <![CDATA[07505]]>
              </value>
            </param>
            <param index="11">
              <value>
                <![CDATA[2019814576]]>
              </value>
            </param>
            <param index="12">
              <value>
                <![CDATA[03]]>
              </value>
            </param>
            <param index="13">
              <value>
                <![CDATA[28]]>
              </value>
            </param>
            <param index="14">
              <value>
                <![CDATA[1989]]>
              </value>
            </param>
            <param index="15">
              <value>
                <![CDATA[Female]]>
              </value>
            </param>
          </params>
          <reporter-output>
          </reporter-output>
        </test-method> <!-- registerMultipleCustomer -->
        <test-method status="PASS" signature="tearDown()[pri:0, instance:com.cvs.qa.testcases.RegistrationTest@79be0360]" name="tearDown" is-config="true" duration-ms="1226" started-at="2019-01-05T06:35:43Z" finished-at="2019-01-05T06:35:45Z">
          <reporter-output>
          </reporter-output>
        </test-method> <!-- tearDown -->
        <test-method status="PASS" signature="setUp()[pri:0, instance:com.cvs.qa.testcases.RegistrationTest@79be0360]" name="setUp" is-config="true" duration-ms="6565" started-at="2019-01-05T06:35:45Z" finished-at="2019-01-05T06:35:51Z">
          <reporter-output>
          </reporter-output>
        </test-method> <!-- setUp -->
        <test-method status="PASS" signature="registerMultipleCustomer(java.lang.String, java.lang.String, java.lang.String, java.lang.String, java.lang.String, java.lang.String, java.lang.String, java.lang.String, java.lang.String, java.lang.String, java.lang.String, java.lang.String, java.lang.String, java.lang.String, java.lang.String, java.lang.String)[pri:2, instance:com.cvs.qa.testcases.RegistrationTest@79be0360]" name="registerMultipleCustomer" duration-ms="14972" started-at="2019-01-05T06:35:51Z" data-provider="getCVSTestDataRegistration" finished-at="2019-01-05T06:36:06Z">
          <params>
            <param index="0">
              <value>
                <![CDATA[Shuwaib]]>
              </value>
            </param>
            <param index="1">
              <value>
                <![CDATA[Liaquat]]>
              </value>
            </param>
            <param index="2">
              <value>
                <![CDATA[shuwaibliaquat1@hotmail.com]]>
              </value>
            </param>
            <param index="3">
              <value>
                <![CDATA[Apple12348]]>
              </value>
            </param>
            <param index="4">
              <value>
                <![CDATA[Apple12348]]>
              </value>
            </param>
            <param index="5">
              <value>
                <![CDATA[hotmail]]>
              </value>
            </param>
            <param index="6">
              <value>
                <![CDATA[114 Wayne Ave]]>
              </value>
            </param>
            <param index="7">
              <value>
                <![CDATA[4th]]>
              </value>
            </param>
            <param index="8">
              <value>
                <![CDATA[Paterson]]>
              </value>
            </param>
            <param index="9">
              <value>
                <![CDATA[NJ]]>
              </value>
            </param>
            <param index="10">
              <value>
                <![CDATA[07506]]>
              </value>
            </param>
            <param index="11">
              <value>
                <![CDATA[2019814576]]>
              </value>
            </param>
            <param index="12">
              <value>
                <![CDATA[04]]>
              </value>
            </param>
            <param index="13">
              <value>
                <![CDATA[29]]>
              </value>
            </param>
            <param index="14">
              <value>
                <![CDATA[1989]]>
              </value>
            </param>
            <param index="15">
              <value>
                <![CDATA[Male]]>
              </value>
            </param>
          </params>
          <reporter-output>
          </reporter-output>
        </test-method> <!-- registerMultipleCustomer -->
        <test-method status="PASS" signature="tearDown()[pri:0, instance:com.cvs.qa.testcases.RegistrationTest@79be0360]" name="tearDown" is-config="true" duration-ms="1137" started-at="2019-01-05T06:36:06Z" finished-at="2019-01-05T06:36:07Z">
          <reporter-output>
          </reporter-output>
        </test-method> <!-- tearDown -->
        <test-method status="PASS" signature="setUp()[pri:0, instance:com.cvs.qa.testcases.RegistrationTest@79be0360]" name="setUp" is-config="true" duration-ms="5430" started-at="2019-01-05T06:36:07Z" finished-at="2019-01-05T06:36:13Z">
          <reporter-output>
          </reporter-output>
        </test-method> <!-- setUp -->
        <test-method status="PASS" signature="registerMultipleCustomer(java.lang.String, java.lang.String, java.lang.String, java.lang.String, java.lang.String, java.lang.String, java.lang.String, java.lang.String, java.lang.String, java.lang.String, java.lang.String, java.lang.String, java.lang.String, java.lang.String, java.lang.String, java.lang.String)[pri:2, instance:com.cvs.qa.testcases.RegistrationTest@79be0360]" name="registerMultipleCustomer" duration-ms="14576" started-at="2019-01-05T06:36:13Z" data-provider="getCVSTestDataRegistration" finished-at="2019-01-05T06:36:27Z">
          <params>
            <param index="0">
              <value>
                <![CDATA[Shuwaib3]]>
              </value>
            </param>
            <param index="1">
              <value>
                <![CDATA[Liaquat3]]>
              </value>
            </param>
            <param index="2">
              <value>
                <![CDATA[shuwaibliaquat@hotmail.com]]>
              </value>
            </param>
            <param index="3">
              <value>
                <![CDATA[Apple12349]]>
              </value>
            </param>
            <param index="4">
              <value>
                <![CDATA[Apple12349]]>
              </value>
            </param>
            <param index="5">
              <value>
                <![CDATA[google]]>
              </value>
            </param>
            <param index="6">
              <value>
                <![CDATA[115 Wayne Ave]]>
              </value>
            </param>
            <param index="7">
              <value>
                <![CDATA[5th]]>
              </value>
            </param>
            <param index="8">
              <value>
                <![CDATA[Paterson]]>
              </value>
            </param>
            <param index="9">
              <value>
                <![CDATA[NY]]>
              </value>
            </param>
            <param index="10">
              <value>
                <![CDATA[07507]]>
              </value>
            </param>
            <param index="11">
              <value>
                <![CDATA[2019814576]]>
              </value>
            </param>
            <param index="12">
              <value>
                <![CDATA[05]]>
              </value>
            </param>
            <param index="13">
              <value>
                <![CDATA[30]]>
              </value>
            </param>
            <param index="14">
              <value>
                <![CDATA[1989]]>
              </value>
            </param>
            <param index="15">
              <value>
                <![CDATA[Male]]>
              </value>
            </param>
          </params>
          <reporter-output>
          </reporter-output>
        </test-method> <!-- registerMultipleCustomer -->
        <test-method status="PASS" signature="tearDown()[pri:0, instance:com.cvs.qa.testcases.RegistrationTest@79be0360]" name="tearDown" is-config="true" duration-ms="1297" started-at="2019-01-05T06:36:27Z" finished-at="2019-01-05T06:36:29Z">
          <reporter-output>
          </reporter-output>
        </test-method> <!-- tearDown -->
        <test-method status="PASS" signature="setUp()[pri:0, instance:com.cvs.qa.testcases.RegistrationTest@79be0360]" name="setUp" is-config="true" duration-ms="6929" started-at="2019-01-05T06:36:29Z" finished-at="2019-01-05T06:36:35Z">
          <reporter-output>
          </reporter-output>
        </test-method> <!-- setUp -->
        <test-method status="PASS" signature="registerMultipleCustomer(java.lang.String, java.lang.String, java.lang.String, java.lang.String, java.lang.String, java.lang.String, java.lang.String, java.lang.String, java.lang.String, java.lang.String, java.lang.String, java.lang.String, java.lang.String, java.lang.String, java.lang.String, java.lang.String)[pri:2, instance:com.cvs.qa.testcases.RegistrationTest@79be0360]" name="registerMultipleCustomer" duration-ms="13787" started-at="2019-01-05T06:36:35Z" data-provider="getCVSTestDataRegistration" finished-at="2019-01-05T06:36:49Z">
          <params>
            <param index="0">
              <value>
                <![CDATA[Shuwaib4]]>
              </value>
            </param>
            <param index="1">
              <value>
                <![CDATA[Liaquat4]]>
              </value>
            </param>
            <param index="2">
              <value>
                <![CDATA[shuwaibliaquat1@hotmail.com]]>
              </value>
            </param>
            <param index="3">
              <value>
                <![CDATA[Apple12350]]>
              </value>
            </param>
            <param index="4">
              <value>
                <![CDATA[Apple12350]]>
              </value>
            </param>
            <param index="5">
              <value>
                <![CDATA[tommy]]>
              </value>
            </param>
            <param index="6">
              <value>
                <![CDATA[116 Wayne Ave]]>
              </value>
            </param>
            <param index="7">
              <value>
                <![CDATA[6th]]>
              </value>
            </param>
            <param index="8">
              <value>
                <![CDATA[Paterson]]>
              </value>
            </param>
            <param index="9">
              <value>
                <![CDATA[MI]]>
              </value>
            </param>
            <param index="10">
              <value>
                <![CDATA[07508]]>
              </value>
            </param>
            <param index="11">
              <value>
                <![CDATA[2019814576]]>
              </value>
            </param>
            <param index="12">
              <value>
                <![CDATA[06]]>
              </value>
            </param>
            <param index="13">
              <value>
                <![CDATA[30]]>
              </value>
            </param>
            <param index="14">
              <value>
                <![CDATA[1989]]>
              </value>
            </param>
            <param index="15">
              <value>
                <![CDATA[Male]]>
              </value>
            </param>
          </params>
          <reporter-output>
          </reporter-output>
        </test-method> <!-- registerMultipleCustomer -->
        <test-method status="PASS" signature="tearDown()[pri:0, instance:com.cvs.qa.testcases.RegistrationTest@79be0360]" name="tearDown" is-config="true" duration-ms="1355" started-at="2019-01-05T06:36:49Z" finished-at="2019-01-05T06:36:51Z">
          <reporter-output>
          </reporter-output>
        </test-method> <!-- tearDown -->
        <test-method status="PASS" signature="setUp()[pri:0, instance:com.cvs.qa.testcases.RegistrationTest@79be0360]" name="setUp" is-config="true" duration-ms="6962" started-at="2019-01-05T06:36:51Z" finished-at="2019-01-05T06:36:58Z">
          <reporter-output>
          </reporter-output>
        </test-method> <!-- setUp -->
        <test-method status="PASS" signature="registerMultipleCustomer(java.lang.String, java.lang.String, java.lang.String, java.lang.String, java.lang.String, java.lang.String, java.lang.String, java.lang.String, java.lang.String, java.lang.String, java.lang.String, java.lang.String, java.lang.String, java.lang.String, java.lang.String, java.lang.String)[pri:2, instance:com.cvs.qa.testcases.RegistrationTest@79be0360]" name="registerMultipleCustomer" duration-ms="15167" started-at="2019-01-05T06:36:58Z" data-provider="getCVSTestDataRegistration" finished-at="2019-01-05T06:37:13Z">
          <params>
            <param index="0">
              <value>
                <![CDATA[Nishat]]>
              </value>
            </param>
            <param index="1">
              <value>
                <![CDATA[Chowdhury]]>
              </value>
            </param>
            <param index="2">
              <value>
                <![CDATA[nishat0598@gmail.com]]>
              </value>
            </param>
            <param index="3">
              <value>
                <![CDATA[Apple555]]>
              </value>
            </param>
            <param index="4">
              <value>
                <![CDATA[Apple555]]>
              </value>
            </param>
            <param index="5">
              <value>
                <![CDATA[Tia]]>
              </value>
            </param>
            <param index="6">
              <value>
                <![CDATA[12 Elk St]]>
              </value>
            </param>
            <param index="7">
              <value>
                <![CDATA[7th]]>
              </value>
            </param>
            <param index="8">
              <value>
                <![CDATA[Lincoln Park]]>
              </value>
            </param>
            <param index="9">
              <value>
                <![CDATA[MI]]>
              </value>
            </param>
            <param index="10">
              <value>
                <![CDATA[48212]]>
              </value>
            </param>
            <param index="11">
              <value>
                <![CDATA[2019814576]]>
              </value>
            </param>
            <param index="12">
              <value>
                <![CDATA[11]]>
              </value>
            </param>
            <param index="13">
              <value>
                <![CDATA[21]]>
              </value>
            </param>
            <param index="14">
              <value>
                <![CDATA[2000]]>
              </value>
            </param>
            <param index="15">
              <value>
                <![CDATA[Female]]>
              </value>
            </param>
          </params>
          <reporter-output>
          </reporter-output>
        </test-method> <!-- registerMultipleCustomer -->
        <test-method status="PASS" signature="tearDown()[pri:0, instance:com.cvs.qa.testcases.RegistrationTest@79be0360]" name="tearDown" is-config="true" duration-ms="1273" started-at="2019-01-05T06:37:13Z" finished-at="2019-01-05T06:37:14Z">
          <reporter-output>
          </reporter-output>
        </test-method> <!-- tearDown -->
      </class> <!-- com.cvs.qa.testcases.RegistrationTest -->
    </test> <!-- Default test -->
  </suite> <!-- Default suite -->
</testng-results>
