<?xml version="1.0" encoding="UTF-8"?>
<testng-results skipped="23" failed="3" ignored="0" total="85" passed="59">
  <reporter-output>
  </reporter-output>
  <suite name="CVS Pharmacy Application Test Automation Test Suite" duration-ms="1713167" started-at="2018-11-05T03:00:10Z" finished-at="2018-11-05T03:28:43Z">
    <groups>
    </groups>
    <test name=" CVS HomePageTest" duration-ms="236743" started-at="2018-11-05T03:00:10Z" finished-at="2018-11-05T03:04:07Z">
      <class name="com.cvs.qa.testcases.HomePageTest">
        <test-method status="PASS" signature="setUp()[pri:0, instance:com.cvs.qa.testcases.HomePageTest@21213b92]" name="setUp" is-config="true" duration-ms="7462" started-at="2018-11-05T03:00:10Z" finished-at="2018-11-05T03:00:17Z">
          <reporter-output>
          </reporter-output>
        </test-method> <!-- setUp -->
        <test-method status="PASS" signature="verifyHomePageTitleTest()[pri:0, instance:com.cvs.qa.testcases.HomePageTest@21213b92]" name="verifyHomePageTitleTest" duration-ms="43" started-at="2018-11-05T03:00:17Z" finished-at="2018-11-05T03:00:17Z">
          <reporter-output>
          </reporter-output>
        </test-method> <!-- verifyHomePageTitleTest -->
        <test-method status="PASS" signature="tearDown()[pri:0, instance:com.cvs.qa.testcases.HomePageTest@21213b92]" name="tearDown" is-config="true" duration-ms="1213" started-at="2018-11-05T03:00:17Z" finished-at="2018-11-05T03:00:19Z">
          <reporter-output>
          </reporter-output>
        </test-method> <!-- tearDown -->
        <test-method status="PASS" signature="setUp()[pri:0, instance:com.cvs.qa.testcases.HomePageTest@21213b92]" name="setUp" is-config="true" duration-ms="5990" started-at="2018-11-05T03:00:19Z" finished-at="2018-11-05T03:00:25Z">
          <reporter-output>
          </reporter-output>
        </test-method> <!-- setUp -->
        <test-method status="PASS" signature="verifyHomePageLogoTest()[pri:1, instance:com.cvs.qa.testcases.HomePageTest@21213b92]" name="verifyHomePageLogoTest" duration-ms="181" started-at="2018-11-05T03:00:25Z" finished-at="2018-11-05T03:00:25Z">
          <reporter-output>
          </reporter-output>
        </test-method> <!-- verifyHomePageLogoTest -->
        <test-method status="PASS" signature="tearDown()[pri:0, instance:com.cvs.qa.testcases.HomePageTest@21213b92]" name="tearDown" is-config="true" duration-ms="1194" started-at="2018-11-05T03:00:25Z" finished-at="2018-11-05T03:00:26Z">
          <reporter-output>
          </reporter-output>
        </test-method> <!-- tearDown -->
        <test-method status="PASS" signature="setUp()[pri:0, instance:com.cvs.qa.testcases.HomePageTest@21213b92]" name="setUp" is-config="true" duration-ms="6049" started-at="2018-11-05T03:00:26Z" finished-at="2018-11-05T03:00:32Z">
          <reporter-output>
          </reporter-output>
        </test-method> <!-- setUp -->
        <test-method status="PASS" signature="verifySearchBoxTest()[pri:2, instance:com.cvs.qa.testcases.HomePageTest@21213b92]" name="verifySearchBoxTest" duration-ms="480" started-at="2018-11-05T03:00:32Z" finished-at="2018-11-05T03:00:33Z">
          <reporter-output>
          </reporter-output>
        </test-method> <!-- verifySearchBoxTest -->
        <test-method status="PASS" signature="tearDown()[pri:0, instance:com.cvs.qa.testcases.HomePageTest@21213b92]" name="tearDown" is-config="true" duration-ms="1133" started-at="2018-11-05T03:00:33Z" finished-at="2018-11-05T03:00:34Z">
          <reporter-output>
          </reporter-output>
        </test-method> <!-- tearDown -->
        <test-method status="PASS" signature="setUp()[pri:0, instance:com.cvs.qa.testcases.HomePageTest@21213b92]" name="setUp" is-config="true" duration-ms="5732" started-at="2018-11-05T03:00:34Z" finished-at="2018-11-05T03:00:39Z">
          <reporter-output>
          </reporter-output>
        </test-method> <!-- setUp -->
        <test-method status="PASS" signature="verifyPharmacyLinkTest()[pri:3, instance:com.cvs.qa.testcases.HomePageTest@21213b92]" name="verifyPharmacyLinkTest" duration-ms="2524" started-at="2018-11-05T03:00:39Z" finished-at="2018-11-05T03:00:42Z">
          <reporter-output>
          </reporter-output>
        </test-method> <!-- verifyPharmacyLinkTest -->
        <test-method status="PASS" signature="tearDown()[pri:0, instance:com.cvs.qa.testcases.HomePageTest@21213b92]" name="tearDown" is-config="true" duration-ms="1902" started-at="2018-11-05T03:00:42Z" finished-at="2018-11-05T03:00:44Z">
          <reporter-output>
          </reporter-output>
        </test-method> <!-- tearDown -->
        <test-method status="PASS" signature="setUp()[pri:0, instance:com.cvs.qa.testcases.HomePageTest@21213b92]" name="setUp" is-config="true" duration-ms="5679" started-at="2018-11-05T03:00:44Z" finished-at="2018-11-05T03:00:50Z">
          <reporter-output>
          </reporter-output>
        </test-method> <!-- setUp -->
        <test-method status="PASS" signature="verifyMinuteClinicLinkTest()[pri:4, instance:com.cvs.qa.testcases.HomePageTest@21213b92]" name="verifyMinuteClinicLinkTest" duration-ms="4135" started-at="2018-11-05T03:00:50Z" finished-at="2018-11-05T03:00:54Z">
          <reporter-output>
          </reporter-output>
        </test-method> <!-- verifyMinuteClinicLinkTest -->
        <test-method status="PASS" signature="tearDown()[pri:0, instance:com.cvs.qa.testcases.HomePageTest@21213b92]" name="tearDown" is-config="true" duration-ms="1178" started-at="2018-11-05T03:00:54Z" finished-at="2018-11-05T03:00:55Z">
          <reporter-output>
          </reporter-output>
        </test-method> <!-- tearDown -->
        <test-method status="PASS" signature="setUp()[pri:0, instance:com.cvs.qa.testcases.HomePageTest@21213b92]" name="setUp" is-config="true" duration-ms="6605" started-at="2018-11-05T03:00:55Z" finished-at="2018-11-05T03:01:01Z">
          <reporter-output>
          </reporter-output>
        </test-method> <!-- setUp -->
        <test-method status="PASS" signature="verifyShopLinkTest()[pri:5, instance:com.cvs.qa.testcases.HomePageTest@21213b92]" name="verifyShopLinkTest" duration-ms="4996" started-at="2018-11-05T03:01:01Z" finished-at="2018-11-05T03:01:06Z">
          <reporter-output>
          </reporter-output>
        </test-method> <!-- verifyShopLinkTest -->
        <test-method status="PASS" signature="tearDown()[pri:0, instance:com.cvs.qa.testcases.HomePageTest@21213b92]" name="tearDown" is-config="true" duration-ms="1466" started-at="2018-11-05T03:01:06Z" finished-at="2018-11-05T03:01:08Z">
          <reporter-output>
          </reporter-output>
        </test-method> <!-- tearDown -->
        <test-method status="PASS" signature="setUp()[pri:0, instance:com.cvs.qa.testcases.HomePageTest@21213b92]" name="setUp" is-config="true" duration-ms="7046" started-at="2018-11-05T03:01:08Z" finished-at="2018-11-05T03:01:15Z">
          <reporter-output>
          </reporter-output>
        </test-method> <!-- setUp -->
        <test-method status="PASS" signature="verifyExtraCareLinkTest()[pri:6, instance:com.cvs.qa.testcases.HomePageTest@21213b92]" name="verifyExtraCareLinkTest" duration-ms="2961" started-at="2018-11-05T03:01:15Z" finished-at="2018-11-05T03:01:18Z">
          <reporter-output>
          </reporter-output>
        </test-method> <!-- verifyExtraCareLinkTest -->
        <test-method status="PASS" signature="tearDown()[pri:0, instance:com.cvs.qa.testcases.HomePageTest@21213b92]" name="tearDown" is-config="true" duration-ms="1245" started-at="2018-11-05T03:01:18Z" finished-at="2018-11-05T03:01:19Z">
          <reporter-output>
          </reporter-output>
        </test-method> <!-- tearDown -->
        <test-method status="PASS" signature="setUp()[pri:0, instance:com.cvs.qa.testcases.HomePageTest@21213b92]" name="setUp" is-config="true" duration-ms="6170" started-at="2018-11-05T03:01:19Z" finished-at="2018-11-05T03:01:25Z">
          <reporter-output>
          </reporter-output>
        </test-method> <!-- setUp -->
        <test-method status="PASS" signature="verifyContactLensesTest()[pri:7, instance:com.cvs.qa.testcases.HomePageTest@21213b92]" name="verifyContactLensesTest" duration-ms="3418" started-at="2018-11-05T03:01:25Z" finished-at="2018-11-05T03:01:29Z">
          <reporter-output>
          </reporter-output>
        </test-method> <!-- verifyContactLensesTest -->
        <test-method status="PASS" signature="tearDown()[pri:0, instance:com.cvs.qa.testcases.HomePageTest@21213b92]" name="tearDown" is-config="true" duration-ms="983" started-at="2018-11-05T03:01:29Z" finished-at="2018-11-05T03:01:30Z">
          <reporter-output>
          </reporter-output>
        </test-method> <!-- tearDown -->
        <test-method status="PASS" signature="setUp()[pri:0, instance:com.cvs.qa.testcases.HomePageTest@21213b92]" name="setUp" is-config="true" duration-ms="8154" started-at="2018-11-05T03:01:30Z" finished-at="2018-11-05T03:01:38Z">
          <reporter-output>
          </reporter-output>
        </test-method> <!-- setUp -->
        <test-method status="SKIP" signature="verifyPhotoLinkTest()[pri:8, instance:com.cvs.qa.testcases.HomePageTest@21213b92]" name="verifyPhotoLinkTest" duration-ms="20532" started-at="2018-11-05T03:01:38Z" finished-at="2018-11-05T03:01:58Z">
          <exception class="org.openqa.selenium.NoSuchElementException">
            <message>
              <![CDATA[no such element: Unable to locate element: {"method":"xpath","selector":"//*[@id="headCVS"]/div[3]/div/div[1]/ul/li[6]/a"}
  (Session info: chrome=70.0.3538.77)
  (Driver info: chromedriver=2.42.591088 (7b2b2dca23cca0862f674758c9a3933e685c27d5),platform=Windows NT 10.0.17134 x86_64) (WARNING: The server did not provide any stacktrace information)
Command duration or timeout: 0 milliseconds
For documentation on this error, please visit: http://seleniumhq.org/exceptions/no_such_element.html
Build info: version: '3.14.0', revision: 'aacccce0', time: '2018-08-02T20:19:58.91Z'
System info: host: 'DESKTOP-JEV6767', ip: '192.168.1.6', os.name: 'Windows 10', os.arch: 'amd64', os.version: '10.0', java.version: '1.8.0_171'
Driver info: org.openqa.selenium.chrome.ChromeDriver
Capabilities {acceptInsecureCerts: false, acceptSslCerts: false, applicationCacheEnabled: false, browserConnectionEnabled: false, browserName: chrome, chrome: {chromedriverVersion: 2.42.591088 (7b2b2dca23cca0..., userDataDir: C:\Users\JAVALE~1\AppData\L...}, cssSelectorsEnabled: true, databaseEnabled: false, goog:chromeOptions: {debuggerAddress: localhost:63565}, handlesAlerts: true, hasTouchScreen: false, javascriptEnabled: true, locationContextEnabled: true, mobileEmulationEnabled: false, nativeEvents: true, networkConnectionEnabled: false, pageLoadStrategy: normal, platform: XP, platformName: XP, rotatable: false, setWindowRect: true, takesHeapSnapshot: true, takesScreenshot: true, unexpectedAlertBehaviour: , unhandledPromptBehavior: , version: 70.0.3538.77, webStorageEnabled: true}
Session ID: 51b059d47e71e21c35e2e88f5d8bbc13
*** Element info: {Using=xpath, value=//*[@id="headCVS"]/div[3]/div/div[1]/ul/li[6]/a}]]>
            </message>
            <full-stacktrace>
              <![CDATA[org.openqa.selenium.NoSuchElementException: no such element: Unable to locate element: {"method":"xpath","selector":"//*[@id="headCVS"]/div[3]/div/div[1]/ul/li[6]/a"}
  (Session info: chrome=70.0.3538.77)
  (Driver info: chromedriver=2.42.591088 (7b2b2dca23cca0862f674758c9a3933e685c27d5),platform=Windows NT 10.0.17134 x86_64) (WARNING: The server did not provide any stacktrace information)
Command duration or timeout: 0 milliseconds
For documentation on this error, please visit: http://seleniumhq.org/exceptions/no_such_element.html
Build info: version: '3.14.0', revision: 'aacccce0', time: '2018-08-02T20:19:58.91Z'
System info: host: 'DESKTOP-JEV6767', ip: '192.168.1.6', os.name: 'Windows 10', os.arch: 'amd64', os.version: '10.0', java.version: '1.8.0_171'
Driver info: org.openqa.selenium.chrome.ChromeDriver
Capabilities {acceptInsecureCerts: false, acceptSslCerts: false, applicationCacheEnabled: false, browserConnectionEnabled: false, browserName: chrome, chrome: {chromedriverVersion: 2.42.591088 (7b2b2dca23cca0..., userDataDir: C:\Users\JAVALE~1\AppData\L...}, cssSelectorsEnabled: true, databaseEnabled: false, goog:chromeOptions: {debuggerAddress: localhost:63565}, handlesAlerts: true, hasTouchScreen: false, javascriptEnabled: true, locationContextEnabled: true, mobileEmulationEnabled: false, nativeEvents: true, networkConnectionEnabled: false, pageLoadStrategy: normal, platform: XP, platformName: XP, rotatable: false, setWindowRect: true, takesHeapSnapshot: true, takesScreenshot: true, unexpectedAlertBehaviour: , unhandledPromptBehavior: , version: 70.0.3538.77, webStorageEnabled: true}
Session ID: 51b059d47e71e21c35e2e88f5d8bbc13
*** Element info: {Using=xpath, value=//*[@id="headCVS"]/div[3]/div/div[1]/ul/li[6]/a}
at sun.reflect.NativeConstructorAccessorImpl.newInstance0(Native Method)
at sun.reflect.NativeConstructorAccessorImpl.newInstance(Unknown Source)
at sun.reflect.DelegatingConstructorAccessorImpl.newInstance(Unknown Source)
at java.lang.reflect.Constructor.newInstance(Unknown Source)
at org.openqa.selenium.remote.ErrorHandler.createThrowable(ErrorHandler.java:214)
at org.openqa.selenium.remote.ErrorHandler.throwIfResponseFailed(ErrorHandler.java:166)
at org.openqa.selenium.remote.http.JsonHttpResponseCodec.reconstructValue(JsonHttpResponseCodec.java:40)
at org.openqa.selenium.remote.http.AbstractHttpResponseCodec.decode(AbstractHttpResponseCodec.java:80)
at org.openqa.selenium.remote.http.AbstractHttpResponseCodec.decode(AbstractHttpResponseCodec.java:44)
at org.openqa.selenium.remote.HttpCommandExecutor.execute(HttpCommandExecutor.java:158)
at org.openqa.selenium.remote.service.DriverCommandExecutor.execute(DriverCommandExecutor.java:83)
at org.openqa.selenium.remote.RemoteWebDriver.execute(RemoteWebDriver.java:548)
at org.openqa.selenium.remote.RemoteWebDriver.findElement(RemoteWebDriver.java:322)
at org.openqa.selenium.remote.RemoteWebDriver.findElementByXPath(RemoteWebDriver.java:424)
at org.openqa.selenium.By$ByXPath.findElement(By.java:353)
at org.openqa.selenium.remote.RemoteWebDriver.findElement(RemoteWebDriver.java:314)
at sun.reflect.NativeMethodAccessorImpl.invoke0(Native Method)
at sun.reflect.NativeMethodAccessorImpl.invoke(Unknown Source)
at sun.reflect.DelegatingMethodAccessorImpl.invoke(Unknown Source)
at java.lang.reflect.Method.invoke(Unknown Source)
at org.openqa.selenium.support.events.EventFiringWebDriver.lambda$new$1(EventFiringWebDriver.java:105)
at com.sun.proxy.$Proxy8.findElement(Unknown Source)
at org.openqa.selenium.support.events.EventFiringWebDriver.findElement(EventFiringWebDriver.java:194)
at org.openqa.selenium.support.pagefactory.DefaultElementLocator.findElement(DefaultElementLocator.java:69)
at org.openqa.selenium.support.pagefactory.internal.LocatingElementHandler.invoke(LocatingElementHandler.java:38)
at com.sun.proxy.$Proxy12.click(Unknown Source)
at com.cvs.qa.pages.HomePage.verifyPhotoLink(HomePage.java:102)
at com.cvs.qa.testcases.HomePageTest.verifyPhotoLinkTest(HomePageTest.java:72)
at sun.reflect.NativeMethodAccessorImpl.invoke0(Native Method)
at sun.reflect.NativeMethodAccessorImpl.invoke(Unknown Source)
at sun.reflect.DelegatingMethodAccessorImpl.invoke(Unknown Source)
at java.lang.reflect.Method.invoke(Unknown Source)
at org.testng.internal.MethodInvocationHelper.invokeMethod(MethodInvocationHelper.java:124)
at org.testng.internal.Invoker.invokeMethod(Invoker.java:583)
at org.testng.internal.Invoker.invokeTestMethod(Invoker.java:719)
at org.testng.internal.Invoker.invokeTestMethods(Invoker.java:989)
at org.testng.internal.TestMethodWorker.invokeTestMethods(TestMethodWorker.java:125)
at org.testng.internal.TestMethodWorker.run(TestMethodWorker.java:109)
at org.testng.TestRunner.privateRun(TestRunner.java:648)
at org.testng.TestRunner.run(TestRunner.java:505)
at org.testng.SuiteRunner.runTest(SuiteRunner.java:455)
at org.testng.SuiteRunner.runSequentially(SuiteRunner.java:450)
at org.testng.SuiteRunner.privateRun(SuiteRunner.java:415)
at org.testng.SuiteRunner.run(SuiteRunner.java:364)
at org.testng.SuiteRunnerWorker.runSuite(SuiteRunnerWorker.java:52)
at org.testng.SuiteRunnerWorker.run(SuiteRunnerWorker.java:84)
at org.testng.TestNG.runSuitesSequentially(TestNG.java:1208)
at org.testng.TestNG.runSuitesLocally(TestNG.java:1137)
at org.testng.TestNG.runSuites(TestNG.java:1049)
at org.testng.TestNG.run(TestNG.java:1017)
at org.testng.remote.AbstractRemoteTestNG.run(AbstractRemoteTestNG.java:114)
at org.testng.remote.RemoteTestNG.initAndRun(RemoteTestNG.java:251)
at org.testng.remote.RemoteTestNG.main(RemoteTestNG.java:77)
]]>
            </full-stacktrace>
          </exception> <!-- org.openqa.selenium.NoSuchElementException -->
          <reporter-output>
          </reporter-output>
        </test-method> <!-- verifyPhotoLinkTest -->
        <test-method status="PASS" signature="tearDown()[pri:0, instance:com.cvs.qa.testcases.HomePageTest@21213b92]" name="tearDown" is-config="true" duration-ms="1043" started-at="2018-11-05T03:01:58Z" finished-at="2018-11-05T03:01:59Z">
          <reporter-output>
          </reporter-output>
        </test-method> <!-- tearDown -->
        <test-method status="PASS" signature="setUp()[pri:0, instance:com.cvs.qa.testcases.HomePageTest@21213b92]" name="setUp" is-config="true" duration-ms="6013" started-at="2018-11-05T03:01:59Z" finished-at="2018-11-05T03:02:05Z">
          <reporter-output>
          </reporter-output>
        </test-method> <!-- setUp -->
        <test-method status="PASS" signature="verifyPhotoLinkTest()[pri:8, instance:com.cvs.qa.testcases.HomePageTest@21213b92]" name="verifyPhotoLinkTest" duration-ms="8582" started-at="2018-11-05T03:02:05Z" finished-at="2018-11-05T03:02:14Z">
          <reporter-output>
          </reporter-output>
        </test-method> <!-- verifyPhotoLinkTest -->
        <test-method status="PASS" signature="tearDown()[pri:0, instance:com.cvs.qa.testcases.HomePageTest@21213b92]" name="tearDown" is-config="true" duration-ms="1406" started-at="2018-11-05T03:02:14Z" finished-at="2018-11-05T03:02:15Z">
          <reporter-output>
          </reporter-output>
        </test-method> <!-- tearDown -->
        <test-method status="PASS" signature="setUp()[pri:0, instance:com.cvs.qa.testcases.HomePageTest@21213b92]" name="setUp" is-config="true" duration-ms="6679" started-at="2018-11-05T03:02:15Z" finished-at="2018-11-05T03:02:22Z">
          <reporter-output>
          </reporter-output>
        </test-method> <!-- setUp -->
        <test-method status="PASS" signature="verifyStoreLocatorTest()[pri:9, instance:com.cvs.qa.testcases.HomePageTest@21213b92]" name="verifyStoreLocatorTest" duration-ms="6860" started-at="2018-11-05T03:02:22Z" finished-at="2018-11-05T03:02:29Z">
          <reporter-output>
          </reporter-output>
        </test-method> <!-- verifyStoreLocatorTest -->
        <test-method status="PASS" signature="tearDown()[pri:0, instance:com.cvs.qa.testcases.HomePageTest@21213b92]" name="tearDown" is-config="true" duration-ms="1193" started-at="2018-11-05T03:02:29Z" finished-at="2018-11-05T03:02:30Z">
          <reporter-output>
          </reporter-output>
        </test-method> <!-- tearDown -->
        <test-method status="PASS" signature="setUp()[pri:0, instance:com.cvs.qa.testcases.HomePageTest@21213b92]" name="setUp" is-config="true" duration-ms="8783" started-at="2018-11-05T03:02:30Z" finished-at="2018-11-05T03:02:39Z">
          <reporter-output>
          </reporter-output>
        </test-method> <!-- setUp -->
        <test-method status="SKIP" signature="verifyStoreLocator24HrsStoreTest()[pri:10, instance:com.cvs.qa.testcases.HomePageTest@21213b92]" name="verifyStoreLocator24HrsStoreTest" duration-ms="20443" started-at="2018-11-05T03:02:39Z" finished-at="2018-11-05T03:02:59Z">
          <exception class="org.openqa.selenium.NoSuchElementException">
            <message>
              <![CDATA[no such element: Unable to locate element: {"method":"xpath","selector":"//*[@title="Find CVS Store Locations"]"}
  (Session info: chrome=70.0.3538.77)
  (Driver info: chromedriver=2.42.591088 (7b2b2dca23cca0862f674758c9a3933e685c27d5),platform=Windows NT 10.0.17134 x86_64) (WARNING: The server did not provide any stacktrace information)
Command duration or timeout: 0 milliseconds
For documentation on this error, please visit: http://seleniumhq.org/exceptions/no_such_element.html
Build info: version: '3.14.0', revision: 'aacccce0', time: '2018-08-02T20:19:58.91Z'
System info: host: 'DESKTOP-JEV6767', ip: '192.168.1.6', os.name: 'Windows 10', os.arch: 'amd64', os.version: '10.0', java.version: '1.8.0_171'
Driver info: org.openqa.selenium.chrome.ChromeDriver
Capabilities {acceptInsecureCerts: false, acceptSslCerts: false, applicationCacheEnabled: false, browserConnectionEnabled: false, browserName: chrome, chrome: {chromedriverVersion: 2.42.591088 (7b2b2dca23cca0..., userDataDir: C:\Users\JAVALE~1\AppData\L...}, cssSelectorsEnabled: true, databaseEnabled: false, goog:chromeOptions: {debuggerAddress: localhost:63741}, handlesAlerts: true, hasTouchScreen: false, javascriptEnabled: true, locationContextEnabled: true, mobileEmulationEnabled: false, nativeEvents: true, networkConnectionEnabled: false, pageLoadStrategy: normal, platform: XP, platformName: XP, rotatable: false, setWindowRect: true, takesHeapSnapshot: true, takesScreenshot: true, unexpectedAlertBehaviour: , unhandledPromptBehavior: , version: 70.0.3538.77, webStorageEnabled: true}
Session ID: 1d95dfb22795a277d007670876a678c7
*** Element info: {Using=xpath, value=//*[@title="Find CVS Store Locations"]}]]>
            </message>
            <full-stacktrace>
              <![CDATA[org.openqa.selenium.NoSuchElementException: no such element: Unable to locate element: {"method":"xpath","selector":"//*[@title="Find CVS Store Locations"]"}
  (Session info: chrome=70.0.3538.77)
  (Driver info: chromedriver=2.42.591088 (7b2b2dca23cca0862f674758c9a3933e685c27d5),platform=Windows NT 10.0.17134 x86_64) (WARNING: The server did not provide any stacktrace information)
Command duration or timeout: 0 milliseconds
For documentation on this error, please visit: http://seleniumhq.org/exceptions/no_such_element.html
Build info: version: '3.14.0', revision: 'aacccce0', time: '2018-08-02T20:19:58.91Z'
System info: host: 'DESKTOP-JEV6767', ip: '192.168.1.6', os.name: 'Windows 10', os.arch: 'amd64', os.version: '10.0', java.version: '1.8.0_171'
Driver info: org.openqa.selenium.chrome.ChromeDriver
Capabilities {acceptInsecureCerts: false, acceptSslCerts: false, applicationCacheEnabled: false, browserConnectionEnabled: false, browserName: chrome, chrome: {chromedriverVersion: 2.42.591088 (7b2b2dca23cca0..., userDataDir: C:\Users\JAVALE~1\AppData\L...}, cssSelectorsEnabled: true, databaseEnabled: false, goog:chromeOptions: {debuggerAddress: localhost:63741}, handlesAlerts: true, hasTouchScreen: false, javascriptEnabled: true, locationContextEnabled: true, mobileEmulationEnabled: false, nativeEvents: true, networkConnectionEnabled: false, pageLoadStrategy: normal, platform: XP, platformName: XP, rotatable: false, setWindowRect: true, takesHeapSnapshot: true, takesScreenshot: true, unexpectedAlertBehaviour: , unhandledPromptBehavior: , version: 70.0.3538.77, webStorageEnabled: true}
Session ID: 1d95dfb22795a277d007670876a678c7
*** Element info: {Using=xpath, value=//*[@title="Find CVS Store Locations"]}
at sun.reflect.NativeConstructorAccessorImpl.newInstance0(Native Method)
at sun.reflect.NativeConstructorAccessorImpl.newInstance(Unknown Source)
at sun.reflect.DelegatingConstructorAccessorImpl.newInstance(Unknown Source)
at java.lang.reflect.Constructor.newInstance(Unknown Source)
at org.openqa.selenium.remote.ErrorHandler.createThrowable(ErrorHandler.java:214)
at org.openqa.selenium.remote.ErrorHandler.throwIfResponseFailed(ErrorHandler.java:166)
at org.openqa.selenium.remote.http.JsonHttpResponseCodec.reconstructValue(JsonHttpResponseCodec.java:40)
at org.openqa.selenium.remote.http.AbstractHttpResponseCodec.decode(AbstractHttpResponseCodec.java:80)
at org.openqa.selenium.remote.http.AbstractHttpResponseCodec.decode(AbstractHttpResponseCodec.java:44)
at org.openqa.selenium.remote.HttpCommandExecutor.execute(HttpCommandExecutor.java:158)
at org.openqa.selenium.remote.service.DriverCommandExecutor.execute(DriverCommandExecutor.java:83)
at org.openqa.selenium.remote.RemoteWebDriver.execute(RemoteWebDriver.java:548)
at org.openqa.selenium.remote.RemoteWebDriver.findElement(RemoteWebDriver.java:322)
at org.openqa.selenium.remote.RemoteWebDriver.findElementByXPath(RemoteWebDriver.java:424)
at org.openqa.selenium.By$ByXPath.findElement(By.java:353)
at org.openqa.selenium.remote.RemoteWebDriver.findElement(RemoteWebDriver.java:314)
at sun.reflect.NativeMethodAccessorImpl.invoke0(Native Method)
at sun.reflect.NativeMethodAccessorImpl.invoke(Unknown Source)
at sun.reflect.DelegatingMethodAccessorImpl.invoke(Unknown Source)
at java.lang.reflect.Method.invoke(Unknown Source)
at org.openqa.selenium.support.events.EventFiringWebDriver.lambda$new$1(EventFiringWebDriver.java:105)
at com.sun.proxy.$Proxy8.findElement(Unknown Source)
at org.openqa.selenium.support.events.EventFiringWebDriver.findElement(EventFiringWebDriver.java:194)
at org.openqa.selenium.support.pagefactory.DefaultElementLocator.findElement(DefaultElementLocator.java:69)
at org.openqa.selenium.support.pagefactory.internal.LocatingElementHandler.invoke(LocatingElementHandler.java:38)
at com.sun.proxy.$Proxy12.click(Unknown Source)
at com.cvs.qa.pages.HomePage.verifyStoreLocatorUsing24Hrs(HomePage.java:113)
at com.cvs.qa.testcases.HomePageTest.verifyStoreLocator24HrsStoreTest(HomePageTest.java:82)
at sun.reflect.NativeMethodAccessorImpl.invoke0(Native Method)
at sun.reflect.NativeMethodAccessorImpl.invoke(Unknown Source)
at sun.reflect.DelegatingMethodAccessorImpl.invoke(Unknown Source)
at java.lang.reflect.Method.invoke(Unknown Source)
at org.testng.internal.MethodInvocationHelper.invokeMethod(MethodInvocationHelper.java:124)
at org.testng.internal.Invoker.invokeMethod(Invoker.java:583)
at org.testng.internal.Invoker.invokeTestMethod(Invoker.java:719)
at org.testng.internal.Invoker.invokeTestMethods(Invoker.java:989)
at org.testng.internal.TestMethodWorker.invokeTestMethods(TestMethodWorker.java:125)
at org.testng.internal.TestMethodWorker.run(TestMethodWorker.java:109)
at org.testng.TestRunner.privateRun(TestRunner.java:648)
at org.testng.TestRunner.run(TestRunner.java:505)
at org.testng.SuiteRunner.runTest(SuiteRunner.java:455)
at org.testng.SuiteRunner.runSequentially(SuiteRunner.java:450)
at org.testng.SuiteRunner.privateRun(SuiteRunner.java:415)
at org.testng.SuiteRunner.run(SuiteRunner.java:364)
at org.testng.SuiteRunnerWorker.runSuite(SuiteRunnerWorker.java:52)
at org.testng.SuiteRunnerWorker.run(SuiteRunnerWorker.java:84)
at org.testng.TestNG.runSuitesSequentially(TestNG.java:1208)
at org.testng.TestNG.runSuitesLocally(TestNG.java:1137)
at org.testng.TestNG.runSuites(TestNG.java:1049)
at org.testng.TestNG.run(TestNG.java:1017)
at org.testng.remote.AbstractRemoteTestNG.run(AbstractRemoteTestNG.java:114)
at org.testng.remote.RemoteTestNG.initAndRun(RemoteTestNG.java:251)
at org.testng.remote.RemoteTestNG.main(RemoteTestNG.java:77)
]]>
            </full-stacktrace>
          </exception> <!-- org.openqa.selenium.NoSuchElementException -->
          <reporter-output>
          </reporter-output>
        </test-method> <!-- verifyStoreLocator24HrsStoreTest -->
        <test-method status="PASS" signature="tearDown()[pri:0, instance:com.cvs.qa.testcases.HomePageTest@21213b92]" name="tearDown" is-config="true" duration-ms="1183" started-at="2018-11-05T03:02:59Z" finished-at="2018-11-05T03:03:01Z">
          <reporter-output>
          </reporter-output>
        </test-method> <!-- tearDown -->
        <test-method status="PASS" signature="setUp()[pri:0, instance:com.cvs.qa.testcases.HomePageTest@21213b92]" name="setUp" is-config="true" duration-ms="3548" started-at="2018-11-05T03:03:01Z" finished-at="2018-11-05T03:03:04Z">
          <reporter-output>
          </reporter-output>
        </test-method> <!-- setUp -->
        <test-method status="SKIP" signature="verifyStoreLocator24HrsStoreTest()[pri:10, instance:com.cvs.qa.testcases.HomePageTest@21213b92]" name="verifyStoreLocator24HrsStoreTest" duration-ms="20349" started-at="2018-11-05T03:03:04Z" finished-at="2018-11-05T03:03:24Z">
          <exception class="org.openqa.selenium.NoSuchElementException">
            <message>
              <![CDATA[no such element: Unable to locate element: {"method":"xpath","selector":"//*[@title="Find CVS Store Locations"]"}
  (Session info: chrome=70.0.3538.77)
  (Driver info: chromedriver=2.42.591088 (7b2b2dca23cca0862f674758c9a3933e685c27d5),platform=Windows NT 10.0.17134 x86_64) (WARNING: The server did not provide any stacktrace information)
Command duration or timeout: 0 milliseconds
For documentation on this error, please visit: http://seleniumhq.org/exceptions/no_such_element.html
Build info: version: '3.14.0', revision: 'aacccce0', time: '2018-08-02T20:19:58.91Z'
System info: host: 'DESKTOP-JEV6767', ip: '192.168.1.6', os.name: 'Windows 10', os.arch: 'amd64', os.version: '10.0', java.version: '1.8.0_171'
Driver info: org.openqa.selenium.chrome.ChromeDriver
Capabilities {acceptInsecureCerts: false, acceptSslCerts: false, applicationCacheEnabled: false, browserConnectionEnabled: false, browserName: chrome, chrome: {chromedriverVersion: 2.42.591088 (7b2b2dca23cca0..., userDataDir: C:\Users\JAVALE~1\AppData\L...}, cssSelectorsEnabled: true, databaseEnabled: false, goog:chromeOptions: {debuggerAddress: localhost:63794}, handlesAlerts: true, hasTouchScreen: false, javascriptEnabled: true, locationContextEnabled: true, mobileEmulationEnabled: false, nativeEvents: true, networkConnectionEnabled: false, pageLoadStrategy: normal, platform: XP, platformName: XP, rotatable: false, setWindowRect: true, takesHeapSnapshot: true, takesScreenshot: true, unexpectedAlertBehaviour: , unhandledPromptBehavior: , version: 70.0.3538.77, webStorageEnabled: true}
Session ID: 4cfe00df983fff447a0e52593055e38c
*** Element info: {Using=xpath, value=//*[@title="Find CVS Store Locations"]}]]>
            </message>
            <full-stacktrace>
              <![CDATA[org.openqa.selenium.NoSuchElementException: no such element: Unable to locate element: {"method":"xpath","selector":"//*[@title="Find CVS Store Locations"]"}
  (Session info: chrome=70.0.3538.77)
  (Driver info: chromedriver=2.42.591088 (7b2b2dca23cca0862f674758c9a3933e685c27d5),platform=Windows NT 10.0.17134 x86_64) (WARNING: The server did not provide any stacktrace information)
Command duration or timeout: 0 milliseconds
For documentation on this error, please visit: http://seleniumhq.org/exceptions/no_such_element.html
Build info: version: '3.14.0', revision: 'aacccce0', time: '2018-08-02T20:19:58.91Z'
System info: host: 'DESKTOP-JEV6767', ip: '192.168.1.6', os.name: 'Windows 10', os.arch: 'amd64', os.version: '10.0', java.version: '1.8.0_171'
Driver info: org.openqa.selenium.chrome.ChromeDriver
Capabilities {acceptInsecureCerts: false, acceptSslCerts: false, applicationCacheEnabled: false, browserConnectionEnabled: false, browserName: chrome, chrome: {chromedriverVersion: 2.42.591088 (7b2b2dca23cca0..., userDataDir: C:\Users\JAVALE~1\AppData\L...}, cssSelectorsEnabled: true, databaseEnabled: false, goog:chromeOptions: {debuggerAddress: localhost:63794}, handlesAlerts: true, hasTouchScreen: false, javascriptEnabled: true, locationContextEnabled: true, mobileEmulationEnabled: false, nativeEvents: true, networkConnectionEnabled: false, pageLoadStrategy: normal, platform: XP, platformName: XP, rotatable: false, setWindowRect: true, takesHeapSnapshot: true, takesScreenshot: true, unexpectedAlertBehaviour: , unhandledPromptBehavior: , version: 70.0.3538.77, webStorageEnabled: true}
Session ID: 4cfe00df983fff447a0e52593055e38c
*** Element info: {Using=xpath, value=//*[@title="Find CVS Store Locations"]}
at sun.reflect.NativeConstructorAccessorImpl.newInstance0(Native Method)
at sun.reflect.NativeConstructorAccessorImpl.newInstance(Unknown Source)
at sun.reflect.DelegatingConstructorAccessorImpl.newInstance(Unknown Source)
at java.lang.reflect.Constructor.newInstance(Unknown Source)
at org.openqa.selenium.remote.ErrorHandler.createThrowable(ErrorHandler.java:214)
at org.openqa.selenium.remote.ErrorHandler.throwIfResponseFailed(ErrorHandler.java:166)
at org.openqa.selenium.remote.http.JsonHttpResponseCodec.reconstructValue(JsonHttpResponseCodec.java:40)
at org.openqa.selenium.remote.http.AbstractHttpResponseCodec.decode(AbstractHttpResponseCodec.java:80)
at org.openqa.selenium.remote.http.AbstractHttpResponseCodec.decode(AbstractHttpResponseCodec.java:44)
at org.openqa.selenium.remote.HttpCommandExecutor.execute(HttpCommandExecutor.java:158)
at org.openqa.selenium.remote.service.DriverCommandExecutor.execute(DriverCommandExecutor.java:83)
at org.openqa.selenium.remote.RemoteWebDriver.execute(RemoteWebDriver.java:548)
at org.openqa.selenium.remote.RemoteWebDriver.findElement(RemoteWebDriver.java:322)
at org.openqa.selenium.remote.RemoteWebDriver.findElementByXPath(RemoteWebDriver.java:424)
at org.openqa.selenium.By$ByXPath.findElement(By.java:353)
at org.openqa.selenium.remote.RemoteWebDriver.findElement(RemoteWebDriver.java:314)
at sun.reflect.NativeMethodAccessorImpl.invoke0(Native Method)
at sun.reflect.NativeMethodAccessorImpl.invoke(Unknown Source)
at sun.reflect.DelegatingMethodAccessorImpl.invoke(Unknown Source)
at java.lang.reflect.Method.invoke(Unknown Source)
at org.openqa.selenium.support.events.EventFiringWebDriver.lambda$new$1(EventFiringWebDriver.java:105)
at com.sun.proxy.$Proxy8.findElement(Unknown Source)
at org.openqa.selenium.support.events.EventFiringWebDriver.findElement(EventFiringWebDriver.java:194)
at org.openqa.selenium.support.pagefactory.DefaultElementLocator.findElement(DefaultElementLocator.java:69)
at org.openqa.selenium.support.pagefactory.internal.LocatingElementHandler.invoke(LocatingElementHandler.java:38)
at com.sun.proxy.$Proxy12.click(Unknown Source)
at com.cvs.qa.pages.HomePage.verifyStoreLocatorUsing24Hrs(HomePage.java:113)
at com.cvs.qa.testcases.HomePageTest.verifyStoreLocator24HrsStoreTest(HomePageTest.java:82)
at sun.reflect.NativeMethodAccessorImpl.invoke0(Native Method)
at sun.reflect.NativeMethodAccessorImpl.invoke(Unknown Source)
at sun.reflect.DelegatingMethodAccessorImpl.invoke(Unknown Source)
at java.lang.reflect.Method.invoke(Unknown Source)
at org.testng.internal.MethodInvocationHelper.invokeMethod(MethodInvocationHelper.java:124)
at org.testng.internal.Invoker.invokeMethod(Invoker.java:583)
at org.testng.internal.Invoker.retryFailed(Invoker.java:839)
at org.testng.internal.Invoker.invokeTestMethods(Invoker.java:1010)
at org.testng.internal.TestMethodWorker.invokeTestMethods(TestMethodWorker.java:125)
at org.testng.internal.TestMethodWorker.run(TestMethodWorker.java:109)
at org.testng.TestRunner.privateRun(TestRunner.java:648)
at org.testng.TestRunner.run(TestRunner.java:505)
at org.testng.SuiteRunner.runTest(SuiteRunner.java:455)
at org.testng.SuiteRunner.runSequentially(SuiteRunner.java:450)
at org.testng.SuiteRunner.privateRun(SuiteRunner.java:415)
at org.testng.SuiteRunner.run(SuiteRunner.java:364)
at org.testng.SuiteRunnerWorker.runSuite(SuiteRunnerWorker.java:52)
at org.testng.SuiteRunnerWorker.run(SuiteRunnerWorker.java:84)
at org.testng.TestNG.runSuitesSequentially(TestNG.java:1208)
at org.testng.TestNG.runSuitesLocally(TestNG.java:1137)
at org.testng.TestNG.runSuites(TestNG.java:1049)
at org.testng.TestNG.run(TestNG.java:1017)
at org.testng.remote.AbstractRemoteTestNG.run(AbstractRemoteTestNG.java:114)
at org.testng.remote.RemoteTestNG.initAndRun(RemoteTestNG.java:251)
at org.testng.remote.RemoteTestNG.main(RemoteTestNG.java:77)
]]>
            </full-stacktrace>
          </exception> <!-- org.openqa.selenium.NoSuchElementException -->
          <reporter-output>
          </reporter-output>
        </test-method> <!-- verifyStoreLocator24HrsStoreTest -->
        <test-method status="PASS" signature="tearDown()[pri:0, instance:com.cvs.qa.testcases.HomePageTest@21213b92]" name="tearDown" is-config="true" duration-ms="954" started-at="2018-11-05T03:03:24Z" finished-at="2018-11-05T03:03:25Z">
          <reporter-output>
          </reporter-output>
        </test-method> <!-- tearDown -->
        <test-method status="PASS" signature="setUp()[pri:0, instance:com.cvs.qa.testcases.HomePageTest@21213b92]" name="setUp" is-config="true" duration-ms="3461" started-at="2018-11-05T03:03:25Z" finished-at="2018-11-05T03:03:29Z">
          <reporter-output>
          </reporter-output>
        </test-method> <!-- setUp -->
        <test-method status="SKIP" signature="verifyStoreLocator24HrsStoreTest()[pri:10, instance:com.cvs.qa.testcases.HomePageTest@21213b92]" name="verifyStoreLocator24HrsStoreTest" duration-ms="20389" started-at="2018-11-05T03:03:29Z" finished-at="2018-11-05T03:03:49Z">
          <exception class="org.openqa.selenium.NoSuchElementException">
            <message>
              <![CDATA[no such element: Unable to locate element: {"method":"xpath","selector":"//*[@title="Find CVS Store Locations"]"}
  (Session info: chrome=70.0.3538.77)
  (Driver info: chromedriver=2.42.591088 (7b2b2dca23cca0862f674758c9a3933e685c27d5),platform=Windows NT 10.0.17134 x86_64) (WARNING: The server did not provide any stacktrace information)
Command duration or timeout: 0 milliseconds
For documentation on this error, please visit: http://seleniumhq.org/exceptions/no_such_element.html
Build info: version: '3.14.0', revision: 'aacccce0', time: '2018-08-02T20:19:58.91Z'
System info: host: 'DESKTOP-JEV6767', ip: '192.168.1.6', os.name: 'Windows 10', os.arch: 'amd64', os.version: '10.0', java.version: '1.8.0_171'
Driver info: org.openqa.selenium.chrome.ChromeDriver
Capabilities {acceptInsecureCerts: false, acceptSslCerts: false, applicationCacheEnabled: false, browserConnectionEnabled: false, browserName: chrome, chrome: {chromedriverVersion: 2.42.591088 (7b2b2dca23cca0..., userDataDir: C:\Users\JAVALE~1\AppData\L...}, cssSelectorsEnabled: true, databaseEnabled: false, goog:chromeOptions: {debuggerAddress: localhost:63816}, handlesAlerts: true, hasTouchScreen: false, javascriptEnabled: true, locationContextEnabled: true, mobileEmulationEnabled: false, nativeEvents: true, networkConnectionEnabled: false, pageLoadStrategy: normal, platform: XP, platformName: XP, rotatable: false, setWindowRect: true, takesHeapSnapshot: true, takesScreenshot: true, unexpectedAlertBehaviour: , unhandledPromptBehavior: , version: 70.0.3538.77, webStorageEnabled: true}
Session ID: 82432bd6ec0dea7d4f8e26e646eff888
*** Element info: {Using=xpath, value=//*[@title="Find CVS Store Locations"]}]]>
            </message>
            <full-stacktrace>
              <![CDATA[org.openqa.selenium.NoSuchElementException: no such element: Unable to locate element: {"method":"xpath","selector":"//*[@title="Find CVS Store Locations"]"}
  (Session info: chrome=70.0.3538.77)
  (Driver info: chromedriver=2.42.591088 (7b2b2dca23cca0862f674758c9a3933e685c27d5),platform=Windows NT 10.0.17134 x86_64) (WARNING: The server did not provide any stacktrace information)
Command duration or timeout: 0 milliseconds
For documentation on this error, please visit: http://seleniumhq.org/exceptions/no_such_element.html
Build info: version: '3.14.0', revision: 'aacccce0', time: '2018-08-02T20:19:58.91Z'
System info: host: 'DESKTOP-JEV6767', ip: '192.168.1.6', os.name: 'Windows 10', os.arch: 'amd64', os.version: '10.0', java.version: '1.8.0_171'
Driver info: org.openqa.selenium.chrome.ChromeDriver
Capabilities {acceptInsecureCerts: false, acceptSslCerts: false, applicationCacheEnabled: false, browserConnectionEnabled: false, browserName: chrome, chrome: {chromedriverVersion: 2.42.591088 (7b2b2dca23cca0..., userDataDir: C:\Users\JAVALE~1\AppData\L...}, cssSelectorsEnabled: true, databaseEnabled: false, goog:chromeOptions: {debuggerAddress: localhost:63816}, handlesAlerts: true, hasTouchScreen: false, javascriptEnabled: true, locationContextEnabled: true, mobileEmulationEnabled: false, nativeEvents: true, networkConnectionEnabled: false, pageLoadStrategy: normal, platform: XP, platformName: XP, rotatable: false, setWindowRect: true, takesHeapSnapshot: true, takesScreenshot: true, unexpectedAlertBehaviour: , unhandledPromptBehavior: , version: 70.0.3538.77, webStorageEnabled: true}
Session ID: 82432bd6ec0dea7d4f8e26e646eff888
*** Element info: {Using=xpath, value=//*[@title="Find CVS Store Locations"]}
at sun.reflect.NativeConstructorAccessorImpl.newInstance0(Native Method)
at sun.reflect.NativeConstructorAccessorImpl.newInstance(Unknown Source)
at sun.reflect.DelegatingConstructorAccessorImpl.newInstance(Unknown Source)
at java.lang.reflect.Constructor.newInstance(Unknown Source)
at org.openqa.selenium.remote.ErrorHandler.createThrowable(ErrorHandler.java:214)
at org.openqa.selenium.remote.ErrorHandler.throwIfResponseFailed(ErrorHandler.java:166)
at org.openqa.selenium.remote.http.JsonHttpResponseCodec.reconstructValue(JsonHttpResponseCodec.java:40)
at org.openqa.selenium.remote.http.AbstractHttpResponseCodec.decode(AbstractHttpResponseCodec.java:80)
at org.openqa.selenium.remote.http.AbstractHttpResponseCodec.decode(AbstractHttpResponseCodec.java:44)
at org.openqa.selenium.remote.HttpCommandExecutor.execute(HttpCommandExecutor.java:158)
at org.openqa.selenium.remote.service.DriverCommandExecutor.execute(DriverCommandExecutor.java:83)
at org.openqa.selenium.remote.RemoteWebDriver.execute(RemoteWebDriver.java:548)
at org.openqa.selenium.remote.RemoteWebDriver.findElement(RemoteWebDriver.java:322)
at org.openqa.selenium.remote.RemoteWebDriver.findElementByXPath(RemoteWebDriver.java:424)
at org.openqa.selenium.By$ByXPath.findElement(By.java:353)
at org.openqa.selenium.remote.RemoteWebDriver.findElement(RemoteWebDriver.java:314)
at sun.reflect.NativeMethodAccessorImpl.invoke0(Native Method)
at sun.reflect.NativeMethodAccessorImpl.invoke(Unknown Source)
at sun.reflect.DelegatingMethodAccessorImpl.invoke(Unknown Source)
at java.lang.reflect.Method.invoke(Unknown Source)
at org.openqa.selenium.support.events.EventFiringWebDriver.lambda$new$1(EventFiringWebDriver.java:105)
at com.sun.proxy.$Proxy8.findElement(Unknown Source)
at org.openqa.selenium.support.events.EventFiringWebDriver.findElement(EventFiringWebDriver.java:194)
at org.openqa.selenium.support.pagefactory.DefaultElementLocator.findElement(DefaultElementLocator.java:69)
at org.openqa.selenium.support.pagefactory.internal.LocatingElementHandler.invoke(LocatingElementHandler.java:38)
at com.sun.proxy.$Proxy12.click(Unknown Source)
at com.cvs.qa.pages.HomePage.verifyStoreLocatorUsing24Hrs(HomePage.java:113)
at com.cvs.qa.testcases.HomePageTest.verifyStoreLocator24HrsStoreTest(HomePageTest.java:82)
at sun.reflect.NativeMethodAccessorImpl.invoke0(Native Method)
at sun.reflect.NativeMethodAccessorImpl.invoke(Unknown Source)
at sun.reflect.DelegatingMethodAccessorImpl.invoke(Unknown Source)
at java.lang.reflect.Method.invoke(Unknown Source)
at org.testng.internal.MethodInvocationHelper.invokeMethod(MethodInvocationHelper.java:124)
at org.testng.internal.Invoker.invokeMethod(Invoker.java:583)
at org.testng.internal.Invoker.retryFailed(Invoker.java:839)
at org.testng.internal.Invoker.invokeTestMethods(Invoker.java:1010)
at org.testng.internal.TestMethodWorker.invokeTestMethods(TestMethodWorker.java:125)
at org.testng.internal.TestMethodWorker.run(TestMethodWorker.java:109)
at org.testng.TestRunner.privateRun(TestRunner.java:648)
at org.testng.TestRunner.run(TestRunner.java:505)
at org.testng.SuiteRunner.runTest(SuiteRunner.java:455)
at org.testng.SuiteRunner.runSequentially(SuiteRunner.java:450)
at org.testng.SuiteRunner.privateRun(SuiteRunner.java:415)
at org.testng.SuiteRunner.run(SuiteRunner.java:364)
at org.testng.SuiteRunnerWorker.runSuite(SuiteRunnerWorker.java:52)
at org.testng.SuiteRunnerWorker.run(SuiteRunnerWorker.java:84)
at org.testng.TestNG.runSuitesSequentially(TestNG.java:1208)
at org.testng.TestNG.runSuitesLocally(TestNG.java:1137)
at org.testng.TestNG.runSuites(TestNG.java:1049)
at org.testng.TestNG.run(TestNG.java:1017)
at org.testng.remote.AbstractRemoteTestNG.run(AbstractRemoteTestNG.java:114)
at org.testng.remote.RemoteTestNG.initAndRun(RemoteTestNG.java:251)
at org.testng.remote.RemoteTestNG.main(RemoteTestNG.java:77)
]]>
            </full-stacktrace>
          </exception> <!-- org.openqa.selenium.NoSuchElementException -->
          <reporter-output>
          </reporter-output>
        </test-method> <!-- verifyStoreLocator24HrsStoreTest -->
        <test-method status="PASS" signature="tearDown()[pri:0, instance:com.cvs.qa.testcases.HomePageTest@21213b92]" name="tearDown" is-config="true" duration-ms="946" started-at="2018-11-05T03:03:49Z" finished-at="2018-11-05T03:03:50Z">
          <reporter-output>
          </reporter-output>
        </test-method> <!-- tearDown -->
        <test-method status="PASS" signature="setUp()[pri:0, instance:com.cvs.qa.testcases.HomePageTest@21213b92]" name="setUp" is-config="true" duration-ms="5972" started-at="2018-11-05T03:03:50Z" finished-at="2018-11-05T03:03:56Z">
          <reporter-output>
          </reporter-output>
        </test-method> <!-- setUp -->
        <test-method status="FAIL" signature="verifyStoreLocator24HrsStoreTest()[pri:10, instance:com.cvs.qa.testcases.HomePageTest@21213b92]" name="verifyStoreLocator24HrsStoreTest" duration-ms="9293" started-at="2018-11-05T03:03:56Z" finished-at="2018-11-05T03:04:06Z">
          <exception class="org.openqa.selenium.ElementNotVisibleException">
            <message>
              <![CDATA[element not interactable
  (Session info: chrome=70.0.3538.77)
  (Driver info: chromedriver=2.42.591088 (7b2b2dca23cca0862f674758c9a3933e685c27d5),platform=Windows NT 10.0.17134 x86_64) (WARNING: The server did not provide any stacktrace information)
Command duration or timeout: 0 milliseconds
Build info: version: '3.14.0', revision: 'aacccce0', time: '2018-08-02T20:19:58.91Z'
System info: host: 'DESKTOP-JEV6767', ip: '192.168.1.6', os.name: 'Windows 10', os.arch: 'amd64', os.version: '10.0', java.version: '1.8.0_171'
Driver info: org.openqa.selenium.chrome.ChromeDriver
Capabilities {acceptInsecureCerts: false, acceptSslCerts: false, applicationCacheEnabled: false, browserConnectionEnabled: false, browserName: chrome, chrome: {chromedriverVersion: 2.42.591088 (7b2b2dca23cca0..., userDataDir: C:\Users\JAVALE~1\AppData\L...}, cssSelectorsEnabled: true, databaseEnabled: false, goog:chromeOptions: {debuggerAddress: localhost:63837}, handlesAlerts: true, hasTouchScreen: false, javascriptEnabled: true, locationContextEnabled: true, mobileEmulationEnabled: false, nativeEvents: true, networkConnectionEnabled: false, pageLoadStrategy: normal, platform: XP, platformName: XP, rotatable: false, setWindowRect: true, takesHeapSnapshot: true, takesScreenshot: true, unexpectedAlertBehaviour: , unhandledPromptBehavior: , version: 70.0.3538.77, webStorageEnabled: true}
Session ID: 1ecad6754f0ab4fc98def88552f54652]]>
            </message>
            <full-stacktrace>
              <![CDATA[org.openqa.selenium.ElementNotVisibleException: element not interactable
  (Session info: chrome=70.0.3538.77)
  (Driver info: chromedriver=2.42.591088 (7b2b2dca23cca0862f674758c9a3933e685c27d5),platform=Windows NT 10.0.17134 x86_64) (WARNING: The server did not provide any stacktrace information)
Command duration or timeout: 0 milliseconds
Build info: version: '3.14.0', revision: 'aacccce0', time: '2018-08-02T20:19:58.91Z'
System info: host: 'DESKTOP-JEV6767', ip: '192.168.1.6', os.name: 'Windows 10', os.arch: 'amd64', os.version: '10.0', java.version: '1.8.0_171'
Driver info: org.openqa.selenium.chrome.ChromeDriver
Capabilities {acceptInsecureCerts: false, acceptSslCerts: false, applicationCacheEnabled: false, browserConnectionEnabled: false, browserName: chrome, chrome: {chromedriverVersion: 2.42.591088 (7b2b2dca23cca0..., userDataDir: C:\Users\JAVALE~1\AppData\L...}, cssSelectorsEnabled: true, databaseEnabled: false, goog:chromeOptions: {debuggerAddress: localhost:63837}, handlesAlerts: true, hasTouchScreen: false, javascriptEnabled: true, locationContextEnabled: true, mobileEmulationEnabled: false, nativeEvents: true, networkConnectionEnabled: false, pageLoadStrategy: normal, platform: XP, platformName: XP, rotatable: false, setWindowRect: true, takesHeapSnapshot: true, takesScreenshot: true, unexpectedAlertBehaviour: , unhandledPromptBehavior: , version: 70.0.3538.77, webStorageEnabled: true}
Session ID: 1ecad6754f0ab4fc98def88552f54652
at sun.reflect.NativeConstructorAccessorImpl.newInstance0(Native Method)
at sun.reflect.NativeConstructorAccessorImpl.newInstance(Unknown Source)
at sun.reflect.DelegatingConstructorAccessorImpl.newInstance(Unknown Source)
at java.lang.reflect.Constructor.newInstance(Unknown Source)
at org.openqa.selenium.remote.ErrorHandler.createThrowable(ErrorHandler.java:214)
at org.openqa.selenium.remote.ErrorHandler.throwIfResponseFailed(ErrorHandler.java:166)
at org.openqa.selenium.remote.http.JsonHttpResponseCodec.reconstructValue(JsonHttpResponseCodec.java:40)
at org.openqa.selenium.remote.http.AbstractHttpResponseCodec.decode(AbstractHttpResponseCodec.java:80)
at org.openqa.selenium.remote.http.AbstractHttpResponseCodec.decode(AbstractHttpResponseCodec.java:44)
at org.openqa.selenium.remote.HttpCommandExecutor.execute(HttpCommandExecutor.java:158)
at org.openqa.selenium.remote.service.DriverCommandExecutor.execute(DriverCommandExecutor.java:83)
at org.openqa.selenium.remote.RemoteWebDriver.execute(RemoteWebDriver.java:548)
at org.openqa.selenium.remote.RemoteWebElement.execute(RemoteWebElement.java:276)
at org.openqa.selenium.remote.RemoteWebElement.click(RemoteWebElement.java:83)
at sun.reflect.GeneratedMethodAccessor2.invoke(Unknown Source)
at sun.reflect.DelegatingMethodAccessorImpl.invoke(Unknown Source)
at java.lang.reflect.Method.invoke(Unknown Source)
at org.openqa.selenium.support.events.EventFiringWebDriver$EventFiringWebElement.lambda$new$0(EventFiringWebDriver.java:403)
at com.sun.proxy.$Proxy13.click(Unknown Source)
at org.openqa.selenium.support.events.EventFiringWebDriver$EventFiringWebElement.click(EventFiringWebDriver.java:416)
at sun.reflect.GeneratedMethodAccessor2.invoke(Unknown Source)
at sun.reflect.DelegatingMethodAccessorImpl.invoke(Unknown Source)
at java.lang.reflect.Method.invoke(Unknown Source)
at org.openqa.selenium.support.pagefactory.internal.LocatingElementHandler.invoke(LocatingElementHandler.java:51)
at com.sun.proxy.$Proxy12.click(Unknown Source)
at com.cvs.qa.pages.HomePage.verifyStoreLocatorUsing24Hrs(HomePage.java:114)
at com.cvs.qa.testcases.HomePageTest.verifyStoreLocator24HrsStoreTest(HomePageTest.java:82)
at sun.reflect.NativeMethodAccessorImpl.invoke0(Native Method)
at sun.reflect.NativeMethodAccessorImpl.invoke(Unknown Source)
at sun.reflect.DelegatingMethodAccessorImpl.invoke(Unknown Source)
at java.lang.reflect.Method.invoke(Unknown Source)
at org.testng.internal.MethodInvocationHelper.invokeMethod(MethodInvocationHelper.java:124)
at org.testng.internal.Invoker.invokeMethod(Invoker.java:583)
at org.testng.internal.Invoker.retryFailed(Invoker.java:839)
at org.testng.internal.Invoker.invokeTestMethods(Invoker.java:1010)
at org.testng.internal.TestMethodWorker.invokeTestMethods(TestMethodWorker.java:125)
at org.testng.internal.TestMethodWorker.run(TestMethodWorker.java:109)
at org.testng.TestRunner.privateRun(TestRunner.java:648)
at org.testng.TestRunner.run(TestRunner.java:505)
at org.testng.SuiteRunner.runTest(SuiteRunner.java:455)
at org.testng.SuiteRunner.runSequentially(SuiteRunner.java:450)
at org.testng.SuiteRunner.privateRun(SuiteRunner.java:415)
at org.testng.SuiteRunner.run(SuiteRunner.java:364)
at org.testng.SuiteRunnerWorker.runSuite(SuiteRunnerWorker.java:52)
at org.testng.SuiteRunnerWorker.run(SuiteRunnerWorker.java:84)
at org.testng.TestNG.runSuitesSequentially(TestNG.java:1208)
at org.testng.TestNG.runSuitesLocally(TestNG.java:1137)
at org.testng.TestNG.runSuites(TestNG.java:1049)
at org.testng.TestNG.run(TestNG.java:1017)
at org.testng.remote.AbstractRemoteTestNG.run(AbstractRemoteTestNG.java:114)
at org.testng.remote.RemoteTestNG.initAndRun(RemoteTestNG.java:251)
at org.testng.remote.RemoteTestNG.main(RemoteTestNG.java:77)
]]>
            </full-stacktrace>
          </exception> <!-- org.openqa.selenium.ElementNotVisibleException -->
          <reporter-output>
          </reporter-output>
        </test-method> <!-- verifyStoreLocator24HrsStoreTest -->
        <test-method status="PASS" signature="tearDown()[pri:0, instance:com.cvs.qa.testcases.HomePageTest@21213b92]" name="tearDown" is-config="true" duration-ms="1123" started-at="2018-11-05T03:04:06Z" finished-at="2018-11-05T03:04:07Z">
          <reporter-output>
          </reporter-output>
        </test-method> <!-- tearDown -->
      </class> <!-- com.cvs.qa.testcases.HomePageTest -->
    </test> <!--  CVS HomePageTest -->
    <test name=" CVS LogInPageTest" duration-ms="264237" started-at="2018-11-05T03:04:07Z" finished-at="2018-11-05T03:08:31Z">
      <class name="com.cvs.qa.testcases.LogInTest">
        <test-method status="PASS" signature="setUp()[pri:0, instance:com.cvs.qa.testcases.LogInTest@7a765367]" name="setUp" is-config="true" duration-ms="6597" started-at="2018-11-05T03:04:07Z" finished-at="2018-11-05T03:04:14Z">
          <reporter-output>
          </reporter-output>
        </test-method> <!-- setUp -->
        <test-method status="PASS" signature="verifyLogInExcelData(java.lang.String, java.lang.String)[pri:0, instance:com.cvs.qa.testcases.LogInTest@7a765367]" name="verifyLogInExcelData" duration-ms="6439" started-at="2018-11-05T03:04:14Z" data-provider="getCVSTestDataLogIn" finished-at="2018-11-05T03:04:20Z">
          <params>
            <param index="0">
              <value>
                <![CDATA[shuwaibliaquat@hotmail.com]]>
              </value>
            </param>
            <param index="1">
              <value>
                <![CDATA[hhb12345]]>
              </value>
            </param>
          </params>
          <reporter-output>
          </reporter-output>
        </test-method> <!-- verifyLogInExcelData -->
        <test-method status="PASS" signature="tearDown()[pri:0, instance:com.cvs.qa.testcases.LogInTest@7a765367]" name="tearDown" is-config="true" duration-ms="1320" started-at="2018-11-05T03:04:20Z" finished-at="2018-11-05T03:04:22Z">
          <reporter-output>
          </reporter-output>
        </test-method> <!-- tearDown -->
        <test-method status="PASS" signature="setUp()[pri:0, instance:com.cvs.qa.testcases.LogInTest@7a765367]" name="setUp" is-config="true" duration-ms="6068" started-at="2018-11-05T03:04:22Z" finished-at="2018-11-05T03:04:28Z">
          <reporter-output>
          </reporter-output>
        </test-method> <!-- setUp -->
        <test-method status="PASS" signature="verifyLogInExcelData(java.lang.String, java.lang.String)[pri:0, instance:com.cvs.qa.testcases.LogInTest@7a765367]" name="verifyLogInExcelData" duration-ms="6855" started-at="2018-11-05T03:04:28Z" data-provider="getCVSTestDataLogIn" finished-at="2018-11-05T03:04:35Z">
          <params>
            <param index="0">
              <value>
                <![CDATA[shuwaibliaquat@ymail.com]]>
              </value>
            </param>
            <param index="1">
              <value>
                <![CDATA[truelove12345]]>
              </value>
            </param>
          </params>
          <reporter-output>
          </reporter-output>
        </test-method> <!-- verifyLogInExcelData -->
        <test-method status="PASS" signature="tearDown()[pri:0, instance:com.cvs.qa.testcases.LogInTest@7a765367]" name="tearDown" is-config="true" duration-ms="1310" started-at="2018-11-05T03:04:35Z" finished-at="2018-11-05T03:04:36Z">
          <reporter-output>
          </reporter-output>
        </test-method> <!-- tearDown -->
        <test-method status="PASS" signature="setUp()[pri:0, instance:com.cvs.qa.testcases.LogInTest@7a765367]" name="setUp" is-config="true" duration-ms="6539" started-at="2018-11-05T03:04:36Z" finished-at="2018-11-05T03:04:43Z">
          <reporter-output>
          </reporter-output>
        </test-method> <!-- setUp -->
        <test-method status="PASS" signature="verifyLogInExcelData(java.lang.String, java.lang.String)[pri:0, instance:com.cvs.qa.testcases.LogInTest@7a765367]" name="verifyLogInExcelData" duration-ms="7503" started-at="2018-11-05T03:04:43Z" data-provider="getCVSTestDataLogIn" finished-at="2018-11-05T03:04:50Z">
          <params>
            <param index="0">
              <value>
                <![CDATA[nishat055@gmail.com]]>
              </value>
            </param>
            <param index="1">
              <value>
                <![CDATA[apple123456]]>
              </value>
            </param>
          </params>
          <reporter-output>
          </reporter-output>
        </test-method> <!-- verifyLogInExcelData -->
        <test-method status="PASS" signature="tearDown()[pri:0, instance:com.cvs.qa.testcases.LogInTest@7a765367]" name="tearDown" is-config="true" duration-ms="1303" started-at="2018-11-05T03:04:50Z" finished-at="2018-11-05T03:04:51Z">
          <reporter-output>
          </reporter-output>
        </test-method> <!-- tearDown -->
        <test-method status="PASS" signature="setUp()[pri:0, instance:com.cvs.qa.testcases.LogInTest@7a765367]" name="setUp" is-config="true" duration-ms="3595" started-at="2018-11-05T03:04:51Z" finished-at="2018-11-05T03:04:55Z">
          <reporter-output>
          </reporter-output>
        </test-method> <!-- setUp -->
        <test-method status="SKIP" signature="verifyLogInTest()[pri:1, instance:com.cvs.qa.testcases.LogInTest@7a765367]" name="verifyLogInTest" duration-ms="20305" started-at="2018-11-05T03:04:55Z" finished-at="2018-11-05T03:05:15Z">
          <exception class="org.openqa.selenium.NoSuchElementException">
            <message>
              <![CDATA[no such element: Unable to locate element: {"method":"xpath","selector":"html/body/div[16]/div/div/div/div[2]/ul[1]/li[1]/a"}
  (Session info: chrome=70.0.3538.77)
  (Driver info: chromedriver=2.42.591088 (7b2b2dca23cca0862f674758c9a3933e685c27d5),platform=Windows NT 10.0.17134 x86_64) (WARNING: The server did not provide any stacktrace information)
Command duration or timeout: 0 milliseconds
For documentation on this error, please visit: http://seleniumhq.org/exceptions/no_such_element.html
Build info: version: '3.14.0', revision: 'aacccce0', time: '2018-08-02T20:19:58.91Z'
System info: host: 'DESKTOP-JEV6767', ip: '192.168.1.6', os.name: 'Windows 10', os.arch: 'amd64', os.version: '10.0', java.version: '1.8.0_171'
Driver info: org.openqa.selenium.chrome.ChromeDriver
Capabilities {acceptInsecureCerts: false, acceptSslCerts: false, applicationCacheEnabled: false, browserConnectionEnabled: false, browserName: chrome, chrome: {chromedriverVersion: 2.42.591088 (7b2b2dca23cca0..., userDataDir: C:\Users\JAVALE~1\AppData\L...}, cssSelectorsEnabled: true, databaseEnabled: false, goog:chromeOptions: {debuggerAddress: localhost:64035}, handlesAlerts: true, hasTouchScreen: false, javascriptEnabled: true, locationContextEnabled: true, mobileEmulationEnabled: false, nativeEvents: true, networkConnectionEnabled: false, pageLoadStrategy: normal, platform: XP, platformName: XP, rotatable: false, setWindowRect: true, takesHeapSnapshot: true, takesScreenshot: true, unexpectedAlertBehaviour: , unhandledPromptBehavior: , version: 70.0.3538.77, webStorageEnabled: true}
Session ID: 1b17e49d758543a097e2a3dd5ae9d89b
*** Element info: {Using=xpath, value=html/body/div[16]/div/div/div/div[2]/ul[1]/li[1]/a}]]>
            </message>
            <full-stacktrace>
              <![CDATA[org.openqa.selenium.NoSuchElementException: no such element: Unable to locate element: {"method":"xpath","selector":"html/body/div[16]/div/div/div/div[2]/ul[1]/li[1]/a"}
  (Session info: chrome=70.0.3538.77)
  (Driver info: chromedriver=2.42.591088 (7b2b2dca23cca0862f674758c9a3933e685c27d5),platform=Windows NT 10.0.17134 x86_64) (WARNING: The server did not provide any stacktrace information)
Command duration or timeout: 0 milliseconds
For documentation on this error, please visit: http://seleniumhq.org/exceptions/no_such_element.html
Build info: version: '3.14.0', revision: 'aacccce0', time: '2018-08-02T20:19:58.91Z'
System info: host: 'DESKTOP-JEV6767', ip: '192.168.1.6', os.name: 'Windows 10', os.arch: 'amd64', os.version: '10.0', java.version: '1.8.0_171'
Driver info: org.openqa.selenium.chrome.ChromeDriver
Capabilities {acceptInsecureCerts: false, acceptSslCerts: false, applicationCacheEnabled: false, browserConnectionEnabled: false, browserName: chrome, chrome: {chromedriverVersion: 2.42.591088 (7b2b2dca23cca0..., userDataDir: C:\Users\JAVALE~1\AppData\L...}, cssSelectorsEnabled: true, databaseEnabled: false, goog:chromeOptions: {debuggerAddress: localhost:64035}, handlesAlerts: true, hasTouchScreen: false, javascriptEnabled: true, locationContextEnabled: true, mobileEmulationEnabled: false, nativeEvents: true, networkConnectionEnabled: false, pageLoadStrategy: normal, platform: XP, platformName: XP, rotatable: false, setWindowRect: true, takesHeapSnapshot: true, takesScreenshot: true, unexpectedAlertBehaviour: , unhandledPromptBehavior: , version: 70.0.3538.77, webStorageEnabled: true}
Session ID: 1b17e49d758543a097e2a3dd5ae9d89b
*** Element info: {Using=xpath, value=html/body/div[16]/div/div/div/div[2]/ul[1]/li[1]/a}
at sun.reflect.NativeConstructorAccessorImpl.newInstance0(Native Method)
at sun.reflect.NativeConstructorAccessorImpl.newInstance(Unknown Source)
at sun.reflect.DelegatingConstructorAccessorImpl.newInstance(Unknown Source)
at java.lang.reflect.Constructor.newInstance(Unknown Source)
at org.openqa.selenium.remote.ErrorHandler.createThrowable(ErrorHandler.java:214)
at org.openqa.selenium.remote.ErrorHandler.throwIfResponseFailed(ErrorHandler.java:166)
at org.openqa.selenium.remote.http.JsonHttpResponseCodec.reconstructValue(JsonHttpResponseCodec.java:40)
at org.openqa.selenium.remote.http.AbstractHttpResponseCodec.decode(AbstractHttpResponseCodec.java:80)
at org.openqa.selenium.remote.http.AbstractHttpResponseCodec.decode(AbstractHttpResponseCodec.java:44)
at org.openqa.selenium.remote.HttpCommandExecutor.execute(HttpCommandExecutor.java:158)
at org.openqa.selenium.remote.service.DriverCommandExecutor.execute(DriverCommandExecutor.java:83)
at org.openqa.selenium.remote.RemoteWebDriver.execute(RemoteWebDriver.java:548)
at org.openqa.selenium.remote.RemoteWebDriver.findElement(RemoteWebDriver.java:322)
at org.openqa.selenium.remote.RemoteWebDriver.findElementByXPath(RemoteWebDriver.java:424)
at org.openqa.selenium.By$ByXPath.findElement(By.java:353)
at org.openqa.selenium.remote.RemoteWebDriver.findElement(RemoteWebDriver.java:314)
at sun.reflect.GeneratedMethodAccessor5.invoke(Unknown Source)
at sun.reflect.DelegatingMethodAccessorImpl.invoke(Unknown Source)
at java.lang.reflect.Method.invoke(Unknown Source)
at org.openqa.selenium.support.events.EventFiringWebDriver.lambda$new$1(EventFiringWebDriver.java:105)
at com.sun.proxy.$Proxy8.findElement(Unknown Source)
at org.openqa.selenium.support.events.EventFiringWebDriver.findElement(EventFiringWebDriver.java:194)
at org.openqa.selenium.support.pagefactory.DefaultElementLocator.findElement(DefaultElementLocator.java:69)
at org.openqa.selenium.support.pagefactory.internal.LocatingElementHandler.invoke(LocatingElementHandler.java:38)
at com.sun.proxy.$Proxy12.click(Unknown Source)
at com.cvs.qa.pages.LogInPage.userLogIn(LogInPage.java:54)
at com.cvs.qa.testcases.LogInTest.verifyLogInTest(LogInTest.java:41)
at sun.reflect.NativeMethodAccessorImpl.invoke0(Native Method)
at sun.reflect.NativeMethodAccessorImpl.invoke(Unknown Source)
at sun.reflect.DelegatingMethodAccessorImpl.invoke(Unknown Source)
at java.lang.reflect.Method.invoke(Unknown Source)
at org.testng.internal.MethodInvocationHelper.invokeMethod(MethodInvocationHelper.java:124)
at org.testng.internal.Invoker.invokeMethod(Invoker.java:583)
at org.testng.internal.Invoker.invokeTestMethod(Invoker.java:719)
at org.testng.internal.Invoker.invokeTestMethods(Invoker.java:989)
at org.testng.internal.TestMethodWorker.invokeTestMethods(TestMethodWorker.java:125)
at org.testng.internal.TestMethodWorker.run(TestMethodWorker.java:109)
at org.testng.TestRunner.privateRun(TestRunner.java:648)
at org.testng.TestRunner.run(TestRunner.java:505)
at org.testng.SuiteRunner.runTest(SuiteRunner.java:455)
at org.testng.SuiteRunner.runSequentially(SuiteRunner.java:450)
at org.testng.SuiteRunner.privateRun(SuiteRunner.java:415)
at org.testng.SuiteRunner.run(SuiteRunner.java:364)
at org.testng.SuiteRunnerWorker.runSuite(SuiteRunnerWorker.java:52)
at org.testng.SuiteRunnerWorker.run(SuiteRunnerWorker.java:84)
at org.testng.TestNG.runSuitesSequentially(TestNG.java:1208)
at org.testng.TestNG.runSuitesLocally(TestNG.java:1137)
at org.testng.TestNG.runSuites(TestNG.java:1049)
at org.testng.TestNG.run(TestNG.java:1017)
at org.testng.remote.AbstractRemoteTestNG.run(AbstractRemoteTestNG.java:114)
at org.testng.remote.RemoteTestNG.initAndRun(RemoteTestNG.java:251)
at org.testng.remote.RemoteTestNG.main(RemoteTestNG.java:77)
]]>
            </full-stacktrace>
          </exception> <!-- org.openqa.selenium.NoSuchElementException -->
          <reporter-output>
          </reporter-output>
        </test-method> <!-- verifyLogInTest -->
        <test-method status="PASS" signature="tearDown()[pri:0, instance:com.cvs.qa.testcases.LogInTest@7a765367]" name="tearDown" is-config="true" duration-ms="919" started-at="2018-11-05T03:05:15Z" finished-at="2018-11-05T03:05:16Z">
          <reporter-output>
          </reporter-output>
        </test-method> <!-- tearDown -->
        <test-method status="PASS" signature="setUp()[pri:0, instance:com.cvs.qa.testcases.LogInTest@7a765367]" name="setUp" is-config="true" duration-ms="6458" started-at="2018-11-05T03:05:16Z" finished-at="2018-11-05T03:05:23Z">
          <reporter-output>
          </reporter-output>
        </test-method> <!-- setUp -->
        <test-method status="PASS" signature="verifyLogInTest()[pri:1, instance:com.cvs.qa.testcases.LogInTest@7a765367]" name="verifyLogInTest" duration-ms="4637" started-at="2018-11-05T03:05:23Z" finished-at="2018-11-05T03:05:27Z">
          <reporter-output>
          </reporter-output>
        </test-method> <!-- verifyLogInTest -->
        <test-method status="PASS" signature="tearDown()[pri:0, instance:com.cvs.qa.testcases.LogInTest@7a765367]" name="tearDown" is-config="true" duration-ms="1249" started-at="2018-11-05T03:05:27Z" finished-at="2018-11-05T03:05:29Z">
          <reporter-output>
          </reporter-output>
        </test-method> <!-- tearDown -->
        <test-method status="PASS" signature="setUp()[pri:0, instance:com.cvs.qa.testcases.LogInTest@7a765367]" name="setUp" is-config="true" duration-ms="3831" started-at="2018-11-05T03:05:29Z" finished-at="2018-11-05T03:05:32Z">
          <reporter-output>
          </reporter-output>
        </test-method> <!-- setUp -->
        <test-method status="SKIP" signature="verifyTopPanelLogInTestExcelDataTest(java.lang.String, java.lang.String)[pri:2, instance:com.cvs.qa.testcases.LogInTest@7a765367]" name="verifyTopPanelLogInTestExcelDataTest" duration-ms="20328" started-at="2018-11-05T03:05:32Z" data-provider="getCVSTestDataLogIn" finished-at="2018-11-05T03:05:53Z">
          <params>
            <param index="0">
              <value>
                <![CDATA[shuwaibliaquat@hotmail.com]]>
              </value>
            </param>
            <param index="1">
              <value>
                <![CDATA[hhb12345]]>
              </value>
            </param>
          </params>
          <exception class="org.openqa.selenium.NoSuchElementException">
            <message>
              <![CDATA[no such element: Unable to locate element: {"method":"xpath","selector":"//a[@id='signInOverlay']"}
  (Session info: chrome=70.0.3538.77)
  (Driver info: chromedriver=2.42.591088 (7b2b2dca23cca0862f674758c9a3933e685c27d5),platform=Windows NT 10.0.17134 x86_64) (WARNING: The server did not provide any stacktrace information)
Command duration or timeout: 0 milliseconds
For documentation on this error, please visit: http://seleniumhq.org/exceptions/no_such_element.html
Build info: version: '3.14.0', revision: 'aacccce0', time: '2018-08-02T20:19:58.91Z'
System info: host: 'DESKTOP-JEV6767', ip: '192.168.1.6', os.name: 'Windows 10', os.arch: 'amd64', os.version: '10.0', java.version: '1.8.0_171'
Driver info: org.openqa.selenium.chrome.ChromeDriver
Capabilities {acceptInsecureCerts: false, acceptSslCerts: false, applicationCacheEnabled: false, browserConnectionEnabled: false, browserName: chrome, chrome: {chromedriverVersion: 2.42.591088 (7b2b2dca23cca0..., userDataDir: C:\Users\JAVALE~1\AppData\L...}, cssSelectorsEnabled: true, databaseEnabled: false, goog:chromeOptions: {debuggerAddress: localhost:64103}, handlesAlerts: true, hasTouchScreen: false, javascriptEnabled: true, locationContextEnabled: true, mobileEmulationEnabled: false, nativeEvents: true, networkConnectionEnabled: false, pageLoadStrategy: normal, platform: XP, platformName: XP, rotatable: false, setWindowRect: true, takesHeapSnapshot: true, takesScreenshot: true, unexpectedAlertBehaviour: , unhandledPromptBehavior: , version: 70.0.3538.77, webStorageEnabled: true}
Session ID: 6ff4642bb17cc70e62e72418955b6349
*** Element info: {Using=xpath, value=//a[@id='signInOverlay']}]]>
            </message>
            <full-stacktrace>
              <![CDATA[org.openqa.selenium.NoSuchElementException: no such element: Unable to locate element: {"method":"xpath","selector":"//a[@id='signInOverlay']"}
  (Session info: chrome=70.0.3538.77)
  (Driver info: chromedriver=2.42.591088 (7b2b2dca23cca0862f674758c9a3933e685c27d5),platform=Windows NT 10.0.17134 x86_64) (WARNING: The server did not provide any stacktrace information)
Command duration or timeout: 0 milliseconds
For documentation on this error, please visit: http://seleniumhq.org/exceptions/no_such_element.html
Build info: version: '3.14.0', revision: 'aacccce0', time: '2018-08-02T20:19:58.91Z'
System info: host: 'DESKTOP-JEV6767', ip: '192.168.1.6', os.name: 'Windows 10', os.arch: 'amd64', os.version: '10.0', java.version: '1.8.0_171'
Driver info: org.openqa.selenium.chrome.ChromeDriver
Capabilities {acceptInsecureCerts: false, acceptSslCerts: false, applicationCacheEnabled: false, browserConnectionEnabled: false, browserName: chrome, chrome: {chromedriverVersion: 2.42.591088 (7b2b2dca23cca0..., userDataDir: C:\Users\JAVALE~1\AppData\L...}, cssSelectorsEnabled: true, databaseEnabled: false, goog:chromeOptions: {debuggerAddress: localhost:64103}, handlesAlerts: true, hasTouchScreen: false, javascriptEnabled: true, locationContextEnabled: true, mobileEmulationEnabled: false, nativeEvents: true, networkConnectionEnabled: false, pageLoadStrategy: normal, platform: XP, platformName: XP, rotatable: false, setWindowRect: true, takesHeapSnapshot: true, takesScreenshot: true, unexpectedAlertBehaviour: , unhandledPromptBehavior: , version: 70.0.3538.77, webStorageEnabled: true}
Session ID: 6ff4642bb17cc70e62e72418955b6349
*** Element info: {Using=xpath, value=//a[@id='signInOverlay']}
at sun.reflect.NativeConstructorAccessorImpl.newInstance0(Native Method)
at sun.reflect.NativeConstructorAccessorImpl.newInstance(Unknown Source)
at sun.reflect.DelegatingConstructorAccessorImpl.newInstance(Unknown Source)
at java.lang.reflect.Constructor.newInstance(Unknown Source)
at org.openqa.selenium.remote.ErrorHandler.createThrowable(ErrorHandler.java:214)
at org.openqa.selenium.remote.ErrorHandler.throwIfResponseFailed(ErrorHandler.java:166)
at org.openqa.selenium.remote.http.JsonHttpResponseCodec.reconstructValue(JsonHttpResponseCodec.java:40)
at org.openqa.selenium.remote.http.AbstractHttpResponseCodec.decode(AbstractHttpResponseCodec.java:80)
at org.openqa.selenium.remote.http.AbstractHttpResponseCodec.decode(AbstractHttpResponseCodec.java:44)
at org.openqa.selenium.remote.HttpCommandExecutor.execute(HttpCommandExecutor.java:158)
at org.openqa.selenium.remote.service.DriverCommandExecutor.execute(DriverCommandExecutor.java:83)
at org.openqa.selenium.remote.RemoteWebDriver.execute(RemoteWebDriver.java:548)
at org.openqa.selenium.remote.RemoteWebDriver.findElement(RemoteWebDriver.java:322)
at org.openqa.selenium.remote.RemoteWebDriver.findElementByXPath(RemoteWebDriver.java:424)
at org.openqa.selenium.By$ByXPath.findElement(By.java:353)
at org.openqa.selenium.remote.RemoteWebDriver.findElement(RemoteWebDriver.java:314)
at sun.reflect.GeneratedMethodAccessor5.invoke(Unknown Source)
at sun.reflect.DelegatingMethodAccessorImpl.invoke(Unknown Source)
at java.lang.reflect.Method.invoke(Unknown Source)
at org.openqa.selenium.support.events.EventFiringWebDriver.lambda$new$1(EventFiringWebDriver.java:105)
at com.sun.proxy.$Proxy8.findElement(Unknown Source)
at org.openqa.selenium.support.events.EventFiringWebDriver.findElement(EventFiringWebDriver.java:194)
at org.openqa.selenium.support.pagefactory.DefaultElementLocator.findElement(DefaultElementLocator.java:69)
at org.openqa.selenium.support.pagefactory.internal.LocatingElementHandler.invoke(LocatingElementHandler.java:38)
at com.sun.proxy.$Proxy12.click(Unknown Source)
at com.cvs.qa.pages.LogInPage.userTopPanelLogIn(LogInPage.java:62)
at com.cvs.qa.testcases.LogInTest.verifyTopPanelLogInTestExcelDataTest(LogInTest.java:46)
at sun.reflect.NativeMethodAccessorImpl.invoke0(Native Method)
at sun.reflect.NativeMethodAccessorImpl.invoke(Unknown Source)
at sun.reflect.DelegatingMethodAccessorImpl.invoke(Unknown Source)
at java.lang.reflect.Method.invoke(Unknown Source)
at org.testng.internal.MethodInvocationHelper.invokeMethod(MethodInvocationHelper.java:124)
at org.testng.internal.Invoker.invokeMethod(Invoker.java:583)
at org.testng.internal.Invoker.invokeTestMethod(Invoker.java:719)
at org.testng.internal.Invoker.invokeTestMethods(Invoker.java:989)
at org.testng.internal.TestMethodWorker.invokeTestMethods(TestMethodWorker.java:125)
at org.testng.internal.TestMethodWorker.run(TestMethodWorker.java:109)
at org.testng.TestRunner.privateRun(TestRunner.java:648)
at org.testng.TestRunner.run(TestRunner.java:505)
at org.testng.SuiteRunner.runTest(SuiteRunner.java:455)
at org.testng.SuiteRunner.runSequentially(SuiteRunner.java:450)
at org.testng.SuiteRunner.privateRun(SuiteRunner.java:415)
at org.testng.SuiteRunner.run(SuiteRunner.java:364)
at org.testng.SuiteRunnerWorker.runSuite(SuiteRunnerWorker.java:52)
at org.testng.SuiteRunnerWorker.run(SuiteRunnerWorker.java:84)
at org.testng.TestNG.runSuitesSequentially(TestNG.java:1208)
at org.testng.TestNG.runSuitesLocally(TestNG.java:1137)
at org.testng.TestNG.runSuites(TestNG.java:1049)
at org.testng.TestNG.run(TestNG.java:1017)
at org.testng.remote.AbstractRemoteTestNG.run(AbstractRemoteTestNG.java:114)
at org.testng.remote.RemoteTestNG.initAndRun(RemoteTestNG.java:251)
at org.testng.remote.RemoteTestNG.main(RemoteTestNG.java:77)
]]>
            </full-stacktrace>
          </exception> <!-- org.openqa.selenium.NoSuchElementException -->
          <reporter-output>
          </reporter-output>
        </test-method> <!-- verifyTopPanelLogInTestExcelDataTest -->
        <test-method status="PASS" signature="tearDown()[pri:0, instance:com.cvs.qa.testcases.LogInTest@7a765367]" name="tearDown" is-config="true" duration-ms="981" started-at="2018-11-05T03:05:53Z" finished-at="2018-11-05T03:05:54Z">
          <reporter-output>
          </reporter-output>
        </test-method> <!-- tearDown -->
        <test-method status="PASS" signature="setUp()[pri:0, instance:com.cvs.qa.testcases.LogInTest@7a765367]" name="setUp" is-config="true" duration-ms="6543" started-at="2018-11-05T03:05:54Z" finished-at="2018-11-05T03:06:00Z">
          <reporter-output>
          </reporter-output>
        </test-method> <!-- setUp -->
        <test-method status="PASS" signature="verifyTopPanelLogInTestExcelDataTest(java.lang.String, java.lang.String)[pri:2, instance:com.cvs.qa.testcases.LogInTest@7a765367]" name="verifyTopPanelLogInTestExcelDataTest" duration-ms="5800" started-at="2018-11-05T03:06:00Z" data-provider="getCVSTestDataLogIn" finished-at="2018-11-05T03:06:06Z">
          <params>
            <param index="0">
              <value>
                <![CDATA[shuwaibliaquat@hotmail.com]]>
              </value>
            </param>
            <param index="1">
              <value>
                <![CDATA[hhb12345]]>
              </value>
            </param>
          </params>
          <reporter-output>
          </reporter-output>
        </test-method> <!-- verifyTopPanelLogInTestExcelDataTest -->
        <test-method status="PASS" signature="tearDown()[pri:0, instance:com.cvs.qa.testcases.LogInTest@7a765367]" name="tearDown" is-config="true" duration-ms="1058" started-at="2018-11-05T03:06:06Z" finished-at="2018-11-05T03:06:07Z">
          <reporter-output>
          </reporter-output>
        </test-method> <!-- tearDown -->
        <test-method status="PASS" signature="setUp()[pri:0, instance:com.cvs.qa.testcases.LogInTest@7a765367]" name="setUp" is-config="true" duration-ms="3658" started-at="2018-11-05T03:06:07Z" finished-at="2018-11-05T03:06:11Z">
          <reporter-output>
          </reporter-output>
        </test-method> <!-- setUp -->
        <test-method status="SKIP" signature="verifyTopPanelLogInTestExcelDataTest(java.lang.String, java.lang.String)[pri:2, instance:com.cvs.qa.testcases.LogInTest@7a765367]" name="verifyTopPanelLogInTestExcelDataTest" duration-ms="20322" started-at="2018-11-05T03:06:11Z" data-provider="getCVSTestDataLogIn" finished-at="2018-11-05T03:06:31Z">
          <params>
            <param index="0">
              <value>
                <![CDATA[shuwaibliaquat@ymail.com]]>
              </value>
            </param>
            <param index="1">
              <value>
                <![CDATA[truelove12345]]>
              </value>
            </param>
          </params>
          <exception class="org.openqa.selenium.NoSuchElementException">
            <message>
              <![CDATA[no such element: Unable to locate element: {"method":"xpath","selector":"//a[@id='signInOverlay']"}
  (Session info: chrome=70.0.3538.77)
  (Driver info: chromedriver=2.42.591088 (7b2b2dca23cca0862f674758c9a3933e685c27d5),platform=Windows NT 10.0.17134 x86_64) (WARNING: The server did not provide any stacktrace information)
Command duration or timeout: 0 milliseconds
For documentation on this error, please visit: http://seleniumhq.org/exceptions/no_such_element.html
Build info: version: '3.14.0', revision: 'aacccce0', time: '2018-08-02T20:19:58.91Z'
System info: host: 'DESKTOP-JEV6767', ip: '192.168.1.6', os.name: 'Windows 10', os.arch: 'amd64', os.version: '10.0', java.version: '1.8.0_171'
Driver info: org.openqa.selenium.chrome.ChromeDriver
[...]
Session ID: 5d6e9d9922dfdf5baab706f6fd4dae1e
*** Element info: {Using=xpath, value=//*[contains(text(),'Sign Up for Exclusive')]}]]>
            </message>
            <full-stacktrace>
              <![CDATA[org.openqa.selenium.NoSuchElementException: no such element: Unable to locate element: {"method":"xpath","selector":"//*[contains(text(),'Sign Up for Exclusive')]"}
  (Session info: chrome=70.0.3538.77)
  (Driver info: chromedriver=2.42.591088 (7b2b2dca23cca0862f674758c9a3933e685c27d5),platform=Windows NT 10.0.17134 x86_64) (WARNING: The server did not provide any stacktrace information)
Command duration or timeout: 0 milliseconds
For documentation on this error, please visit: http://seleniumhq.org/exceptions/no_such_element.html
Build info: version: '3.14.0', revision: 'aacccce0', time: '2018-08-02T20:19:58.91Z'
System info: host: 'DESKTOP-JEV6767', ip: '192.168.1.6', os.name: 'Windows 10', os.arch: 'amd64', os.version: '10.0', java.version: '1.8.0_171'
Driver info: org.openqa.selenium.chrome.ChromeDriver
Capabilities {acceptInsecureCerts: false, acceptSslCerts: false, applicationCacheEnabled: false, browserConnectionEnabled: false, browserName: chrome, chrome: {chromedriverVersion: 2.42.591088 (7b2b2dca23cca0..., userDataDir: C:\Users\JAVALE~1\AppData\L...}, cssSelectorsEnabled: true, databaseEnabled: false, goog:chromeOptions: {debuggerAddress: localhost:50838}, handlesAlerts: true, hasTouchScreen: false, javascriptEnabled: true, locationContextEnabled: true, mobileEmulationEnabled: false, nativeEvents: true, networkConnectionEnabled: false, pageLoadStrategy: normal, platform: XP, platformName: XP, rotatable: false, setWindowRect: true, takesHeapSnapshot: true, takesScreenshot: true, unexpectedAlertBehaviour: , unhandledPromptBehavior: , version: 70.0.3538.77, webStorageEnabled: true}
Session ID: 5d6e9d9922dfdf5baab706f6fd4dae1e
*** Element info: {Using=xpath, value=//*[contains(text(),'Sign Up for Exclusive')]}
at sun.reflect.GeneratedConstructorAccessor48.newInstance(Unknown Source)
at sun.reflect.DelegatingConstructorAccessorImpl.newInstance(Unknown Source)
at java.lang.reflect.Constructor.newInstance(Unknown Source)
at org.openqa.selenium.remote.ErrorHandler.createThrowable(ErrorHandler.java:214)
at org.openqa.selenium.remote.ErrorHandler.throwIfResponseFailed(ErrorHandler.java:166)
at org.openqa.selenium.remote.http.JsonHttpResponseCodec.reconstructValue(JsonHttpResponseCodec.java:40)
at org.openqa.selenium.remote.http.AbstractHttpResponseCodec.decode(AbstractHttpResponseCodec.java:80)
at org.openqa.selenium.remote.http.AbstractHttpResponseCodec.decode(AbstractHttpResponseCodec.java:44)
at org.openqa.selenium.remote.HttpCommandExecutor.execute(HttpCommandExecutor.java:158)
at org.openqa.selenium.remote.service.DriverCommandExecutor.execute(DriverCommandExecutor.java:83)
at org.openqa.selenium.remote.RemoteWebDriver.execute(RemoteWebDriver.java:548)
at org.openqa.selenium.remote.RemoteWebDriver.findElement(RemoteWebDriver.java:322)
at org.openqa.selenium.remote.RemoteWebDriver.findElementByXPath(RemoteWebDriver.java:424)
at org.openqa.selenium.By$ByXPath.findElement(By.java:353)
at org.openqa.selenium.remote.RemoteWebDriver.findElement(RemoteWebDriver.java:314)
at sun.reflect.GeneratedMethodAccessor5.invoke(Unknown Source)
at sun.reflect.DelegatingMethodAccessorImpl.invoke(Unknown Source)
at java.lang.reflect.Method.invoke(Unknown Source)
at org.openqa.selenium.support.events.EventFiringWebDriver.lambda$new$1(EventFiringWebDriver.java:105)
at com.sun.proxy.$Proxy8.findElement(Unknown Source)
at org.openqa.selenium.support.events.EventFiringWebDriver.findElement(EventFiringWebDriver.java:194)
at org.openqa.selenium.support.pagefactory.DefaultElementLocator.findElement(DefaultElementLocator.java:69)
at org.openqa.selenium.support.pagefactory.internal.LocatingElementHandler.invoke(LocatingElementHandler.java:38)
at com.sun.proxy.$Proxy12.click(Unknown Source)
at com.cvs.qa.pages.SignUpPage4Savings.verifySignUp(SignUpPage4Savings.java:77)
at com.cvs.qa.testcases.SignUp4DealTest.verifySignU4DealsExcelDataTest(SignUp4DealTest.java:54)
at sun.reflect.NativeMethodAccessorImpl.invoke0(Native Method)
at sun.reflect.NativeMethodAccessorImpl.invoke(Unknown Source)
at sun.reflect.DelegatingMethodAccessorImpl.invoke(Unknown Source)
at java.lang.reflect.Method.invoke(Unknown Source)
at org.testng.internal.MethodInvocationHelper.invokeMethod(MethodInvocationHelper.java:124)
at org.testng.internal.Invoker.invokeMethod(Invoker.java:583)
at org.testng.internal.Invoker.invokeTestMethod(Invoker.java:719)
at org.testng.internal.Invoker.invokeTestMethods(Invoker.java:989)
at org.testng.internal.TestMethodWorker.invokeTestMethods(TestMethodWorker.java:125)
at org.testng.internal.TestMethodWorker.run(TestMethodWorker.java:109)
at org.testng.TestRunner.privateRun(TestRunner.java:648)
at org.testng.TestRunner.run(TestRunner.java:505)
at org.testng.SuiteRunner.runTest(SuiteRunner.java:455)
at org.testng.SuiteRunner.runSequentially(SuiteRunner.java:450)
at org.testng.SuiteRunner.privateRun(SuiteRunner.java:415)
at org.testng.SuiteRunner.run(SuiteRunner.java:364)
at org.testng.SuiteRunnerWorker.runSuite(SuiteRunnerWorker.java:52)
at org.testng.SuiteRunnerWorker.run(SuiteRunnerWorker.java:84)
at org.testng.TestNG.runSuitesSequentially(TestNG.java:1208)
at org.testng.TestNG.runSuitesLocally(TestNG.java:1137)
at org.testng.TestNG.runSuites(TestNG.java:1049)
at org.testng.TestNG.run(TestNG.java:1017)
at org.testng.remote.AbstractRemoteTestNG.run(AbstractRemoteTestNG.java:114)
at org.testng.remote.RemoteTestNG.initAndRun(RemoteTestNG.java:251)
at org.testng.remote.RemoteTestNG.main(RemoteTestNG.java:77)
]]>
            </full-stacktrace>
          </exception> <!-- org.openqa.selenium.NoSuchElementException -->
          <reporter-output>
          </reporter-output>
        </test-method> <!-- verifySignU4DealsExcelDataTest -->
        <test-method status="PASS" signature="tearDown()[pri:0, instance:com.cvs.qa.testcases.SignUp4DealTest@25af5db5]" name="tearDown" is-config="true" duration-ms="2048" started-at="2018-11-05T03:27:30Z" finished-at="2018-11-05T03:27:32Z">
          <reporter-output>
          </reporter-output>
        </test-method> <!-- tearDown -->
        <test-method status="PASS" signature="setUp()[pri:0, instance:com.cvs.qa.testcases.SignUp4DealTest@25af5db5]" name="setUp" is-config="true" duration-ms="7163" started-at="2018-11-05T03:27:32Z" finished-at="2018-11-05T03:27:39Z">
          <reporter-output>
          </reporter-output>
        </test-method> <!-- setUp -->
        <test-method status="PASS" signature="verifySignU4DealsExcelDataTest(java.lang.String, java.lang.String, java.lang.String, java.lang.String, java.lang.String, java.lang.String, java.lang.String, java.lang.String, java.lang.String, java.lang.String, java.lang.String, java.lang.String)[pri:3, instance:com.cvs.qa.testcases.SignUp4DealTest@25af5db5]" name="verifySignU4DealsExcelDataTest" duration-ms="6574" started-at="2018-11-05T03:27:39Z" data-provider="getCVSTestDataSignUp4Savings" finished-at="2018-11-05T03:27:46Z">
          <params>
            <param index="0">
              <value>
                <![CDATA[shuwaibliaquat1@hotmail.com]]>
              </value>
            </param>
            <param index="1">
              <value>
                <![CDATA[shuwaibliaquat1@hotmail.com]]>
              </value>
            </param>
            <param index="2">
              <value>
                <![CDATA[888888]]>
              </value>
            </param>
            <param index="3">
              <value>
                <![CDATA[Shuwaib]]>
              </value>
            </param>
            <param index="4">
              <value>
                <![CDATA[Liaquat]]>
              </value>
            </param>
            <param index="5">
              <value>
                <![CDATA[07506]]>
              </value>
            </param>
            <param index="6">
              <value>
                <![CDATA[01291992]]>
              </value>
            </param>
            <param index="7">
              <value>
                <![CDATA[13]]>
              </value>
            </param>
            <param index="8">
              <value>
                <![CDATA[Patterson Dr]]>
              </value>
            </param>
            <param index="9">
              <value>
                <![CDATA[Hollywood]]>
              </value>
            </param>
            <param index="10">
              <value>
                <![CDATA[NY]]>
              </value>
            </param>
            <param index="11">
              <value>
                <![CDATA[07506]]>
              </value>
            </param>
          </params>
          <reporter-output>
          </reporter-output>
        </test-method> <!-- verifySignU4DealsExcelDataTest -->
        <test-method status="PASS" signature="tearDown()[pri:0, instance:com.cvs.qa.testcases.SignUp4DealTest@25af5db5]" name="tearDown" is-config="true" duration-ms="1090" started-at="2018-11-05T03:27:46Z" finished-at="2018-11-05T03:27:47Z">
          <reporter-output>
          </reporter-output>
        </test-method> <!-- tearDown -->
        <test-method status="PASS" signature="setUp()[pri:0, instance:com.cvs.qa.testcases.SignUp4DealTest@25af5db5]" name="setUp" is-config="true" duration-ms="5892" started-at="2018-11-05T03:27:47Z" finished-at="2018-11-05T03:27:53Z">
          <reporter-output>
          </reporter-output>
        </test-method> <!-- setUp -->
        <test-method status="PASS" signature="verifySignU4DealsExcelDataTest(java.lang.String, java.lang.String, java.lang.String, java.lang.String, java.lang.String, java.lang.String, java.lang.String, java.lang.String, java.lang.String, java.lang.String, java.lang.String, java.lang.String)[pri:3, instance:com.cvs.qa.testcases.SignUp4DealTest@25af5db5]" name="verifySignU4DealsExcelDataTest" duration-ms="6810" started-at="2018-11-05T03:27:53Z" data-provider="getCVSTestDataSignUp4Savings" finished-at="2018-11-05T03:28:00Z">
          <params>
            <param index="0">
              <value>
                <![CDATA[shuwaibliaquat@hotmail.com]]>
              </value>
            </param>
            <param index="1">
              <value>
                <![CDATA[shuwaibliaquat@hotmail.com]]>
              </value>
            </param>
            <param index="2">
              <value>
                <![CDATA[999999]]>
              </value>
            </param>
            <param index="3">
              <value>
                <![CDATA[Shuwaib3]]>
              </value>
            </param>
            <param index="4">
              <value>
                <![CDATA[Liaquat3]]>
              </value>
            </param>
            <param index="5">
              <value>
                <![CDATA[07507]]>
              </value>
            </param>
            <param index="6">
              <value>
                <![CDATA[01291993]]>
              </value>
            </param>
            <param index="7">
              <value>
                <![CDATA[151]]>
              </value>
            </param>
            <param index="8">
              <value>
                <![CDATA[Holbrook St]]>
              </value>
            </param>
            <param index="9">
              <value>
                <![CDATA[Lincoln Park]]>
              </value>
            </param>
            <param index="10">
              <value>
                <![CDATA[MI]]>
              </value>
            </param>
            <param index="11">
              <value>
                <![CDATA[07507]]>
              </value>
            </param>
          </params>
          <reporter-output>
          </reporter-output>
        </test-method> <!-- verifySignU4DealsExcelDataTest -->
        <test-method status="PASS" signature="tearDown()[pri:0, instance:com.cvs.qa.testcases.SignUp4DealTest@25af5db5]" name="tearDown" is-config="true" duration-ms="1198" started-at="2018-11-05T03:28:00Z" finished-at="2018-11-05T03:28:01Z">
          <reporter-output>
          </reporter-output>
        </test-method> <!-- tearDown -->
        <test-method status="PASS" signature="setUp()[pri:0, instance:com.cvs.qa.testcases.SignUp4DealTest@25af5db5]" name="setUp" is-config="true" duration-ms="5759" started-at="2018-11-05T03:28:01Z" finished-at="2018-11-05T03:28:07Z">
          <reporter-output>
          </reporter-output>
        </test-method> <!-- setUp -->
        <test-method status="PASS" signature="verifySignU4DealsExcelDataTest(java.lang.String, java.lang.String, java.lang.String, java.lang.String, java.lang.String, java.lang.String, java.lang.String, java.lang.String, java.lang.String, java.lang.String, java.lang.String, java.lang.String)[pri:3, instance:com.cvs.qa.testcases.SignUp4DealTest@25af5db5]" name="verifySignU4DealsExcelDataTest" duration-ms="8395" started-at="2018-11-05T03:28:07Z" data-provider="getCVSTestDataSignUp4Savings" finished-at="2018-11-05T03:28:15Z">
          <params>
            <param index="0">
              <value>
                <![CDATA[shuwaibliaquat1@hotmail.com]]>
              </value>
            </param>
            <param index="1">
              <value>
                <![CDATA[shuwaibliaquat1@hotmail.com]]>
              </value>
            </param>
            <param index="2">
              <value>
                <![CDATA[222222]]>
              </value>
            </param>
            <param index="3">
              <value>
                <![CDATA[Shuwaib4]]>
              </value>
            </param>
            <param index="4">
              <value>
                <![CDATA[Liaquat4]]>
              </value>
            </param>
            <param index="5">
              <value>
                <![CDATA[07508]]>
              </value>
            </param>
            <param index="6">
              <value>
                <![CDATA[01291994]]>
              </value>
            </param>
            <param index="7">
              <value>
                <![CDATA[5555]]>
              </value>
            </param>
            <param index="8">
              <value>
                <![CDATA[Main St]]>
              </value>
            </param>
            <param index="9">
              <value>
                <![CDATA[New York]]>
              </value>
            </param>
            <param index="10">
              <value>
                <![CDATA[NC]]>
              </value>
            </param>
            <param index="11">
              <value>
                <![CDATA[07508]]>
              </value>
            </param>
          </params>
          <reporter-output>
          </reporter-output>
        </test-method> <!-- verifySignU4DealsExcelDataTest -->
        <test-method status="PASS" signature="tearDown()[pri:0, instance:com.cvs.qa.testcases.SignUp4DealTest@25af5db5]" name="tearDown" is-config="true" duration-ms="1438" started-at="2018-11-05T03:28:15Z" finished-at="2018-11-05T03:28:16Z">
          <reporter-output>
          </reporter-output>
        </test-method> <!-- tearDown -->
        <test-method status="PASS" signature="setUp()[pri:0, instance:com.cvs.qa.testcases.SignUp4DealTest@25af5db5]" name="setUp" is-config="true" duration-ms="6274" started-at="2018-11-05T03:28:17Z" finished-at="2018-11-05T03:28:23Z">
          <reporter-output>
          </reporter-output>
        </test-method> <!-- setUp -->
        <test-method status="PASS" signature="verifySignU4DealsExcelDataTest(java.lang.String, java.lang.String, java.lang.String, java.lang.String, java.lang.String, java.lang.String, java.lang.String, java.lang.String, java.lang.String, java.lang.String, java.lang.String, java.lang.String)[pri:3, instance:com.cvs.qa.testcases.SignUp4DealTest@25af5db5]" name="verifySignU4DealsExcelDataTest" duration-ms="6883" started-at="2018-11-05T03:28:23Z" data-provider="getCVSTestDataSignUp4Savings" finished-at="2018-11-05T03:28:30Z">
          <params>
            <param index="0">
              <value>
                <![CDATA[nishat0598@gmail.com]]>
              </value>
            </param>
            <param index="1">
              <value>
                <![CDATA[nishat0598@gmail.com]]>
              </value>
            </param>
            <param index="2">
              <value>
                <![CDATA[123456]]>
              </value>
            </param>
            <param index="3">
              <value>
                <![CDATA[Nishat]]>
              </value>
            </param>
            <param index="4">
              <value>
                <![CDATA[Chowdhury]]>
              </value>
            </param>
            <param index="5">
              <value>
                <![CDATA[48212]]>
              </value>
            </param>
            <param index="6">
              <value>
                <![CDATA[01291995]]>
              </value>
            </param>
            <param index="7">
              <value>
                <![CDATA[3035]]>
              </value>
            </param>
            <param index="8">
              <value>
                <![CDATA[Hollywood Blvd]]>
              </value>
            </param>
            <param index="9">
              <value>
                <![CDATA[Manhattan]]>
              </value>
            </param>
            <param index="10">
              <value>
                <![CDATA[VA]]>
              </value>
            </param>
            <param index="11">
              <value>
                <![CDATA[48212]]>
              </value>
            </param>
          </params>
          <reporter-output>
          </reporter-output>
        </test-method> <!-- verifySignU4DealsExcelDataTest -->
        <test-method status="PASS" signature="tearDown()[pri:0, instance:com.cvs.qa.testcases.SignUp4DealTest@25af5db5]" name="tearDown" is-config="true" duration-ms="1137" started-at="2018-11-05T03:28:30Z" finished-at="2018-11-05T03:28:31Z">
          <reporter-output>
          </reporter-output>
        </test-method> <!-- tearDown -->
      </class> <!-- com.cvs.qa.testcases.SignUp4DealTest -->
    </test> <!--  CVS SignUp4DealTest -->
    <test name=" CVS PharmacyPageTest" duration-ms="12218" started-at="2018-11-05T03:28:31Z" finished-at="2018-11-05T03:28:43Z">
      <class name="com.cvs.qa.testcases.PharmacyTest">
        <test-method status="PASS" signature="setUp()[pri:0, instance:com.cvs.qa.testcases.PharmacyTest@7b69c6ba]" name="setUp" is-config="true" duration-ms="6115" started-at="2018-11-05T03:28:31Z" finished-at="2018-11-05T03:28:37Z">
          <reporter-output>
          </reporter-output>
        </test-method> <!-- setUp -->
        <test-method status="PASS" signature="verifyTransferingRX2CVS()[pri:0, instance:com.cvs.qa.testcases.PharmacyTest@7b69c6ba]" name="verifyTransferingRX2CVS" duration-ms="5159" started-at="2018-11-05T03:28:37Z" finished-at="2018-11-05T03:28:42Z">
          <reporter-output>
          </reporter-output>
        </test-method> <!-- verifyTransferingRX2CVS -->
        <test-method status="PASS" signature="tearDown()[pri:0, instance:com.cvs.qa.testcases.PharmacyTest@7b69c6ba]" name="tearDown" is-config="true" duration-ms="943" started-at="2018-11-05T03:28:42Z" finished-at="2018-11-05T03:28:43Z">
          <reporter-output>
          </reporter-output>
        </test-method> <!-- tearDown -->
      </class> <!-- com.cvs.qa.testcases.PharmacyTest -->
    </test> <!--  CVS PharmacyPageTest -->
  </suite> <!-- CVS Pharmacy Application Test Automation Test Suite -->
</testng-results>
