<?xml version="1.0" encoding="UTF-8"?>
<!-- Generated by org.testng.reporters.JUnitXMLReporter -->
<testsuite hostname="DESKTOP-JEV6767" ignored="2" name=" CVS ExtraCareTest(failed)" tests="1" failures="0" timestamp="18 Oct 2018 07:49:52 GMT" time="13.753" errors="0">
  <testcase name="verifyExtraCareSignInTest" time="6.593" classname="com.cvs.qa.testcases.ExtraCareTest"/>
  <testcase name="verifyExtraCareShoppingCartTest" time="0.0" classname="com.cvs.qa.testcases.ExtraCareTest">
    <ignored/>
  </testcase> <!-- verifyExtraCareShoppingCartTest -->
  <testcase name="verifyExtraCarePageTitleTest" time="0.0" classname="com.cvs.qa.testcases.ExtraCareTest">
    <ignored/>
  </testcase> <!-- verifyExtraCarePageTitleTest -->
</testsuite> <!--  CVS ExtraCareTest(failed) -->
