<?xml version="1.0" encoding="UTF-8"?>
<!-- Generated by org.testng.reporters.JUnitXMLReporter -->
<testsuite hostname="DESKTOP-JEV6767" ignored="1" name=" CVS MinuteClinicPageTest(failed)" tests="4" failures="0" timestamp="18 Oct 2018 07:49:38 GMT" time="135.178" errors="0">
  <testcase name="verifyZipCodeLocaterTest" time="24.852" classname="com.cvs.qa.testcases.MinuteClinicTest"/>
  <testcase name="verifyClinicLocatorPageTitleTest" time="23.939" classname="com.cvs.qa.testcases.MinuteClinicTest">
    <skipped/>
  </testcase> <!-- verifyClinicLocatorPageTitleTest -->
  <testcase name="verifyClinicLocatorPageTitleTest" time="24.295" classname="com.cvs.qa.testcases.MinuteClinicTest">
    <skipped/>
  </testcase> <!-- verifyClinicLocatorPageTitleTest -->
  <testcase name="verifyClinicLocatorPageTitleTest" time="30.276" classname="com.cvs.qa.testcases.MinuteClinicTest"/>
  <testcase name="verifyMinuteClinicPageTitleTest" time="0.0" classname="com.cvs.qa.testcases.MinuteClinicTest">
    <ignored/>
  </testcase> <!-- verifyMinuteClinicPageTitleTest -->
</testsuite> <!--  CVS MinuteClinicPageTest(failed) -->
