<?xml version="1.0" encoding="UTF-8"?>
<!-- Generated by org.testng.reporters.JUnitXMLReporter -->
<testsuite hostname="DESKTOP-JEV6767" ignored="10" name=" CVS HomePageTest(failed)" tests="1" failures="0" timestamp="18 Oct 2018 05:30:57 GMT" time="8.52" errors="0">
  <testcase name="verifyHomePageTitleTest" time="0.097" classname="com.cvs.qa.testcases.HomePageTest"/>
  <testcase name="verifyHomePageLogoTest" time="0.0" classname="com.cvs.qa.testcases.HomePageTest">
    <ignored/>
  </testcase> <!-- verifyHomePageLogoTest -->
  <testcase name="verifyPhotoLinkTest" time="0.0" classname="com.cvs.qa.testcases.HomePageTest">
    <ignored/>
  </testcase> <!-- verifyPhotoLinkTest -->
  <testcase name="verifyMinuteClinicLinkTest" time="0.0" classname="com.cvs.qa.testcases.HomePageTest">
    <ignored/>
  </testcase> <!-- verifyMinuteClinicLinkTest -->
  <testcase name="verifyExtraCareLinkTest" time="0.0" classname="com.cvs.qa.testcases.HomePageTest">
    <ignored/>
  </testcase> <!-- verifyExtraCareLinkTest -->
  <testcase name="verifyStoreLocator24HrsStoreTest" time="0.0" classname="com.cvs.qa.testcases.HomePageTest">
    <ignored/>
  </testcase> <!-- verifyStoreLocator24HrsStoreTest -->
  <testcase name="verifyStoreLocatorTest" time="0.0" classname="com.cvs.qa.testcases.HomePageTest">
    <ignored/>
  </testcase> <!-- verifyStoreLocatorTest -->
  <testcase name="verifyContactLensesTest" time="0.0" classname="com.cvs.qa.testcases.HomePageTest">
    <ignored/>
  </testcase> <!-- verifyContactLensesTest -->
  <testcase name="verifyPharmacyLinkTest" time="0.0" classname="com.cvs.qa.testcases.HomePageTest">
    <ignored/>
  </testcase> <!-- verifyPharmacyLinkTest -->
  <testcase name="verifyShopLinkTest" time="0.0" classname="com.cvs.qa.testcases.HomePageTest">
    <ignored/>
  </testcase> <!-- verifyShopLinkTest -->
  <testcase name="verifySearchBoxTest" time="0.0" classname="com.cvs.qa.testcases.HomePageTest">
    <ignored/>
  </testcase> <!-- verifySearchBoxTest -->
</testsuite> <!--  CVS HomePageTest(failed) -->
